[2023-12-13 07:52:54Z INFO HostContext] No proxy settings were found based on environmental variables (http_proxy/https_proxy/HTTP_PROXY/HTTPS_PROXY)
[2023-12-13 07:52:54Z INFO HostContext] Well known directory 'Bin': 'C:\PowerShell\actions-runner\bin'
[2023-12-13 07:52:54Z INFO HostContext] Well known directory 'Root': 'C:\PowerShell\actions-runner'
[2023-12-13 07:52:54Z INFO HostContext] Well known config file 'Credentials': 'C:\PowerShell\actions-runner\.credentials'
[2023-12-13 07:53:13Z INFO HostContext] Well known directory 'Bin': 'C:\PowerShell\actions-runner\bin'
[2023-12-13 07:53:13Z INFO HostContext] Well known directory 'Root': 'C:\PowerShell\actions-runner'
[2023-12-13 07:53:13Z INFO HostContext] Well known config file 'Runner': 'C:\PowerShell\actions-runner\.runner'
[2023-12-13 07:53:15Z INFO Listener] Runner is built for Windows (X64) - win-x64.
[2023-12-13 07:53:15Z INFO Listener] RuntimeInformation: Microsoft Windows 10.0.23601.
[2023-12-13 07:53:15Z INFO Listener] Version: 2.311.0
[2023-12-13 07:53:15Z INFO Listener] Commit: f5cff308c83746dddd726a9a28a1583872305aaa
[2023-12-13 07:53:15Z INFO Listener] Culture: en-US
[2023-12-13 07:53:15Z INFO Listener] UI Culture: en-US
[2023-12-13 07:53:15Z INFO HostContext] Well known directory 'Bin': 'C:\PowerShell\actions-runner\bin'
[2023-12-13 07:53:15Z INFO HostContext] Well known directory 'Root': 'C:\PowerShell\actions-runner'
[2023-12-13 07:53:15Z INFO Listener] Validating directory permissions for: 'C:\PowerShell\actions-runner'
[2023-12-13 07:53:16Z INFO CommandLineParser] Parse
[2023-12-13 07:53:16Z INFO CommandLineParser] Parsing 3 args
[2023-12-13 07:53:16Z INFO CommandLineParser] parsing argument
[2023-12-13 07:53:16Z INFO CommandLineParser] HasArgs: False
[2023-12-13 07:53:16Z INFO CommandLineParser] Adding Command: run
[2023-12-13 07:53:16Z INFO CommandLineParser] parsing argument
[2023-12-13 07:53:16Z INFO CommandLineParser] HasArgs: True
[2023-12-13 07:53:16Z INFO CommandLineParser] arg: startuptype
[2023-12-13 07:53:16Z INFO CommandLineParser] parsing argument
[2023-12-13 07:53:16Z INFO CommandLineParser] HasArgs: True
[2023-12-13 07:53:16Z INFO CommandLineParser] Adding option 'startuptype': 'service'
[2023-12-13 07:53:16Z INFO Listener] Arguments parsed
[2023-12-13 07:53:18Z INFO Runner] ExecuteCommand
[2023-12-13 07:53:18Z INFO ConfigurationStore] currentAssemblyLocation: C:\PowerShell\actions-runner\bin\Runner.Listener.dll
[2023-12-13 07:53:18Z INFO HostContext] Well known directory 'Bin': 'C:\PowerShell\actions-runner\bin'
[2023-12-13 07:53:18Z INFO ConfigurationStore] binPath: C:\PowerShell\actions-runner\bin
[2023-12-13 07:53:18Z INFO HostContext] Well known directory 'Bin': 'C:\PowerShell\actions-runner\bin'
[2023-12-13 07:53:18Z INFO HostContext] Well known directory 'Root': 'C:\PowerShell\actions-runner'
[2023-12-13 07:53:18Z INFO ConfigurationStore] RootFolder: C:\PowerShell\actions-runner
[2023-12-13 07:53:18Z INFO HostContext] Well known directory 'Bin': 'C:\PowerShell\actions-runner\bin'
[2023-12-13 07:53:18Z INFO HostContext] Well known directory 'Root': 'C:\PowerShell\actions-runner'
[2023-12-13 07:53:18Z INFO HostContext] Well known config file 'Runner': 'C:\PowerShell\actions-runner\.runner'
[2023-12-13 07:53:18Z INFO ConfigurationStore] ConfigFilePath: C:\PowerShell\actions-runner\.runner
[2023-12-13 07:53:18Z INFO HostContext] Well known directory 'Bin': 'C:\PowerShell\actions-runner\bin'
[2023-12-13 07:53:18Z INFO HostContext] Well known directory 'Root': 'C:\PowerShell\actions-runner'
[2023-12-13 07:53:18Z INFO HostContext] Well known config file 'Credentials': 'C:\PowerShell\actions-runner\.credentials'
[2023-12-13 07:53:18Z INFO ConfigurationStore] CredFilePath: C:\PowerShell\actions-runner\.credentials
[2023-12-13 07:53:18Z INFO HostContext] Well known directory 'Bin': 'C:\PowerShell\actions-runner\bin'
[2023-12-13 07:53:18Z INFO HostContext] Well known directory 'Root': 'C:\PowerShell\actions-runner'
[2023-12-13 07:53:18Z INFO HostContext] Well known config file 'MigratedCredentials': 'C:\PowerShell\actions-runner\.credentials_migrated'
[2023-12-13 07:53:18Z INFO ConfigurationStore] MigratedCredFilePath: C:\PowerShell\actions-runner\.credentials_migrated
[2023-12-13 07:53:18Z INFO HostContext] Well known directory 'Bin': 'C:\PowerShell\actions-runner\bin'
[2023-12-13 07:53:18Z INFO HostContext] Well known directory 'Root': 'C:\PowerShell\actions-runner'
[2023-12-13 07:53:18Z INFO HostContext] Well known config file 'Service': 'C:\PowerShell\actions-runner\.service'
[2023-12-13 07:53:18Z INFO ConfigurationStore] ServiceConfigFilePath: C:\PowerShell\actions-runner\.service
[2023-12-13 07:53:18Z INFO CommandSettings] Flag 'help': 'False'
[2023-12-13 07:53:18Z INFO CommandSettings] Flag 'version': 'False'
[2023-12-13 07:53:18Z INFO CommandSettings] Flag 'commit': 'False'
[2023-12-13 07:53:18Z INFO CommandSettings] Flag 'check': 'False'
[2023-12-13 07:53:18Z INFO CommandSettings] Command 'configure': 'False'
[2023-12-13 07:53:18Z INFO CommandSettings] Command 'remove': 'False'
[2023-12-13 07:53:18Z INFO CommandSettings] Command 'warmup': 'False'
[2023-12-13 07:53:18Z INFO ConfigurationManager] LoadSettings
[2023-12-13 07:53:18Z INFO ConfigurationStore] IsConfigured()
[2023-12-13 07:53:18Z INFO ConfigurationStore] IsConfigured: True
[2023-12-13 07:53:18Z INFO ConfigurationManager] Is configured: True
[2023-12-13 07:53:18Z INFO ConfigurationStore] Read setting file: 315 chars
[2023-12-13 07:53:18Z INFO ConfigurationManager] Settings Loaded
[2023-12-13 07:53:18Z INFO ConfigurationStore] IsServiceConfigured()
[2023-12-13 07:53:18Z INFO ConfigurationStore] IsServiceConfigured: True
[2023-12-13 07:53:18Z INFO CommandSettings] Command 'run': 'True'
[2023-12-13 07:53:18Z INFO ConfigurationStore] IsConfigured()
[2023-12-13 07:53:18Z INFO ConfigurationStore] IsConfigured: True
[2023-12-13 07:53:18Z INFO ConfigurationManager] Is configured: True
[2023-12-13 07:53:18Z INFO Runner] Set runner startup type - Service
[2023-12-13 07:53:18Z INFO CommandSettings] Flag 'once': 'False'
[2023-12-13 07:53:18Z INFO CommandSettings] Flag 'once': 'False'
[2023-12-13 07:53:18Z INFO Runner] RunAsync
[2023-12-13 07:53:18Z INFO ConfigurationManager] LoadSettings
[2023-12-13 07:53:18Z INFO ConfigurationStore] IsConfigured()
[2023-12-13 07:53:18Z INFO ConfigurationStore] IsConfigured: True
[2023-12-13 07:53:18Z INFO ConfigurationManager] Is configured: True
[2023-12-13 07:53:18Z INFO ConfigurationManager] Settings Loaded
[2023-12-13 07:53:18Z INFO MessageListener] {
  "AgentId": 2,
  "AgentName": "8QSMSZ2",
  "PoolId": 1,
  "PoolName": "Default",
  "ServerUrl": "https://pipelinesghubeus25.actions.githubusercontent.com/iYYAtSsEqUweqpQfm0p1oER9WBE6Vr5KUnINGthomCyY3bNhMO/",
  "GitHubUrl": "https://github.com/tannerpresscorp/PowerShell",
  "WorkFolder": "_self-hosted"
}
[2023-12-13 07:53:18Z INFO MessageListener] Loading Credentials
[2023-12-13 07:53:18Z INFO ConfigurationStore] HasCredentials()
[2023-12-13 07:53:18Z INFO ConfigurationStore] stored True
[2023-12-13 07:53:18Z INFO CredentialManager] GetCredentialProvider
[2023-12-13 07:53:18Z INFO CredentialManager] Creating type OAuth
[2023-12-13 07:53:18Z INFO CredentialManager] Creating credential type: OAuth
[2023-12-13 07:53:19Z INFO HostContext] Well known directory 'Bin': 'C:\PowerShell\actions-runner\bin'
[2023-12-13 07:53:19Z INFO HostContext] Well known directory 'Root': 'C:\PowerShell\actions-runner'
[2023-12-13 07:53:19Z INFO HostContext] Well known config file 'RSACredentials': 'C:\PowerShell\actions-runner\.credentials_rsaparams'
[2023-12-13 07:53:19Z INFO RSAEncryptedFileKeyManager] Loading RSA key parameters from file C:\PowerShell\actions-runner\.credentials_rsaparams
[2023-12-13 07:53:20Z INFO MessageListener] Attempt to create session.
[2023-12-13 07:53:20Z INFO MessageListener] Connecting to the Runner Server...
[2023-12-13 07:53:20Z INFO RunnerServer] EstablishVssConnection
[2023-12-13 07:53:20Z INFO RunnerServer] Establish connection with 100 seconds timeout.
[2023-12-13 07:53:26Z INFO GitHubActionsService] Starting operation Location.GetConnectionData
[2023-12-13 07:53:28Z INFO RunnerServer] EstablishVssConnection
[2023-12-13 07:53:28Z INFO RunnerServer] Establish connection with 60 seconds timeout.
[2023-12-13 07:53:29Z INFO GitHubActionsService] Starting operation Location.GetConnectionData
[2023-12-13 07:53:29Z INFO RunnerServer] EstablishVssConnection
[2023-12-13 07:53:29Z INFO RunnerServer] Establish connection with 60 seconds timeout.
[2023-12-13 07:53:29Z INFO GitHubActionsService] Starting operation Location.GetConnectionData
[2023-12-13 07:53:39Z INFO GitHubActionsService] Finished operation Location.GetConnectionData
[2023-12-13 07:53:39Z INFO GitHubActionsService] Finished operation Location.GetConnectionData
[2023-12-13 07:53:39Z INFO GitHubActionsService] Finished operation Location.GetConnectionData
[2023-12-13 07:53:41Z INFO MessageListener] VssConnection created
[2023-12-13 07:53:41Z INFO Terminal] WRITE LINE: 
[2023-12-13 07:53:41Z INFO Terminal] WRITE LINE: 
[2023-12-13 07:53:43Z INFO RSAEncryptedFileKeyManager] Loading RSA key parameters from file C:\PowerShell\actions-runner\.credentials_rsaparams
[2023-12-13 07:53:44Z INFO RSAEncryptedFileKeyManager] Loading RSA key parameters from file C:\PowerShell\actions-runner\.credentials_rsaparams
[2023-12-13 07:53:47Z INFO GitHubActionsService] AAD Correlation ID for this token request: Unknown
[2023-12-13 07:53:47Z WARN GitHubActionsService] Retrieving an AAD auth token took a long time (3.8461361 seconds)
[2023-12-13 07:53:48Z INFO MessageListener] Session created.
[2023-12-13 07:53:48Z INFO Terminal] WRITE LINE: Current runner version: '2.311.0'
[2023-12-13 07:53:50Z INFO Terminal] WRITE LINE: 2023-12-13 07:53:48Z: Listening for Jobs
[2023-12-13 07:53:50Z INFO JobDispatcher] Set runner/worker IPC timeout to 30 seconds.
[2023-12-13 08:23:59Z INFO MessageListener] No message retrieved from session '9384fac5-775b-4d84-ad69-eeedeb8573e3' within last 30 minutes.
[2023-12-13 08:49:15Z INFO RSAEncryptedFileKeyManager] Loading RSA key parameters from file C:\PowerShell\actions-runner\.credentials_rsaparams
[2023-12-13 08:49:16Z INFO GitHubActionsService] AAD Correlation ID for this token request: Unknown
[2023-12-13 08:54:21Z INFO MessageListener] No message retrieved from session '9384fac5-775b-4d84-ad69-eeedeb8573e3' within last 30 minutes.
[2023-12-13 09:24:40Z INFO MessageListener] No message retrieved from session '9384fac5-775b-4d84-ad69-eeedeb8573e3' within last 30 minutes.
[2023-12-13 09:44:49Z INFO RSAEncryptedFileKeyManager] Loading RSA key parameters from file C:\PowerShell\actions-runner\.credentials_rsaparams
[2023-12-13 09:44:50Z INFO GitHubActionsService] AAD Correlation ID for this token request: Unknown
[2023-12-13 09:54:53Z INFO MessageListener] No message retrieved from session '9384fac5-775b-4d84-ad69-eeedeb8573e3' within last 30 minutes.
[2023-12-13 10:25:06Z INFO MessageListener] No message retrieved from session '9384fac5-775b-4d84-ad69-eeedeb8573e3' within last 30 minutes.
[2023-12-13 10:40:20Z INFO RSAEncryptedFileKeyManager] Loading RSA key parameters from file C:\PowerShell\actions-runner\.credentials_rsaparams
[2023-12-13 10:40:22Z INFO GitHubActionsService] AAD Correlation ID for this token request: Unknown
[2023-12-13 10:40:22Z WARN GitHubActionsService] Retrieving an AAD auth token took a long time (2.5829226 seconds)
[2023-12-13 10:55:28Z INFO MessageListener] No message retrieved from session '9384fac5-775b-4d84-ad69-eeedeb8573e3' within last 30 minutes.
[2023-12-13 11:25:40Z INFO MessageListener] No message retrieved from session '9384fac5-775b-4d84-ad69-eeedeb8573e3' within last 30 minutes.
[2023-12-13 11:35:42Z INFO RSAEncryptedFileKeyManager] Loading RSA key parameters from file C:\PowerShell\actions-runner\.credentials_rsaparams
[2023-12-13 11:35:43Z INFO GitHubActionsService] AAD Correlation ID for this token request: Unknown
[2023-12-13 11:55:47Z INFO MessageListener] No message retrieved from session '9384fac5-775b-4d84-ad69-eeedeb8573e3' within last 30 minutes.
[2023-12-13 12:25:57Z INFO MessageListener] No message retrieved from session '9384fac5-775b-4d84-ad69-eeedeb8573e3' within last 30 minutes.
[2023-12-13 12:30:02Z INFO HostContext] Runner will be shutdown for UserCancelled
[2023-12-13 12:30:02Z WARN GitHubActionsService] GET request to https://pipelinesghubeus25.actions.githubusercontent.com/iYYAtSsEqUweqpQfm0p1oER9WBE6Vr5KUnINGthomCyY3bNhMO/_apis/distributedtask/pools/1/messages?sessionId=9384fac5-775b-4d84-ad69-eeedeb8573e3&status=Online&runnerVersion=2.311.0&os=Windows&architecture=X64 has been cancelled.
[2023-12-13 12:30:02Z INFO MessageListener] Get next message has been cancelled.
[2023-12-13 12:30:02Z INFO JobDispatcher] Shutting down JobDispatcher. Make sure all WorkerDispatcher has finished.
[2023-12-13 12:30:03Z INFO Listener] Runner execution been cancelled.
