[2023-12-12 09:39:50Z INFO HostContext] No proxy settings were found based on environmental variables (http_proxy/https_proxy/HTTP_PROXY/HTTPS_PROXY)
[2023-12-12 09:39:51Z INFO HostContext] Well known directory 'Bin': 'C:\PowerShell\actions-runner\bin'
[2023-12-12 09:39:51Z INFO HostContext] Well known directory 'Root': 'C:\PowerShell\actions-runner'
[2023-12-12 09:39:51Z INFO HostContext] Well known config file 'Credentials': 'C:\PowerShell\actions-runner\.credentials'
[2023-12-12 09:39:56Z INFO HostContext] Well known directory 'Bin': 'C:\PowerShell\actions-runner\bin'
[2023-12-12 09:39:56Z INFO HostContext] Well known directory 'Root': 'C:\PowerShell\actions-runner'
[2023-12-12 09:39:56Z INFO HostContext] Well known config file 'Runner': 'C:\PowerShell\actions-runner\.runner'
[2023-12-12 09:39:56Z INFO Listener] Runner is built for Windows (X64) - win-x64.
[2023-12-12 09:39:56Z INFO Listener] RuntimeInformation: Microsoft Windows 10.0.19045.
[2023-12-12 09:39:57Z INFO Listener] Version: 2.311.0
[2023-12-12 09:39:57Z INFO Listener] Commit: f5cff308c83746dddd726a9a28a1583872305aaa
[2023-12-12 09:39:57Z INFO Listener] Culture: en-US
[2023-12-12 09:39:57Z INFO Listener] UI Culture: en-US
[2023-12-12 09:39:57Z INFO HostContext] Well known directory 'Bin': 'C:\PowerShell\actions-runner\bin'
[2023-12-12 09:39:57Z INFO HostContext] Well known directory 'Root': 'C:\PowerShell\actions-runner'
[2023-12-12 09:39:57Z INFO Listener] Validating directory permissions for: 'C:\PowerShell\actions-runner'
[2023-12-12 09:39:57Z INFO CommandLineParser] Parse
[2023-12-12 09:39:57Z INFO CommandLineParser] Parsing 3 args
[2023-12-12 09:39:57Z INFO CommandLineParser] parsing argument
[2023-12-12 09:39:57Z INFO CommandLineParser] HasArgs: False
[2023-12-12 09:39:57Z INFO CommandLineParser] Adding Command: run
[2023-12-12 09:39:57Z INFO CommandLineParser] parsing argument
[2023-12-12 09:39:57Z INFO CommandLineParser] HasArgs: True
[2023-12-12 09:39:57Z INFO CommandLineParser] arg: startuptype
[2023-12-12 09:39:57Z INFO CommandLineParser] parsing argument
[2023-12-12 09:39:57Z INFO CommandLineParser] HasArgs: True
[2023-12-12 09:39:57Z INFO CommandLineParser] Adding option 'startuptype': 'service'
[2023-12-12 09:39:57Z INFO Listener] Arguments parsed
[2023-12-12 09:39:57Z INFO Runner] ExecuteCommand
[2023-12-12 09:39:57Z INFO ConfigurationStore] currentAssemblyLocation: C:\PowerShell\actions-runner\bin\Runner.Listener.dll
[2023-12-12 09:39:57Z INFO HostContext] Well known directory 'Bin': 'C:\PowerShell\actions-runner\bin'
[2023-12-12 09:39:57Z INFO ConfigurationStore] binPath: C:\PowerShell\actions-runner\bin
[2023-12-12 09:39:57Z INFO HostContext] Well known directory 'Bin': 'C:\PowerShell\actions-runner\bin'
[2023-12-12 09:39:57Z INFO HostContext] Well known directory 'Root': 'C:\PowerShell\actions-runner'
[2023-12-12 09:39:57Z INFO ConfigurationStore] RootFolder: C:\PowerShell\actions-runner
[2023-12-12 09:39:57Z INFO HostContext] Well known directory 'Bin': 'C:\PowerShell\actions-runner\bin'
[2023-12-12 09:39:57Z INFO HostContext] Well known directory 'Root': 'C:\PowerShell\actions-runner'
[2023-12-12 09:39:57Z INFO HostContext] Well known config file 'Runner': 'C:\PowerShell\actions-runner\.runner'
[2023-12-12 09:39:57Z INFO ConfigurationStore] ConfigFilePath: C:\PowerShell\actions-runner\.runner
[2023-12-12 09:39:57Z INFO HostContext] Well known directory 'Bin': 'C:\PowerShell\actions-runner\bin'
[2023-12-12 09:39:57Z INFO HostContext] Well known directory 'Root': 'C:\PowerShell\actions-runner'
[2023-12-12 09:39:57Z INFO HostContext] Well known config file 'Credentials': 'C:\PowerShell\actions-runner\.credentials'
[2023-12-12 09:39:57Z INFO ConfigurationStore] CredFilePath: C:\PowerShell\actions-runner\.credentials
[2023-12-12 09:39:57Z INFO HostContext] Well known directory 'Bin': 'C:\PowerShell\actions-runner\bin'
[2023-12-12 09:39:57Z INFO HostContext] Well known directory 'Root': 'C:\PowerShell\actions-runner'
[2023-12-12 09:39:57Z INFO HostContext] Well known config file 'MigratedCredentials': 'C:\PowerShell\actions-runner\.credentials_migrated'
[2023-12-12 09:39:57Z INFO ConfigurationStore] MigratedCredFilePath: C:\PowerShell\actions-runner\.credentials_migrated
[2023-12-12 09:39:57Z INFO HostContext] Well known directory 'Bin': 'C:\PowerShell\actions-runner\bin'
[2023-12-12 09:39:57Z INFO HostContext] Well known directory 'Root': 'C:\PowerShell\actions-runner'
[2023-12-12 09:39:57Z INFO HostContext] Well known config file 'Service': 'C:\PowerShell\actions-runner\.service'
[2023-12-12 09:39:57Z INFO ConfigurationStore] ServiceConfigFilePath: C:\PowerShell\actions-runner\.service
[2023-12-12 09:39:57Z INFO CommandSettings] Flag 'help': 'False'
[2023-12-12 09:39:57Z INFO CommandSettings] Flag 'version': 'False'
[2023-12-12 09:39:57Z INFO CommandSettings] Flag 'commit': 'False'
[2023-12-12 09:39:57Z INFO CommandSettings] Flag 'check': 'False'
[2023-12-12 09:39:57Z INFO CommandSettings] Command 'configure': 'False'
[2023-12-12 09:39:57Z INFO CommandSettings] Command 'remove': 'False'
[2023-12-12 09:39:57Z INFO CommandSettings] Command 'warmup': 'False'
[2023-12-12 09:39:57Z INFO ConfigurationManager] LoadSettings
[2023-12-12 09:39:57Z INFO ConfigurationStore] IsConfigured()
[2023-12-12 09:39:57Z INFO ConfigurationStore] IsConfigured: True
[2023-12-12 09:39:57Z INFO ConfigurationManager] Is configured: True
[2023-12-12 09:39:57Z INFO ConfigurationStore] Read setting file: 315 chars
[2023-12-12 09:39:57Z INFO ConfigurationManager] Settings Loaded
[2023-12-12 09:39:57Z INFO ConfigurationStore] IsServiceConfigured()
[2023-12-12 09:39:57Z INFO ConfigurationStore] IsServiceConfigured: True
[2023-12-12 09:39:57Z INFO CommandSettings] Command 'run': 'True'
[2023-12-12 09:39:57Z INFO ConfigurationStore] IsConfigured()
[2023-12-12 09:39:57Z INFO ConfigurationStore] IsConfigured: True
[2023-12-12 09:39:57Z INFO ConfigurationManager] Is configured: True
[2023-12-12 09:39:57Z INFO Runner] Set runner startup type - Service
[2023-12-12 09:39:57Z INFO CommandSettings] Flag 'once': 'False'
[2023-12-12 09:39:57Z INFO CommandSettings] Flag 'once': 'False'
[2023-12-12 09:39:57Z INFO Runner] RunAsync
[2023-12-12 09:39:57Z INFO ConfigurationManager] LoadSettings
[2023-12-12 09:39:57Z INFO ConfigurationStore] IsConfigured()
[2023-12-12 09:39:57Z INFO ConfigurationStore] IsConfigured: True
[2023-12-12 09:39:57Z INFO ConfigurationManager] Is configured: True
[2023-12-12 09:39:57Z INFO ConfigurationManager] Settings Loaded
[2023-12-12 09:39:57Z INFO MessageListener] {
  "AgentId": 2,
  "AgentName": "8QSMSZ2",
  "PoolId": 1,
  "PoolName": "Default",
  "ServerUrl": "https://pipelinesghubeus25.actions.githubusercontent.com/iYYAtSsEqUweqpQfm0p1oER9WBE6Vr5KUnINGthomCyY3bNhMO/",
  "GitHubUrl": "https://github.com/tannerpresscorp/PowerShell",
  "WorkFolder": "_self-hosted"
}
[2023-12-12 09:39:57Z INFO MessageListener] Loading Credentials
[2023-12-12 09:39:57Z INFO ConfigurationStore] HasCredentials()
[2023-12-12 09:39:57Z INFO ConfigurationStore] stored True
[2023-12-12 09:39:57Z INFO CredentialManager] GetCredentialProvider
[2023-12-12 09:39:57Z INFO CredentialManager] Creating type OAuth
[2023-12-12 09:39:57Z INFO CredentialManager] Creating credential type: OAuth
[2023-12-12 09:39:58Z INFO HostContext] Well known directory 'Bin': 'C:\PowerShell\actions-runner\bin'
[2023-12-12 09:39:58Z INFO HostContext] Well known directory 'Root': 'C:\PowerShell\actions-runner'
[2023-12-12 09:39:58Z INFO HostContext] Well known config file 'RSACredentials': 'C:\PowerShell\actions-runner\.credentials_rsaparams'
[2023-12-12 09:39:58Z INFO RSAEncryptedFileKeyManager] Loading RSA key parameters from file C:\PowerShell\actions-runner\.credentials_rsaparams
[2023-12-12 09:39:58Z INFO MessageListener] Attempt to create session.
[2023-12-12 09:39:58Z INFO MessageListener] Connecting to the Runner Server...
[2023-12-12 09:39:58Z INFO RunnerServer] EstablishVssConnection
[2023-12-12 09:39:58Z INFO RunnerServer] Establish connection with 100 seconds timeout.
[2023-12-12 09:40:01Z INFO GitHubActionsService] Starting operation Location.GetConnectionData
[2023-12-12 09:40:01Z INFO RunnerServer] EstablishVssConnection
[2023-12-12 09:40:01Z INFO RunnerServer] Establish connection with 60 seconds timeout.
[2023-12-12 09:40:01Z INFO GitHubActionsService] Starting operation Location.GetConnectionData
[2023-12-12 09:40:01Z INFO RunnerServer] EstablishVssConnection
[2023-12-12 09:40:01Z INFO RunnerServer] Establish connection with 60 seconds timeout.
[2023-12-12 09:40:01Z INFO GitHubActionsService] Starting operation Location.GetConnectionData
[2023-12-12 09:40:03Z INFO GitHubActionsService] Finished operation Location.GetConnectionData
[2023-12-12 09:40:03Z INFO GitHubActionsService] Finished operation Location.GetConnectionData
[2023-12-12 09:40:03Z INFO GitHubActionsService] Finished operation Location.GetConnectionData
[2023-12-12 09:40:03Z INFO MessageListener] VssConnection created
[2023-12-12 09:40:03Z INFO Terminal] WRITE LINE: 
[2023-12-12 09:40:04Z INFO Terminal] WRITE LINE: 
[2023-12-12 09:40:04Z INFO RSAEncryptedFileKeyManager] Loading RSA key parameters from file C:\PowerShell\actions-runner\.credentials_rsaparams
[2023-12-12 09:40:04Z INFO RSAEncryptedFileKeyManager] Loading RSA key parameters from file C:\PowerShell\actions-runner\.credentials_rsaparams
[2023-12-12 09:40:05Z INFO GitHubActionsService] AAD Correlation ID for this token request: Unknown
[2023-12-12 09:40:05Z INFO MessageListener] Session created.
[2023-12-12 09:40:05Z INFO Terminal] WRITE LINE: Current runner version: '2.311.0'
[2023-12-12 09:40:06Z INFO Terminal] WRITE LINE: 2023-12-12 09:40:05Z: Listening for Jobs
[2023-12-12 09:40:06Z INFO JobDispatcher] Set runner/worker IPC timeout to 30 seconds.
[2023-12-12 09:57:00Z WARN GitHubActionsService] GET request to https://pipelinesghubeus25.actions.githubusercontent.com/iYYAtSsEqUweqpQfm0p1oER9WBE6Vr5KUnINGthomCyY3bNhMO/_apis/distributedtask/pools/1/messages?sessionId=39a3b371-8257-4440-922c-a56aae101255&status=Online&runnerVersion=2.311.0&os=Windows&architecture=X64 timed out after 60 seconds.
[2023-12-12 09:57:00Z ERR  MessageListener] Catch exception during get next message.
[2023-12-12 09:57:01Z ERR  MessageListener] System.TimeoutException: The HTTP request timed out after 00:01:00.
 ---> System.Threading.Tasks.TaskCanceledException: The operation was canceled.
 ---> System.IO.IOException: Unable to read data from the transport connection: The I/O operation has been aborted because of either a thread exit or an application request..
 ---> System.Net.Sockets.SocketException (995): The I/O operation has been aborted because of either a thread exit or an application request.
   --- End of inner exception stack trace ---
   at System.Net.Sockets.Socket.AwaitableSocketAsyncEventArgs.ThrowException(SocketError error, CancellationToken cancellationToken)
   at System.Net.Sockets.Socket.AwaitableSocketAsyncEventArgs.System.Threading.Tasks.Sources.IValueTaskSource<System.Int32>.GetResult(Int16 token)
   at System.Net.Security.SslStream.EnsureFullTlsFrameAsync[TIOAdapter](TIOAdapter adapter)
   at System.Net.Security.SslStream.ReadAsyncInternal[TIOAdapter](TIOAdapter adapter, Memory`1 buffer)
   at System.Net.Http.HttpConnection.SendAsyncCore(HttpRequestMessage request, Boolean async, CancellationToken cancellationToken)
   --- End of inner exception stack trace ---
   at System.Net.Http.HttpConnection.SendAsyncCore(HttpRequestMessage request, Boolean async, CancellationToken cancellationToken)
   at System.Net.Http.AuthenticationHelper.SendWithNtAuthAsync(HttpRequestMessage request, Uri authUri, Boolean async, ICredentials credentials, Boolean isProxyAuth, HttpConnection connection, HttpConnectionPool connectionPool, CancellationToken cancellationToken)
   at System.Net.Http.HttpConnectionPool.SendWithVersionDetectionAndRetryAsync(HttpRequestMessage request, Boolean async, Boolean doRequestAuth, CancellationToken cancellationToken)
   at System.Net.Http.AuthenticationHelper.SendWithAuthAsync(HttpRequestMessage request, Uri authUri, Boolean async, ICredentials credentials, Boolean preAuthenticate, Boolean isProxyAuth, Boolean doRequestAuth, HttpConnectionPool pool, CancellationToken cancellationToken)
   at System.Net.Http.DecompressionHandler.SendAsync(HttpRequestMessage request, Boolean async, CancellationToken cancellationToken)
   at GitHub.Services.Common.VssHttpMessageHandler.SendAsync(HttpRequestMessage request, CancellationToken cancellationToken)
   --- End of inner exception stack trace ---
   at GitHub.Services.Common.VssHttpMessageHandler.SendAsync(HttpRequestMessage request, CancellationToken cancellationToken)
   at GitHub.Services.Common.VssHttpRetryMessageHandler.SendAsync(HttpRequestMessage request, CancellationToken cancellationToken)
   at System.Net.Http.HttpClient.<SendAsync>g__Core|83_0(HttpRequestMessage request, HttpCompletionOption completionOption, CancellationTokenSource cts, Boolean disposeCts, CancellationTokenSource pendingRequestsCts, CancellationToken originalCancellationToken)
   at GitHub.Services.WebApi.VssHttpClientBase.SendAsync(HttpRequestMessage message, HttpCompletionOption completionOption, Object userState, CancellationToken cancellationToken)
   at GitHub.Services.WebApi.VssHttpClientBase.SendAsync[T](HttpRequestMessage message, Object userState, CancellationToken cancellationToken)
   at GitHub.Services.WebApi.VssHttpClientBase.SendAsync[T](HttpMethod method, IEnumerable`1 additionalHeaders, Guid locationId, Object routeValues, ApiResourceVersion version, HttpContent content, IEnumerable`1 queryParameters, Object userState, CancellationToken cancellationToken)
   at GitHub.Runner.Listener.MessageListener.GetNextMessageAsync(CancellationToken token)
[2023-12-12 09:57:01Z ERR  MessageListener] #####################################################
[2023-12-12 09:57:01Z ERR  MessageListener] System.Threading.Tasks.TaskCanceledException: The operation was canceled.
 ---> System.IO.IOException: Unable to read data from the transport connection: The I/O operation has been aborted because of either a thread exit or an application request..
 ---> System.Net.Sockets.SocketException (995): The I/O operation has been aborted because of either a thread exit or an application request.
   --- End of inner exception stack trace ---
   at System.Net.Sockets.Socket.AwaitableSocketAsyncEventArgs.ThrowException(SocketError error, CancellationToken cancellationToken)
   at System.Net.Sockets.Socket.AwaitableSocketAsyncEventArgs.System.Threading.Tasks.Sources.IValueTaskSource<System.Int32>.GetResult(Int16 token)
   at System.Net.Security.SslStream.EnsureFullTlsFrameAsync[TIOAdapter](TIOAdapter adapter)
   at System.Net.Security.SslStream.ReadAsyncInternal[TIOAdapter](TIOAdapter adapter, Memory`1 buffer)
   at System.Net.Http.HttpConnection.SendAsyncCore(HttpRequestMessage request, Boolean async, CancellationToken cancellationToken)
   --- End of inner exception stack trace ---
   at System.Net.Http.HttpConnection.SendAsyncCore(HttpRequestMessage request, Boolean async, CancellationToken cancellationToken)
   at System.Net.Http.AuthenticationHelper.SendWithNtAuthAsync(HttpRequestMessage request, Uri authUri, Boolean async, ICredentials credentials, Boolean isProxyAuth, HttpConnection connection, HttpConnectionPool connectionPool, CancellationToken cancellationToken)
   at System.Net.Http.HttpConnectionPool.SendWithVersionDetectionAndRetryAsync(HttpRequestMessage request, Boolean async, Boolean doRequestAuth, CancellationToken cancellationToken)
   at System.Net.Http.AuthenticationHelper.SendWithAuthAsync(HttpRequestMessage request, Uri authUri, Boolean async, ICredentials credentials, Boolean preAuthenticate, Boolean isProxyAuth, Boolean doRequestAuth, HttpConnectionPool pool, CancellationToken cancellationToken)
   at System.Net.Http.DecompressionHandler.SendAsync(HttpRequestMessage request, Boolean async, CancellationToken cancellationToken)
   at GitHub.Services.Common.VssHttpMessageHandler.SendAsync(HttpRequestMessage request, CancellationToken cancellationToken)
[2023-12-12 09:57:01Z ERR  MessageListener] #####################################################
[2023-12-12 09:57:01Z ERR  MessageListener] System.IO.IOException: Unable to read data from the transport connection: The I/O operation has been aborted because of either a thread exit or an application request..
 ---> System.Net.Sockets.SocketException (995): The I/O operation has been aborted because of either a thread exit or an application request.
   --- End of inner exception stack trace ---
   at System.Net.Sockets.Socket.AwaitableSocketAsyncEventArgs.ThrowException(SocketError error, CancellationToken cancellationToken)
   at System.Net.Sockets.Socket.AwaitableSocketAsyncEventArgs.System.Threading.Tasks.Sources.IValueTaskSource<System.Int32>.GetResult(Int16 token)
   at System.Net.Security.SslStream.EnsureFullTlsFrameAsync[TIOAdapter](TIOAdapter adapter)
   at System.Net.Security.SslStream.ReadAsyncInternal[TIOAdapter](TIOAdapter adapter, Memory`1 buffer)
   at System.Net.Http.HttpConnection.SendAsyncCore(HttpRequestMessage request, Boolean async, CancellationToken cancellationToken)
[2023-12-12 09:57:01Z ERR  MessageListener] #####################################################
[2023-12-12 09:57:01Z ERR  MessageListener] System.Net.Sockets.SocketException (995): The I/O operation has been aborted because of either a thread exit or an application request.
[2023-12-12 09:57:01Z INFO MessageListener] Retriable exception: The HTTP request timed out after 00:01:00.
[2023-12-12 09:57:01Z ERR  Terminal] WRITE ERROR: 2023-12-12 09:57:01Z: Runner connect error: The HTTP request timed out after 00:01:00.. Retrying until reconnected.
[2023-12-12 09:57:01Z INFO RunnerServer] Refresh MessageQueue VssConnection to get on a different AFD node.
[2023-12-12 09:57:01Z INFO RunnerServer] EstablishVssConnection
[2023-12-12 09:57:01Z INFO RunnerServer] Establish connection with 60 seconds timeout.
[2023-12-12 09:57:01Z INFO GitHubActionsService] Starting operation Location.GetConnectionData
[2023-12-12 09:57:22Z WARN GitHubActionsService] Attempt 1 of GET request to https://pipelinesghubeus25.actions.githubusercontent.com/iYYAtSsEqUweqpQfm0p1oER9WBE6Vr5KUnINGthomCyY3bNhMO/_apis/connectionData?connectOptions=0&lastChangeId=4136963&lastChangeId64=4136963 failed (Socket Error: TimedOut). The operation will be retried in 11.045 seconds.
[2023-12-12 09:58:05Z WARN GitHubActionsService] Attempt 2 of GET request to https://pipelinesghubeus25.actions.githubusercontent.com/iYYAtSsEqUweqpQfm0p1oER9WBE6Vr5KUnINGthomCyY3bNhMO/_apis/connectionData?connectOptions=0&lastChangeId=4136963&lastChangeId64=4136963 failed (Socket Error: TimedOut). The operation will be retried in 12.598 seconds.
[2023-12-12 09:58:21Z INFO HostContext] Runner will be shutdown for UserCancelled
[2023-12-12 09:58:39Z WARN GitHubActionsService] Attempt 3 of GET request to https://pipelinesghubeus25.actions.githubusercontent.com/iYYAtSsEqUweqpQfm0p1oER9WBE6Vr5KUnINGthomCyY3bNhMO/_apis/connectionData?connectOptions=0&lastChangeId=4136963&lastChangeId64=4136963 failed (Socket Error: TimedOut). The operation will be retried in 15.691 seconds.
