[2023-12-13 03:14:35Z INFO HostContext] No proxy settings were found based on environmental variables (http_proxy/https_proxy/HTTP_PROXY/HTTPS_PROXY)
[2023-12-13 03:14:35Z INFO HostContext] Well known directory 'Bin': 'C:\PowerShell\actions-runner\bin'
[2023-12-13 03:14:35Z INFO HostContext] Well known directory 'Root': 'C:\PowerShell\actions-runner'
[2023-12-13 03:14:35Z INFO HostContext] Well known config file 'Credentials': 'C:\PowerShell\actions-runner\.credentials'
[2023-12-13 03:14:37Z INFO HostContext] Well known directory 'Bin': 'C:\PowerShell\actions-runner\bin'
[2023-12-13 03:14:37Z INFO HostContext] Well known directory 'Root': 'C:\PowerShell\actions-runner'
[2023-12-13 03:14:37Z INFO HostContext] Well known config file 'Runner': 'C:\PowerShell\actions-runner\.runner'
[2023-12-13 03:14:37Z INFO Listener] Runner is built for Windows (X64) - win-x64.
[2023-12-13 03:14:37Z INFO Listener] RuntimeInformation: Microsoft Windows 10.0.23601.
[2023-12-13 03:14:37Z INFO Listener] Version: 2.311.0
[2023-12-13 03:14:37Z INFO Listener] Commit: f5cff308c83746dddd726a9a28a1583872305aaa
[2023-12-13 03:14:37Z INFO Listener] Culture: en-US
[2023-12-13 03:14:37Z INFO Listener] UI Culture: en-US
[2023-12-13 03:14:37Z INFO HostContext] Well known directory 'Bin': 'C:\PowerShell\actions-runner\bin'
[2023-12-13 03:14:37Z INFO HostContext] Well known directory 'Root': 'C:\PowerShell\actions-runner'
[2023-12-13 03:14:37Z INFO Listener] Validating directory permissions for: 'C:\PowerShell\actions-runner'
[2023-12-13 03:14:37Z INFO CommandLineParser] Parse
[2023-12-13 03:14:37Z INFO CommandLineParser] Parsing 3 args
[2023-12-13 03:14:37Z INFO CommandLineParser] parsing argument
[2023-12-13 03:14:37Z INFO CommandLineParser] HasArgs: False
[2023-12-13 03:14:37Z INFO CommandLineParser] Adding Command: run
[2023-12-13 03:14:37Z INFO CommandLineParser] parsing argument
[2023-12-13 03:14:37Z INFO CommandLineParser] HasArgs: True
[2023-12-13 03:14:37Z INFO CommandLineParser] arg: startuptype
[2023-12-13 03:14:37Z INFO CommandLineParser] parsing argument
[2023-12-13 03:14:37Z INFO CommandLineParser] HasArgs: True
[2023-12-13 03:14:37Z INFO CommandLineParser] Adding option 'startuptype': 'service'
[2023-12-13 03:14:37Z INFO Listener] Arguments parsed
[2023-12-13 03:14:37Z INFO Runner] ExecuteCommand
[2023-12-13 03:14:37Z INFO ConfigurationStore] currentAssemblyLocation: C:\PowerShell\actions-runner\bin\Runner.Listener.dll
[2023-12-13 03:14:37Z INFO HostContext] Well known directory 'Bin': 'C:\PowerShell\actions-runner\bin'
[2023-12-13 03:14:37Z INFO ConfigurationStore] binPath: C:\PowerShell\actions-runner\bin
[2023-12-13 03:14:37Z INFO HostContext] Well known directory 'Bin': 'C:\PowerShell\actions-runner\bin'
[2023-12-13 03:14:37Z INFO HostContext] Well known directory 'Root': 'C:\PowerShell\actions-runner'
[2023-12-13 03:14:37Z INFO ConfigurationStore] RootFolder: C:\PowerShell\actions-runner
[2023-12-13 03:14:37Z INFO HostContext] Well known directory 'Bin': 'C:\PowerShell\actions-runner\bin'
[2023-12-13 03:14:37Z INFO HostContext] Well known directory 'Root': 'C:\PowerShell\actions-runner'
[2023-12-13 03:14:37Z INFO HostContext] Well known config file 'Runner': 'C:\PowerShell\actions-runner\.runner'
[2023-12-13 03:14:37Z INFO ConfigurationStore] ConfigFilePath: C:\PowerShell\actions-runner\.runner
[2023-12-13 03:14:37Z INFO HostContext] Well known directory 'Bin': 'C:\PowerShell\actions-runner\bin'
[2023-12-13 03:14:37Z INFO HostContext] Well known directory 'Root': 'C:\PowerShell\actions-runner'
[2023-12-13 03:14:37Z INFO HostContext] Well known config file 'Credentials': 'C:\PowerShell\actions-runner\.credentials'
[2023-12-13 03:14:37Z INFO ConfigurationStore] CredFilePath: C:\PowerShell\actions-runner\.credentials
[2023-12-13 03:14:37Z INFO HostContext] Well known directory 'Bin': 'C:\PowerShell\actions-runner\bin'
[2023-12-13 03:14:37Z INFO HostContext] Well known directory 'Root': 'C:\PowerShell\actions-runner'
[2023-12-13 03:14:37Z INFO HostContext] Well known config file 'MigratedCredentials': 'C:\PowerShell\actions-runner\.credentials_migrated'
[2023-12-13 03:14:37Z INFO ConfigurationStore] MigratedCredFilePath: C:\PowerShell\actions-runner\.credentials_migrated
[2023-12-13 03:14:37Z INFO HostContext] Well known directory 'Bin': 'C:\PowerShell\actions-runner\bin'
[2023-12-13 03:14:37Z INFO HostContext] Well known directory 'Root': 'C:\PowerShell\actions-runner'
[2023-12-13 03:14:37Z INFO HostContext] Well known config file 'Service': 'C:\PowerShell\actions-runner\.service'
[2023-12-13 03:14:37Z INFO ConfigurationStore] ServiceConfigFilePath: C:\PowerShell\actions-runner\.service
[2023-12-13 03:14:37Z INFO CommandSettings] Flag 'help': 'False'
[2023-12-13 03:14:37Z INFO CommandSettings] Flag 'version': 'False'
[2023-12-13 03:14:37Z INFO CommandSettings] Flag 'commit': 'False'
[2023-12-13 03:14:37Z INFO CommandSettings] Flag 'check': 'False'
[2023-12-13 03:14:37Z INFO CommandSettings] Command 'configure': 'False'
[2023-12-13 03:14:37Z INFO CommandSettings] Command 'remove': 'False'
[2023-12-13 03:14:37Z INFO CommandSettings] Command 'warmup': 'False'
[2023-12-13 03:14:37Z INFO ConfigurationManager] LoadSettings
[2023-12-13 03:14:37Z INFO ConfigurationStore] IsConfigured()
[2023-12-13 03:14:37Z INFO ConfigurationStore] IsConfigured: True
[2023-12-13 03:14:37Z INFO ConfigurationManager] Is configured: True
[2023-12-13 03:14:37Z INFO ConfigurationStore] Read setting file: 315 chars
[2023-12-13 03:14:37Z INFO ConfigurationManager] Settings Loaded
[2023-12-13 03:14:37Z INFO ConfigurationStore] IsServiceConfigured()
[2023-12-13 03:14:37Z INFO ConfigurationStore] IsServiceConfigured: True
[2023-12-13 03:14:37Z INFO CommandSettings] Command 'run': 'True'
[2023-12-13 03:14:37Z INFO ConfigurationStore] IsConfigured()
[2023-12-13 03:14:37Z INFO ConfigurationStore] IsConfigured: True
[2023-12-13 03:14:37Z INFO ConfigurationManager] Is configured: True
[2023-12-13 03:14:37Z INFO Runner] Set runner startup type - Service
[2023-12-13 03:14:37Z INFO CommandSettings] Flag 'once': 'False'
[2023-12-13 03:14:37Z INFO CommandSettings] Flag 'once': 'False'
[2023-12-13 03:14:37Z INFO Runner] RunAsync
[2023-12-13 03:14:38Z INFO ConfigurationManager] LoadSettings
[2023-12-13 03:14:38Z INFO ConfigurationStore] IsConfigured()
[2023-12-13 03:14:38Z INFO ConfigurationStore] IsConfigured: True
[2023-12-13 03:14:38Z INFO ConfigurationManager] Is configured: True
[2023-12-13 03:14:38Z INFO ConfigurationManager] Settings Loaded
[2023-12-13 03:14:38Z INFO MessageListener] {
  "AgentId": 2,
  "AgentName": "8QSMSZ2",
  "PoolId": 1,
  "PoolName": "Default",
  "ServerUrl": "https://pipelinesghubeus25.actions.githubusercontent.com/iYYAtSsEqUweqpQfm0p1oER9WBE6Vr5KUnINGthomCyY3bNhMO/",
  "GitHubUrl": "https://github.com/tannerpresscorp/PowerShell",
  "WorkFolder": "_self-hosted"
}
[2023-12-13 03:14:38Z INFO MessageListener] Loading Credentials
[2023-12-13 03:14:38Z INFO ConfigurationStore] HasCredentials()
[2023-12-13 03:14:38Z INFO ConfigurationStore] stored True
[2023-12-13 03:14:38Z INFO CredentialManager] GetCredentialProvider
[2023-12-13 03:14:38Z INFO CredentialManager] Creating type OAuth
[2023-12-13 03:14:38Z INFO CredentialManager] Creating credential type: OAuth
[2023-12-13 03:14:38Z INFO HostContext] Well known directory 'Bin': 'C:\PowerShell\actions-runner\bin'
[2023-12-13 03:14:38Z INFO HostContext] Well known directory 'Root': 'C:\PowerShell\actions-runner'
[2023-12-13 03:14:38Z INFO HostContext] Well known config file 'RSACredentials': 'C:\PowerShell\actions-runner\.credentials_rsaparams'
[2023-12-13 03:14:38Z INFO RSAEncryptedFileKeyManager] Loading RSA key parameters from file C:\PowerShell\actions-runner\.credentials_rsaparams
[2023-12-13 03:14:38Z INFO MessageListener] Attempt to create session.
[2023-12-13 03:14:38Z INFO MessageListener] Connecting to the Runner Server...
[2023-12-13 03:14:38Z INFO RunnerServer] EstablishVssConnection
[2023-12-13 03:14:38Z INFO RunnerServer] Establish connection with 100 seconds timeout.
[2023-12-13 03:14:39Z INFO GitHubActionsService] Starting operation Location.GetConnectionData
[2023-12-13 03:14:39Z INFO RunnerServer] EstablishVssConnection
[2023-12-13 03:14:39Z INFO RunnerServer] Establish connection with 60 seconds timeout.
[2023-12-13 03:14:39Z INFO GitHubActionsService] Starting operation Location.GetConnectionData
[2023-12-13 03:14:39Z INFO RunnerServer] EstablishVssConnection
[2023-12-13 03:14:39Z INFO RunnerServer] Establish connection with 60 seconds timeout.
[2023-12-13 03:14:39Z INFO GitHubActionsService] Starting operation Location.GetConnectionData
[2023-12-13 03:14:41Z INFO GitHubActionsService] Finished operation Location.GetConnectionData
[2023-12-13 03:14:41Z INFO GitHubActionsService] Finished operation Location.GetConnectionData
[2023-12-13 03:14:41Z INFO GitHubActionsService] Finished operation Location.GetConnectionData
[2023-12-13 03:14:41Z INFO MessageListener] VssConnection created
[2023-12-13 03:14:41Z INFO Terminal] WRITE LINE: 
[2023-12-13 03:14:41Z INFO Terminal] WRITE LINE: 
[2023-12-13 03:14:41Z INFO RSAEncryptedFileKeyManager] Loading RSA key parameters from file C:\PowerShell\actions-runner\.credentials_rsaparams
[2023-12-13 03:14:41Z INFO RSAEncryptedFileKeyManager] Loading RSA key parameters from file C:\PowerShell\actions-runner\.credentials_rsaparams
[2023-12-13 03:14:43Z INFO GitHubActionsService] AAD Correlation ID for this token request: Unknown
[2023-12-13 03:14:43Z INFO MessageListener] Session created.
[2023-12-13 03:14:43Z INFO Terminal] WRITE LINE: Current runner version: '2.311.0'
[2023-12-13 03:14:43Z INFO Terminal] WRITE LINE: 2023-12-13 03:14:43Z: Listening for Jobs
[2023-12-13 03:14:43Z INFO JobDispatcher] Set runner/worker IPC timeout to 30 seconds.
[2023-12-13 03:44:51Z INFO MessageListener] No message retrieved from session '6b46585a-8b4b-4a88-b3b0-8893ecc7da79' within last 30 minutes.
[2023-12-13 04:09:59Z INFO RSAEncryptedFileKeyManager] Loading RSA key parameters from file C:\PowerShell\actions-runner\.credentials_rsaparams
[2023-12-13 04:10:00Z INFO GitHubActionsService] AAD Correlation ID for this token request: Unknown
