[2023-12-12 06:47:13Z INFO HostContext] No proxy settings were found based on environmental variables (http_proxy/https_proxy/HTTP_PROXY/HTTPS_PROXY)
[2023-12-12 06:47:13Z INFO HostContext] Well known directory 'Bin': 'C:\PowerShell\actions-runner\bin'
[2023-12-12 06:47:13Z INFO HostContext] Well known directory 'Root': 'C:\PowerShell\actions-runner'
[2023-12-12 06:47:13Z INFO HostContext] Well known config file 'Credentials': 'C:\PowerShell\actions-runner\.credentials'
[2023-12-12 06:47:13Z INFO HostContext] Well known directory 'Bin': 'C:\PowerShell\actions-runner\bin'
[2023-12-12 06:47:13Z INFO HostContext] Well known directory 'Root': 'C:\PowerShell\actions-runner'
[2023-12-12 06:47:13Z INFO HostContext] Well known config file 'Runner': 'C:\PowerShell\actions-runner\.runner'
[2023-12-12 06:47:13Z INFO Listener] Runner is built for Windows (X64) - win-x64.
[2023-12-12 06:47:13Z INFO Listener] RuntimeInformation: Microsoft Windows 10.0.19045.
[2023-12-12 06:47:13Z INFO Listener] Version: 2.311.0
[2023-12-12 06:47:13Z INFO Listener] Commit: f5cff308c83746dddd726a9a28a1583872305aaa
[2023-12-12 06:47:13Z INFO Listener] Culture: en-US
[2023-12-12 06:47:13Z INFO Listener] UI Culture: en-US
[2023-12-12 06:47:13Z INFO HostContext] Well known directory 'Bin': 'C:\PowerShell\actions-runner\bin'
[2023-12-12 06:47:13Z INFO HostContext] Well known directory 'Root': 'C:\PowerShell\actions-runner'
[2023-12-12 06:47:13Z INFO Listener] Validating directory permissions for: 'C:\PowerShell\actions-runner'
[2023-12-12 06:47:13Z INFO CommandLineParser] Parse
[2023-12-12 06:47:13Z INFO CommandLineParser] Parsing 3 args
[2023-12-12 06:47:13Z INFO CommandLineParser] parsing argument
[2023-12-12 06:47:13Z INFO CommandLineParser] HasArgs: False
[2023-12-12 06:47:13Z INFO CommandLineParser] Adding Command: run
[2023-12-12 06:47:13Z INFO CommandLineParser] parsing argument
[2023-12-12 06:47:13Z INFO CommandLineParser] HasArgs: True
[2023-12-12 06:47:13Z INFO CommandLineParser] arg: startuptype
[2023-12-12 06:47:13Z INFO CommandLineParser] parsing argument
[2023-12-12 06:47:13Z INFO CommandLineParser] HasArgs: True
[2023-12-12 06:47:13Z INFO CommandLineParser] Adding option 'startuptype': 'service'
[2023-12-12 06:47:13Z INFO Listener] Arguments parsed
[2023-12-12 06:47:13Z INFO Runner] ExecuteCommand
[2023-12-12 06:47:13Z INFO ConfigurationStore] currentAssemblyLocation: C:\PowerShell\actions-runner\bin\Runner.Listener.dll
[2023-12-12 06:47:13Z INFO HostContext] Well known directory 'Bin': 'C:\PowerShell\actions-runner\bin'
[2023-12-12 06:47:13Z INFO ConfigurationStore] binPath: C:\PowerShell\actions-runner\bin
[2023-12-12 06:47:13Z INFO HostContext] Well known directory 'Bin': 'C:\PowerShell\actions-runner\bin'
[2023-12-12 06:47:13Z INFO HostContext] Well known directory 'Root': 'C:\PowerShell\actions-runner'
[2023-12-12 06:47:13Z INFO ConfigurationStore] RootFolder: C:\PowerShell\actions-runner
[2023-12-12 06:47:13Z INFO HostContext] Well known directory 'Bin': 'C:\PowerShell\actions-runner\bin'
[2023-12-12 06:47:13Z INFO HostContext] Well known directory 'Root': 'C:\PowerShell\actions-runner'
[2023-12-12 06:47:13Z INFO HostContext] Well known config file 'Runner': 'C:\PowerShell\actions-runner\.runner'
[2023-12-12 06:47:13Z INFO ConfigurationStore] ConfigFilePath: C:\PowerShell\actions-runner\.runner
[2023-12-12 06:47:13Z INFO HostContext] Well known directory 'Bin': 'C:\PowerShell\actions-runner\bin'
[2023-12-12 06:47:13Z INFO HostContext] Well known directory 'Root': 'C:\PowerShell\actions-runner'
[2023-12-12 06:47:13Z INFO HostContext] Well known config file 'Credentials': 'C:\PowerShell\actions-runner\.credentials'
[2023-12-12 06:47:13Z INFO ConfigurationStore] CredFilePath: C:\PowerShell\actions-runner\.credentials
[2023-12-12 06:47:13Z INFO HostContext] Well known directory 'Bin': 'C:\PowerShell\actions-runner\bin'
[2023-12-12 06:47:13Z INFO HostContext] Well known directory 'Root': 'C:\PowerShell\actions-runner'
[2023-12-12 06:47:13Z INFO HostContext] Well known config file 'MigratedCredentials': 'C:\PowerShell\actions-runner\.credentials_migrated'
[2023-12-12 06:47:13Z INFO ConfigurationStore] MigratedCredFilePath: C:\PowerShell\actions-runner\.credentials_migrated
[2023-12-12 06:47:13Z INFO HostContext] Well known directory 'Bin': 'C:\PowerShell\actions-runner\bin'
[2023-12-12 06:47:13Z INFO HostContext] Well known directory 'Root': 'C:\PowerShell\actions-runner'
[2023-12-12 06:47:13Z INFO HostContext] Well known config file 'Service': 'C:\PowerShell\actions-runner\.service'
[2023-12-12 06:47:13Z INFO ConfigurationStore] ServiceConfigFilePath: C:\PowerShell\actions-runner\.service
[2023-12-12 06:47:13Z INFO CommandSettings] Flag 'help': 'False'
[2023-12-12 06:47:13Z INFO CommandSettings] Flag 'version': 'False'
[2023-12-12 06:47:13Z INFO CommandSettings] Flag 'commit': 'False'
[2023-12-12 06:47:13Z INFO CommandSettings] Flag 'check': 'False'
[2023-12-12 06:47:13Z INFO CommandSettings] Command 'configure': 'False'
[2023-12-12 06:47:13Z INFO CommandSettings] Command 'remove': 'False'
[2023-12-12 06:47:13Z INFO CommandSettings] Command 'warmup': 'False'
[2023-12-12 06:47:13Z INFO ConfigurationManager] LoadSettings
[2023-12-12 06:47:13Z INFO ConfigurationStore] IsConfigured()
[2023-12-12 06:47:13Z INFO ConfigurationStore] IsConfigured: True
[2023-12-12 06:47:13Z INFO ConfigurationManager] Is configured: True
[2023-12-12 06:47:13Z INFO ConfigurationStore] Read setting file: 315 chars
[2023-12-12 06:47:13Z INFO ConfigurationManager] Settings Loaded
[2023-12-12 06:47:13Z INFO ConfigurationStore] IsServiceConfigured()
[2023-12-12 06:47:13Z INFO ConfigurationStore] IsServiceConfigured: True
[2023-12-12 06:47:13Z INFO CommandSettings] Command 'run': 'True'
[2023-12-12 06:47:13Z INFO ConfigurationStore] IsConfigured()
[2023-12-12 06:47:13Z INFO ConfigurationStore] IsConfigured: True
[2023-12-12 06:47:13Z INFO ConfigurationManager] Is configured: True
[2023-12-12 06:47:13Z INFO Runner] Set runner startup type - Service
[2023-12-12 06:47:13Z INFO CommandSettings] Flag 'once': 'False'
[2023-12-12 06:47:13Z INFO CommandSettings] Flag 'once': 'False'
[2023-12-12 06:47:13Z INFO Runner] RunAsync
[2023-12-12 06:47:13Z INFO ConfigurationManager] LoadSettings
[2023-12-12 06:47:13Z INFO ConfigurationStore] IsConfigured()
[2023-12-12 06:47:13Z INFO ConfigurationStore] IsConfigured: True
[2023-12-12 06:47:13Z INFO ConfigurationManager] Is configured: True
[2023-12-12 06:47:13Z INFO ConfigurationManager] Settings Loaded
[2023-12-12 06:47:13Z INFO MessageListener] {
  "AgentId": 2,
  "AgentName": "8QSMSZ2",
  "PoolId": 1,
  "PoolName": "Default",
  "ServerUrl": "https://pipelinesghubeus25.actions.githubusercontent.com/iYYAtSsEqUweqpQfm0p1oER9WBE6Vr5KUnINGthomCyY3bNhMO/",
  "GitHubUrl": "https://github.com/tannerpresscorp/PowerShell",
  "WorkFolder": "_self-hosted"
}
[2023-12-12 06:47:13Z INFO MessageListener] Loading Credentials
[2023-12-12 06:47:13Z INFO ConfigurationStore] HasCredentials()
[2023-12-12 06:47:13Z INFO ConfigurationStore] stored True
[2023-12-12 06:47:13Z INFO CredentialManager] GetCredentialProvider
[2023-12-12 06:47:13Z INFO CredentialManager] Creating type OAuth
[2023-12-12 06:47:13Z INFO CredentialManager] Creating credential type: OAuth
[2023-12-12 06:47:13Z INFO HostContext] Well known directory 'Bin': 'C:\PowerShell\actions-runner\bin'
[2023-12-12 06:47:13Z INFO HostContext] Well known directory 'Root': 'C:\PowerShell\actions-runner'
[2023-12-12 06:47:13Z INFO HostContext] Well known config file 'RSACredentials': 'C:\PowerShell\actions-runner\.credentials_rsaparams'
[2023-12-12 06:47:13Z INFO RSAEncryptedFileKeyManager] Loading RSA key parameters from file C:\PowerShell\actions-runner\.credentials_rsaparams
[2023-12-12 06:47:13Z INFO MessageListener] Attempt to create session.
[2023-12-12 06:47:13Z INFO MessageListener] Connecting to the Runner Server...
[2023-12-12 06:47:13Z INFO RunnerServer] EstablishVssConnection
[2023-12-12 06:47:13Z INFO RunnerServer] Establish connection with 100 seconds timeout.
[2023-12-12 06:47:13Z INFO GitHubActionsService] Starting operation Location.GetConnectionData
[2023-12-12 06:47:13Z INFO RunnerServer] EstablishVssConnection
[2023-12-12 06:47:13Z INFO RunnerServer] Establish connection with 60 seconds timeout.
[2023-12-12 06:47:13Z INFO GitHubActionsService] Starting operation Location.GetConnectionData
[2023-12-12 06:47:13Z INFO RunnerServer] EstablishVssConnection
[2023-12-12 06:47:13Z INFO RunnerServer] Establish connection with 60 seconds timeout.
[2023-12-12 06:47:13Z INFO GitHubActionsService] Starting operation Location.GetConnectionData
[2023-12-12 06:47:14Z INFO GitHubActionsService] Finished operation Location.GetConnectionData
[2023-12-12 06:47:14Z INFO GitHubActionsService] Finished operation Location.GetConnectionData
[2023-12-12 06:47:14Z INFO GitHubActionsService] Finished operation Location.GetConnectionData
[2023-12-12 06:47:14Z INFO MessageListener] VssConnection created
[2023-12-12 06:47:14Z INFO Terminal] WRITE LINE: 
[2023-12-12 06:47:14Z INFO Terminal] WRITE LINE: 
[2023-12-12 06:47:14Z INFO RSAEncryptedFileKeyManager] Loading RSA key parameters from file C:\PowerShell\actions-runner\.credentials_rsaparams
[2023-12-12 06:47:14Z INFO RSAEncryptedFileKeyManager] Loading RSA key parameters from file C:\PowerShell\actions-runner\.credentials_rsaparams
[2023-12-12 06:47:36Z INFO GitHubActionsService] AAD Correlation ID for this token request: Unknown
[2023-12-12 06:47:36Z WARN GitHubActionsService] Retrieving an AAD auth token took a long time (21.7192027 seconds)
[2023-12-12 06:47:36Z INFO MessageListener] Session created.
[2023-12-12 06:47:36Z INFO Terminal] WRITE LINE: Current runner version: '2.311.0'
[2023-12-12 06:47:36Z INFO Terminal] WRITE LINE: 2023-12-12 06:47:36Z: Listening for Jobs
[2023-12-12 06:47:36Z INFO JobDispatcher] Set runner/worker IPC timeout to 30 seconds.
[2023-12-12 06:54:09Z INFO RSAEncryptedFileKeyManager] Loading RSA key parameters from file C:\PowerShell\actions-runner\.credentials_rsaparams
[2023-12-12 06:54:09Z INFO MessageListener] Message '1' received from session '1b54ec06-56e0-480a-8ea5-93cf7b41634a'.
[2023-12-12 06:54:09Z INFO Runner] Received job message of length 24636 from service, with hash '2c30e0fd5f11389ad91ccfe3c75cd9b2683deb6b66fe228e115b969334249cce'
[2023-12-12 06:54:10Z INFO JobDispatcher] Job request 4 for plan 648fd4c3-86a4-4efb-a0ff-d78aecd6e742 job ca395085-040a-526b-2ce8-bdc85f692774 received.
[2023-12-12 06:54:10Z INFO JobDispatcher] Pull OrchestrationId 648fd4c3-86a4-4efb-a0ff-d78aecd6e742.build.__default from JWT claims
[2023-12-12 06:54:10Z INFO Terminal] WRITE LINE: 2023-12-12 06:54:10Z: Running job: build
[2023-12-12 06:54:10Z INFO JobDispatcher] Start renew job request 4 for job ca395085-040a-526b-2ce8-bdc85f692774.
[2023-12-12 06:54:10Z INFO JobDispatcher] Successfully renew job request 4, job is valid till 12/12/2023 7:04:13 AM
[2023-12-12 06:54:10Z INFO HostContext] Well known directory 'Bin': 'C:\PowerShell\actions-runner\bin'
[2023-12-12 06:54:10Z INFO ProcessInvokerWrapper] Starting process:
[2023-12-12 06:54:10Z INFO ProcessInvokerWrapper]   File name: 'C:\PowerShell\actions-runner\bin\Runner.Worker.exe'
[2023-12-12 06:54:10Z INFO ProcessInvokerWrapper]   Arguments: 'spawnclient 1532 1560'
[2023-12-12 06:54:10Z INFO ProcessInvokerWrapper]   Working directory: 'C:\PowerShell\actions-runner\bin'
[2023-12-12 06:54:10Z INFO ProcessInvokerWrapper]   Require exit code zero: 'False'
[2023-12-12 06:54:10Z INFO ProcessInvokerWrapper]   Encoding web name:  ; code page: ''
[2023-12-12 06:54:10Z INFO ProcessInvokerWrapper]   Force kill process on cancellation: 'True'
[2023-12-12 06:54:10Z INFO ProcessInvokerWrapper]   Redirected STDIN: 'False'
[2023-12-12 06:54:10Z INFO ProcessInvokerWrapper]   Persist current code page: 'False'
[2023-12-12 06:54:10Z INFO ProcessInvokerWrapper]   Keep redirected STDIN open: 'False'
[2023-12-12 06:54:10Z INFO ProcessInvokerWrapper]   High priority process: 'True'
[2023-12-12 06:54:10Z INFO ProcessInvokerWrapper] Process started with process id 39908, waiting for process exit.
[2023-12-12 06:54:10Z INFO JobDispatcher] Send job request message to worker for job ca395085-040a-526b-2ce8-bdc85f692774.
[2023-12-12 06:54:10Z INFO ProcessChannel] Sending message of length 24636, with hash '2c30e0fd5f11389ad91ccfe3c75cd9b2683deb6b66fe228e115b969334249cce'
[2023-12-12 06:54:11Z INFO JobNotification] Entering JobStarted Notification
[2023-12-12 06:54:11Z INFO JobNotification] Entering StartMonitor
[2023-12-12 06:54:52Z INFO ProcessInvokerWrapper] STDOUT/STDERR stream read finished.
[2023-12-12 06:54:52Z INFO ProcessInvokerWrapper] STDOUT/STDERR stream read finished.
[2023-12-12 06:54:52Z INFO ProcessInvokerWrapper] Finished process 39908 with exit code 102, and elapsed time 00:00:41.9942481.
[2023-12-12 06:54:52Z INFO JobDispatcher] Worker finished for job ca395085-040a-526b-2ce8-bdc85f692774. Code: 102
[2023-12-12 06:54:52Z INFO JobDispatcher] finish job request for job ca395085-040a-526b-2ce8-bdc85f692774 with result: Failed
[2023-12-12 06:54:52Z INFO Terminal] WRITE LINE: 2023-12-12 06:54:52Z: Job build completed with result: Failed
[2023-12-12 06:54:52Z INFO JobDispatcher] Stop renew job request for job ca395085-040a-526b-2ce8-bdc85f692774.
[2023-12-12 06:54:52Z INFO JobDispatcher] job renew has been cancelled, stop renew job request 4.
[2023-12-12 06:54:52Z INFO JobNotification] Entering JobCompleted Notification
[2023-12-12 06:54:52Z INFO JobNotification] Entering EndMonitor
[2023-12-12 07:24:18Z INFO MessageListener] No message retrieved from session '1b54ec06-56e0-480a-8ea5-93cf7b41634a' within last 30 minutes.
[2023-12-12 07:42:45Z INFO RSAEncryptedFileKeyManager] Loading RSA key parameters from file C:\PowerShell\actions-runner\.credentials_rsaparams
[2023-12-12 07:43:07Z INFO GitHubActionsService] AAD Correlation ID for this token request: Unknown
[2023-12-12 07:43:07Z WARN GitHubActionsService] Retrieving an AAD auth token took a long time (21.5868334 seconds)
[2023-12-12 07:43:45Z WARN GitHubActionsService] GET request to https://pipelinesghubeus25.actions.githubusercontent.com/iYYAtSsEqUweqpQfm0p1oER9WBE6Vr5KUnINGthomCyY3bNhMO/_apis/distributedtask/pools/1/messages?sessionId=1b54ec06-56e0-480a-8ea5-93cf7b41634a&lastMessageId=1&status=Online&runnerVersion=2.311.0&os=Windows&architecture=X64 timed out after 60 seconds.
[2023-12-12 07:43:45Z ERR  MessageListener] Catch exception during get next message.
[2023-12-12 07:43:45Z ERR  MessageListener] System.TimeoutException: The HTTP request timed out after 00:01:00.
 ---> System.Threading.Tasks.TaskCanceledException: The operation was canceled.
 ---> System.IO.IOException: Unable to read data from the transport connection: The I/O operation has been aborted because of either a thread exit or an application request..
 ---> System.Net.Sockets.SocketException (995): The I/O operation has been aborted because of either a thread exit or an application request.
   --- End of inner exception stack trace ---
   at System.Net.Sockets.Socket.AwaitableSocketAsyncEventArgs.ThrowException(SocketError error, CancellationToken cancellationToken)
   at System.Net.Sockets.Socket.AwaitableSocketAsyncEventArgs.System.Threading.Tasks.Sources.IValueTaskSource<System.Int32>.GetResult(Int16 token)
   at System.Net.Security.SslStream.EnsureFullTlsFrameAsync[TIOAdapter](TIOAdapter adapter)
   at System.Net.Security.SslStream.ReadAsyncInternal[TIOAdapter](TIOAdapter adapter, Memory`1 buffer)
   at System.Net.Http.HttpConnection.InitialFillAsync(Boolean async)
   at System.Net.Http.HttpConnection.SendAsyncCore(HttpRequestMessage request, Boolean async, CancellationToken cancellationToken)
   --- End of inner exception stack trace ---
   at System.Net.Http.HttpConnection.SendAsyncCore(HttpRequestMessage request, Boolean async, CancellationToken cancellationToken)
   at System.Net.Http.AuthenticationHelper.SendWithNtAuthAsync(HttpRequestMessage request, Uri authUri, Boolean async, ICredentials credentials, Boolean isProxyAuth, HttpConnection connection, HttpConnectionPool connectionPool, CancellationToken cancellationToken)
   at System.Net.Http.HttpConnectionPool.SendWithVersionDetectionAndRetryAsync(HttpRequestMessage request, Boolean async, Boolean doRequestAuth, CancellationToken cancellationToken)
   at System.Net.Http.AuthenticationHelper.SendWithAuthAsync(HttpRequestMessage request, Uri authUri, Boolean async, ICredentials credentials, Boolean preAuthenticate, Boolean isProxyAuth, Boolean doRequestAuth, HttpConnectionPool pool, CancellationToken cancellationToken)
   at System.Net.Http.DecompressionHandler.SendAsync(HttpRequestMessage request, Boolean async, CancellationToken cancellationToken)
   at GitHub.Services.Common.VssHttpMessageHandler.SendAsync(HttpRequestMessage request, CancellationToken cancellationToken)
   --- End of inner exception stack trace ---
   at GitHub.Services.Common.VssHttpMessageHandler.SendAsync(HttpRequestMessage request, CancellationToken cancellationToken)
   at GitHub.Services.Common.VssHttpRetryMessageHandler.SendAsync(HttpRequestMessage request, CancellationToken cancellationToken)
   at System.Net.Http.HttpClient.<SendAsync>g__Core|83_0(HttpRequestMessage request, HttpCompletionOption completionOption, CancellationTokenSource cts, Boolean disposeCts, CancellationTokenSource pendingRequestsCts, CancellationToken originalCancellationToken)
   at GitHub.Services.WebApi.VssHttpClientBase.SendAsync(HttpRequestMessage message, HttpCompletionOption completionOption, Object userState, CancellationToken cancellationToken)
   at GitHub.Services.WebApi.VssHttpClientBase.SendAsync[T](HttpRequestMessage message, Object userState, CancellationToken cancellationToken)
   at GitHub.Services.WebApi.VssHttpClientBase.SendAsync[T](HttpMethod method, IEnumerable`1 additionalHeaders, Guid locationId, Object routeValues, ApiResourceVersion version, HttpContent content, IEnumerable`1 queryParameters, Object userState, CancellationToken cancellationToken)
   at GitHub.Runner.Listener.MessageListener.GetNextMessageAsync(CancellationToken token)
[2023-12-12 07:43:45Z ERR  MessageListener] #####################################################
[2023-12-12 07:43:45Z ERR  MessageListener] System.Threading.Tasks.TaskCanceledException: The operation was canceled.
 ---> System.IO.IOException: Unable to read data from the transport connection: The I/O operation has been aborted because of either a thread exit or an application request..
 ---> System.Net.Sockets.SocketException (995): The I/O operation has been aborted because of either a thread exit or an application request.
   --- End of inner exception stack trace ---
   at System.Net.Sockets.Socket.AwaitableSocketAsyncEventArgs.ThrowException(SocketError error, CancellationToken cancellationToken)
   at System.Net.Sockets.Socket.AwaitableSocketAsyncEventArgs.System.Threading.Tasks.Sources.IValueTaskSource<System.Int32>.GetResult(Int16 token)
   at System.Net.Security.SslStream.EnsureFullTlsFrameAsync[TIOAdapter](TIOAdapter adapter)
   at System.Net.Security.SslStream.ReadAsyncInternal[TIOAdapter](TIOAdapter adapter, Memory`1 buffer)
   at System.Net.Http.HttpConnection.InitialFillAsync(Boolean async)
   at System.Net.Http.HttpConnection.SendAsyncCore(HttpRequestMessage request, Boolean async, CancellationToken cancellationToken)
   --- End of inner exception stack trace ---
   at System.Net.Http.HttpConnection.SendAsyncCore(HttpRequestMessage request, Boolean async, CancellationToken cancellationToken)
   at System.Net.Http.AuthenticationHelper.SendWithNtAuthAsync(HttpRequestMessage request, Uri authUri, Boolean async, ICredentials credentials, Boolean isProxyAuth, HttpConnection connection, HttpConnectionPool connectionPool, CancellationToken cancellationToken)
   at System.Net.Http.HttpConnectionPool.SendWithVersionDetectionAndRetryAsync(HttpRequestMessage request, Boolean async, Boolean doRequestAuth, CancellationToken cancellationToken)
   at System.Net.Http.AuthenticationHelper.SendWithAuthAsync(HttpRequestMessage request, Uri authUri, Boolean async, ICredentials credentials, Boolean preAuthenticate, Boolean isProxyAuth, Boolean doRequestAuth, HttpConnectionPool pool, CancellationToken cancellationToken)
   at System.Net.Http.DecompressionHandler.SendAsync(HttpRequestMessage request, Boolean async, CancellationToken cancellationToken)
   at GitHub.Services.Common.VssHttpMessageHandler.SendAsync(HttpRequestMessage request, CancellationToken cancellationToken)
[2023-12-12 07:43:45Z ERR  MessageListener] #####################################################
[2023-12-12 07:43:45Z ERR  MessageListener] System.IO.IOException: Unable to read data from the transport connection: The I/O operation has been aborted because of either a thread exit or an application request..
 ---> System.Net.Sockets.SocketException (995): The I/O operation has been aborted because of either a thread exit or an application request.
   --- End of inner exception stack trace ---
   at System.Net.Sockets.Socket.AwaitableSocketAsyncEventArgs.ThrowException(SocketError error, CancellationToken cancellationToken)
   at System.Net.Sockets.Socket.AwaitableSocketAsyncEventArgs.System.Threading.Tasks.Sources.IValueTaskSource<System.Int32>.GetResult(Int16 token)
   at System.Net.Security.SslStream.EnsureFullTlsFrameAsync[TIOAdapter](TIOAdapter adapter)
   at System.Net.Security.SslStream.ReadAsyncInternal[TIOAdapter](TIOAdapter adapter, Memory`1 buffer)
   at System.Net.Http.HttpConnection.InitialFillAsync(Boolean async)
   at System.Net.Http.HttpConnection.SendAsyncCore(HttpRequestMessage request, Boolean async, CancellationToken cancellationToken)
[2023-12-12 07:43:45Z ERR  MessageListener] #####################################################
[2023-12-12 07:43:45Z ERR  MessageListener] System.Net.Sockets.SocketException (995): The I/O operation has been aborted because of either a thread exit or an application request.
[2023-12-12 07:43:45Z INFO MessageListener] Retriable exception: The HTTP request timed out after 00:01:00.
[2023-12-12 07:43:45Z ERR  Terminal] WRITE ERROR: 2023-12-12 07:43:45Z: Runner connect error: The HTTP request timed out after 00:01:00.. Retrying until reconnected.
[2023-12-12 07:43:45Z INFO RunnerServer] Refresh MessageQueue VssConnection to get on a different AFD node.
[2023-12-12 07:43:45Z INFO RunnerServer] EstablishVssConnection
[2023-12-12 07:43:45Z INFO RunnerServer] Establish connection with 60 seconds timeout.
[2023-12-12 07:43:45Z INFO GitHubActionsService] Starting operation Location.GetConnectionData
[2023-12-12 07:43:46Z INFO GitHubActionsService] Finished operation Location.GetConnectionData
[2023-12-12 07:43:46Z INFO MessageListener] Sleeping for 25.893 seconds before retrying.
[2023-12-12 07:45:02Z INFO Terminal] WRITE LINE: 2023-12-12 07:45:02Z: Runner reconnected.
[2023-12-12 07:55:04Z INFO MessageListener] No message retrieved from session '1b54ec06-56e0-480a-8ea5-93cf7b41634a' within last 30 minutes.
[2023-12-12 08:25:12Z INFO MessageListener] No message retrieved from session '1b54ec06-56e0-480a-8ea5-93cf7b41634a' within last 30 minutes.
[2023-12-12 08:38:36Z INFO RSAEncryptedFileKeyManager] Loading RSA key parameters from file C:\PowerShell\actions-runner\.credentials_rsaparams
[2023-12-12 08:38:58Z INFO GitHubActionsService] AAD Correlation ID for this token request: Unknown
[2023-12-12 08:38:58Z WARN GitHubActionsService] Retrieving an AAD auth token took a long time (21.9668739 seconds)
[2023-12-12 08:39:36Z WARN GitHubActionsService] GET request to https://pipelinesghubeus25.actions.githubusercontent.com/iYYAtSsEqUweqpQfm0p1oER9WBE6Vr5KUnINGthomCyY3bNhMO/_apis/distributedtask/pools/1/messages?sessionId=1b54ec06-56e0-480a-8ea5-93cf7b41634a&lastMessageId=1&status=Online&runnerVersion=2.311.0&os=Windows&architecture=X64 timed out after 60 seconds.
[2023-12-12 08:39:36Z ERR  MessageListener] Catch exception during get next message.
[2023-12-12 08:39:36Z ERR  MessageListener] System.TimeoutException: The HTTP request timed out after 00:01:00.
 ---> System.Threading.Tasks.TaskCanceledException: The operation was canceled.
 ---> System.IO.IOException: Unable to read data from the transport connection: The I/O operation has been aborted because of either a thread exit or an application request..
 ---> System.Net.Sockets.SocketException (995): The I/O operation has been aborted because of either a thread exit or an application request.
   --- End of inner exception stack trace ---
   at System.Net.Sockets.Socket.AwaitableSocketAsyncEventArgs.ThrowException(SocketError error, CancellationToken cancellationToken)
   at System.Net.Sockets.Socket.AwaitableSocketAsyncEventArgs.System.Threading.Tasks.Sources.IValueTaskSource<System.Int32>.GetResult(Int16 token)
   at System.Net.Security.SslStream.ReadAsyncInternal[TIOAdapter](TIOAdapter adapter, Memory`1 buffer)
   at System.Net.Http.HttpConnection.<CheckUsabilityOnScavenge>g__ReadAheadWithZeroByteReadAsync|45_0()
   at System.Net.Http.HttpConnection.SendAsyncCore(HttpRequestMessage request, Boolean async, CancellationToken cancellationToken)
   --- End of inner exception stack trace ---
   at System.Net.Http.HttpConnection.SendAsyncCore(HttpRequestMessage request, Boolean async, CancellationToken cancellationToken)
   at System.Net.Http.AuthenticationHelper.SendWithNtAuthAsync(HttpRequestMessage request, Uri authUri, Boolean async, ICredentials credentials, Boolean isProxyAuth, HttpConnection connection, HttpConnectionPool connectionPool, CancellationToken cancellationToken)
   at System.Net.Http.HttpConnectionPool.SendWithVersionDetectionAndRetryAsync(HttpRequestMessage request, Boolean async, Boolean doRequestAuth, CancellationToken cancellationToken)
   at System.Net.Http.AuthenticationHelper.SendWithAuthAsync(HttpRequestMessage request, Uri authUri, Boolean async, ICredentials credentials, Boolean preAuthenticate, Boolean isProxyAuth, Boolean doRequestAuth, HttpConnectionPool pool, CancellationToken cancellationToken)
   at System.Net.Http.DecompressionHandler.SendAsync(HttpRequestMessage request, Boolean async, CancellationToken cancellationToken)
   at GitHub.Services.Common.VssHttpMessageHandler.SendAsync(HttpRequestMessage request, CancellationToken cancellationToken)
   --- End of inner exception stack trace ---
   at GitHub.Services.Common.VssHttpMessageHandler.SendAsync(HttpRequestMessage request, CancellationToken cancellationToken)
   at GitHub.Services.Common.VssHttpRetryMessageHandler.SendAsync(HttpRequestMessage request, CancellationToken cancellationToken)
   at System.Net.Http.HttpClient.<SendAsync>g__Core|83_0(HttpRequestMessage request, HttpCompletionOption completionOption, CancellationTokenSource cts, Boolean disposeCts, CancellationTokenSource pendingRequestsCts, CancellationToken originalCancellationToken)
   at GitHub.Services.WebApi.VssHttpClientBase.SendAsync(HttpRequestMessage message, HttpCompletionOption completionOption, Object userState, CancellationToken cancellationToken)
   at GitHub.Services.WebApi.VssHttpClientBase.SendAsync[T](HttpRequestMessage message, Object userState, CancellationToken cancellationToken)
   at GitHub.Services.WebApi.VssHttpClientBase.SendAsync[T](HttpMethod method, IEnumerable`1 additionalHeaders, Guid locationId, Object routeValues, ApiResourceVersion version, HttpContent content, IEnumerable`1 queryParameters, Object userState, CancellationToken cancellationToken)
   at GitHub.Runner.Listener.MessageListener.GetNextMessageAsync(CancellationToken token)
[2023-12-12 08:39:36Z ERR  MessageListener] #####################################################
[2023-12-12 08:39:36Z ERR  MessageListener] System.Threading.Tasks.TaskCanceledException: The operation was canceled.
 ---> System.IO.IOException: Unable to read data from the transport connection: The I/O operation has been aborted because of either a thread exit or an application request..
 ---> System.Net.Sockets.SocketException (995): The I/O operation has been aborted because of either a thread exit or an application request.
   --- End of inner exception stack trace ---
   at System.Net.Sockets.Socket.AwaitableSocketAsyncEventArgs.ThrowException(SocketError error, CancellationToken cancellationToken)
   at System.Net.Sockets.Socket.AwaitableSocketAsyncEventArgs.System.Threading.Tasks.Sources.IValueTaskSource<System.Int32>.GetResult(Int16 token)
   at System.Net.Security.SslStream.ReadAsyncInternal[TIOAdapter](TIOAdapter adapter, Memory`1 buffer)
   at System.Net.Http.HttpConnection.<CheckUsabilityOnScavenge>g__ReadAheadWithZeroByteReadAsync|45_0()
   at System.Net.Http.HttpConnection.SendAsyncCore(HttpRequestMessage request, Boolean async, CancellationToken cancellationToken)
   --- End of inner exception stack trace ---
   at System.Net.Http.HttpConnection.SendAsyncCore(HttpRequestMessage request, Boolean async, CancellationToken cancellationToken)
   at System.Net.Http.AuthenticationHelper.SendWithNtAuthAsync(HttpRequestMessage request, Uri authUri, Boolean async, ICredentials credentials, Boolean isProxyAuth, HttpConnection connection, HttpConnectionPool connectionPool, CancellationToken cancellationToken)
   at System.Net.Http.HttpConnectionPool.SendWithVersionDetectionAndRetryAsync(HttpRequestMessage request, Boolean async, Boolean doRequestAuth, CancellationToken cancellationToken)
   at System.Net.Http.AuthenticationHelper.SendWithAuthAsync(HttpRequestMessage request, Uri authUri, Boolean async, ICredentials credentials, Boolean preAuthenticate, Boolean isProxyAuth, Boolean doRequestAuth, HttpConnectionPool pool, CancellationToken cancellationToken)
   at System.Net.Http.DecompressionHandler.SendAsync(HttpRequestMessage request, Boolean async, CancellationToken cancellationToken)
   at GitHub.Services.Common.VssHttpMessageHandler.SendAsync(HttpRequestMessage request, CancellationToken cancellationToken)
[2023-12-12 08:39:36Z ERR  MessageListener] #####################################################
[2023-12-12 08:39:36Z ERR  MessageListener] System.IO.IOException: Unable to read data from the transport connection: The I/O operation has been aborted because of either a thread exit or an application request..
 ---> System.Net.Sockets.SocketException (995): The I/O operation has been aborted because of either a thread exit or an application request.
   --- End of inner exception stack trace ---
   at System.Net.Sockets.Socket.AwaitableSocketAsyncEventArgs.ThrowException(SocketError error, CancellationToken cancellationToken)
   at System.Net.Sockets.Socket.AwaitableSocketAsyncEventArgs.System.Threading.Tasks.Sources.IValueTaskSource<System.Int32>.GetResult(Int16 token)
   at System.Net.Security.SslStream.ReadAsyncInternal[TIOAdapter](TIOAdapter adapter, Memory`1 buffer)
   at System.Net.Http.HttpConnection.<CheckUsabilityOnScavenge>g__ReadAheadWithZeroByteReadAsync|45_0()
   at System.Net.Http.HttpConnection.SendAsyncCore(HttpRequestMessage request, Boolean async, CancellationToken cancellationToken)
[2023-12-12 08:39:36Z ERR  MessageListener] #####################################################
[2023-12-12 08:39:36Z ERR  MessageListener] System.Net.Sockets.SocketException (995): The I/O operation has been aborted because of either a thread exit or an application request.
[2023-12-12 08:39:36Z INFO MessageListener] Retriable exception: The HTTP request timed out after 00:01:00.
[2023-12-12 08:39:36Z ERR  Terminal] WRITE ERROR: 2023-12-12 08:39:36Z: Runner connect error: The HTTP request timed out after 00:01:00.. Retrying until reconnected.
[2023-12-12 08:39:36Z INFO RunnerServer] Refresh MessageQueue VssConnection to get on a different AFD node.
[2023-12-12 08:39:36Z INFO RunnerServer] EstablishVssConnection
[2023-12-12 08:39:36Z INFO RunnerServer] Establish connection with 60 seconds timeout.
[2023-12-12 08:39:36Z INFO GitHubActionsService] Starting operation Location.GetConnectionData
[2023-12-12 08:39:37Z INFO GitHubActionsService] Finished operation Location.GetConnectionData
[2023-12-12 08:39:37Z INFO MessageListener] Sleeping for 28.273 seconds before retrying.
[2023-12-12 08:40:55Z INFO Terminal] WRITE LINE: 2023-12-12 08:40:55Z: Runner reconnected.
[2023-12-12 08:52:10Z WARN GitHubActionsService] Attempt 1 of GET request to https://pipelinesghubeus25.actions.githubusercontent.com/iYYAtSsEqUweqpQfm0p1oER9WBE6Vr5KUnINGthomCyY3bNhMO/_apis/distributedtask/pools/1/messages?sessionId=1b54ec06-56e0-480a-8ea5-93cf7b41634a&lastMessageId=1&status=Online&runnerVersion=2.311.0&os=Windows&architecture=X64 failed (Socket Error: TimedOut). The operation will be retried in 11.101 seconds.
[2023-12-12 08:52:44Z INFO HostContext] Runner will be shutdown for UserCancelled
[2023-12-12 08:52:44Z WARN GitHubActionsService] GET request to https://pipelinesghubeus25.actions.githubusercontent.com/iYYAtSsEqUweqpQfm0p1oER9WBE6Vr5KUnINGthomCyY3bNhMO/_apis/distributedtask/pools/1/messages?sessionId=1b54ec06-56e0-480a-8ea5-93cf7b41634a&lastMessageId=1&status=Online&runnerVersion=2.311.0&os=Windows&architecture=X64 has been cancelled.
[2023-12-12 08:52:44Z INFO MessageListener] Get next message has been cancelled.
[2023-12-12 08:52:44Z INFO JobDispatcher] Shutting down JobDispatcher. Make sure all WorkerDispatcher has finished.
[2023-12-12 08:52:44Z INFO JobDispatcher] Ensure WorkerDispatcher for job ca395085-040a-526b-2ce8-bdc85f692774 run to finish, cancel any running job.
[2023-12-12 08:52:44Z INFO JobDispatcher] Job request ca395085-040a-526b-2ce8-bdc85f692774 processed succeed.
[2023-12-12 08:52:44Z INFO Listener] Runner execution been cancelled.
