[2023-12-14 22:18:32Z INFO HostContext] No proxy settings were found based on environmental variables (http_proxy/https_proxy/HTTP_PROXY/HTTPS_PROXY)
[2023-12-14 22:18:32Z INFO HostContext] Well known directory 'Bin': 'C:\PowerShell\actions-runner\bin'
[2023-12-14 22:18:32Z INFO HostContext] Well known directory 'Root': 'C:\PowerShell\actions-runner'
[2023-12-14 22:18:32Z INFO HostContext] Well known config file 'Credentials': 'C:\PowerShell\actions-runner\.credentials'
[2023-12-14 22:18:46Z INFO HostContext] Well known directory 'Bin': 'C:\PowerShell\actions-runner\bin'
[2023-12-14 22:18:46Z INFO HostContext] Well known directory 'Root': 'C:\PowerShell\actions-runner'
[2023-12-14 22:18:46Z INFO HostContext] Well known config file 'Runner': 'C:\PowerShell\actions-runner\.runner'
[2023-12-14 22:18:47Z INFO Listener] Runner is built for Windows (X64) - win-x64.
[2023-12-14 22:18:47Z INFO Listener] RuntimeInformation: Microsoft Windows 10.0.23601.
[2023-12-14 22:18:48Z INFO Listener] Version: 2.311.0
[2023-12-14 22:18:48Z INFO Listener] Commit: f5cff308c83746dddd726a9a28a1583872305aaa
[2023-12-14 22:18:48Z INFO Listener] Culture: en-US
[2023-12-14 22:18:48Z INFO Listener] UI Culture: en-US
[2023-12-14 22:18:48Z INFO HostContext] Well known directory 'Bin': 'C:\PowerShell\actions-runner\bin'
[2023-12-14 22:18:48Z INFO HostContext] Well known directory 'Root': 'C:\PowerShell\actions-runner'
[2023-12-14 22:18:48Z INFO Listener] Validating directory permissions for: 'C:\PowerShell\actions-runner'
[2023-12-14 22:18:48Z INFO CommandLineParser] Parse
[2023-12-14 22:18:48Z INFO CommandLineParser] Parsing 3 args
[2023-12-14 22:18:48Z INFO CommandLineParser] parsing argument
[2023-12-14 22:18:48Z INFO CommandLineParser] HasArgs: False
[2023-12-14 22:18:48Z INFO CommandLineParser] Adding Command: run
[2023-12-14 22:18:48Z INFO CommandLineParser] parsing argument
[2023-12-14 22:18:48Z INFO CommandLineParser] HasArgs: True
[2023-12-14 22:18:48Z INFO CommandLineParser] arg: startuptype
[2023-12-14 22:18:48Z INFO CommandLineParser] parsing argument
[2023-12-14 22:18:48Z INFO CommandLineParser] HasArgs: True
[2023-12-14 22:18:48Z INFO CommandLineParser] Adding option 'startuptype': 'service'
[2023-12-14 22:18:48Z INFO Listener] Arguments parsed
[2023-12-14 22:18:49Z INFO Runner] ExecuteCommand
[2023-12-14 22:18:49Z INFO ConfigurationStore] currentAssemblyLocation: C:\PowerShell\actions-runner\bin\Runner.Listener.dll
[2023-12-14 22:18:49Z INFO HostContext] Well known directory 'Bin': 'C:\PowerShell\actions-runner\bin'
[2023-12-14 22:18:49Z INFO ConfigurationStore] binPath: C:\PowerShell\actions-runner\bin
[2023-12-14 22:18:49Z INFO HostContext] Well known directory 'Bin': 'C:\PowerShell\actions-runner\bin'
[2023-12-14 22:18:49Z INFO HostContext] Well known directory 'Root': 'C:\PowerShell\actions-runner'
[2023-12-14 22:18:49Z INFO ConfigurationStore] RootFolder: C:\PowerShell\actions-runner
[2023-12-14 22:18:49Z INFO HostContext] Well known directory 'Bin': 'C:\PowerShell\actions-runner\bin'
[2023-12-14 22:18:49Z INFO HostContext] Well known directory 'Root': 'C:\PowerShell\actions-runner'
[2023-12-14 22:18:49Z INFO HostContext] Well known config file 'Runner': 'C:\PowerShell\actions-runner\.runner'
[2023-12-14 22:18:49Z INFO ConfigurationStore] ConfigFilePath: C:\PowerShell\actions-runner\.runner
[2023-12-14 22:18:49Z INFO HostContext] Well known directory 'Bin': 'C:\PowerShell\actions-runner\bin'
[2023-12-14 22:18:49Z INFO HostContext] Well known directory 'Root': 'C:\PowerShell\actions-runner'
[2023-12-14 22:18:49Z INFO HostContext] Well known config file 'Credentials': 'C:\PowerShell\actions-runner\.credentials'
[2023-12-14 22:18:49Z INFO ConfigurationStore] CredFilePath: C:\PowerShell\actions-runner\.credentials
[2023-12-14 22:18:49Z INFO HostContext] Well known directory 'Bin': 'C:\PowerShell\actions-runner\bin'
[2023-12-14 22:18:49Z INFO HostContext] Well known directory 'Root': 'C:\PowerShell\actions-runner'
[2023-12-14 22:18:49Z INFO HostContext] Well known config file 'MigratedCredentials': 'C:\PowerShell\actions-runner\.credentials_migrated'
[2023-12-14 22:18:49Z INFO ConfigurationStore] MigratedCredFilePath: C:\PowerShell\actions-runner\.credentials_migrated
[2023-12-14 22:18:49Z INFO HostContext] Well known directory 'Bin': 'C:\PowerShell\actions-runner\bin'
[2023-12-14 22:18:49Z INFO HostContext] Well known directory 'Root': 'C:\PowerShell\actions-runner'
[2023-12-14 22:18:49Z INFO HostContext] Well known config file 'Service': 'C:\PowerShell\actions-runner\.service'
[2023-12-14 22:18:49Z INFO ConfigurationStore] ServiceConfigFilePath: C:\PowerShell\actions-runner\.service
[2023-12-14 22:18:49Z INFO CommandSettings] Flag 'help': 'False'
[2023-12-14 22:18:49Z INFO CommandSettings] Flag 'version': 'False'
[2023-12-14 22:18:49Z INFO CommandSettings] Flag 'commit': 'False'
[2023-12-14 22:18:49Z INFO CommandSettings] Flag 'check': 'False'
[2023-12-14 22:18:49Z INFO CommandSettings] Command 'configure': 'False'
[2023-12-14 22:18:49Z INFO CommandSettings] Command 'remove': 'False'
[2023-12-14 22:18:49Z INFO CommandSettings] Command 'warmup': 'False'
[2023-12-14 22:18:49Z INFO ConfigurationManager] LoadSettings
[2023-12-14 22:18:49Z INFO ConfigurationStore] IsConfigured()
[2023-12-14 22:18:49Z INFO ConfigurationStore] IsConfigured: True
[2023-12-14 22:18:49Z INFO ConfigurationManager] Is configured: True
[2023-12-14 22:18:49Z INFO ConfigurationStore] Read setting file: 315 chars
[2023-12-14 22:18:49Z INFO ConfigurationManager] Settings Loaded
[2023-12-14 22:18:49Z INFO ConfigurationStore] IsServiceConfigured()
[2023-12-14 22:18:49Z INFO ConfigurationStore] IsServiceConfigured: True
[2023-12-14 22:18:49Z INFO CommandSettings] Command 'run': 'True'
[2023-12-14 22:18:49Z INFO ConfigurationStore] IsConfigured()
[2023-12-14 22:18:49Z INFO ConfigurationStore] IsConfigured: True
[2023-12-14 22:18:49Z INFO ConfigurationManager] Is configured: True
[2023-12-14 22:18:49Z INFO Runner] Set runner startup type - Service
[2023-12-14 22:18:49Z INFO CommandSettings] Flag 'once': 'False'
[2023-12-14 22:18:49Z INFO CommandSettings] Flag 'once': 'False'
[2023-12-14 22:18:49Z INFO Runner] RunAsync
[2023-12-14 22:18:50Z INFO ConfigurationManager] LoadSettings
[2023-12-14 22:18:50Z INFO ConfigurationStore] IsConfigured()
[2023-12-14 22:18:50Z INFO ConfigurationStore] IsConfigured: True
[2023-12-14 22:18:50Z INFO ConfigurationManager] Is configured: True
[2023-12-14 22:18:50Z INFO ConfigurationManager] Settings Loaded
[2023-12-14 22:18:50Z INFO MessageListener] {
  "AgentId": 2,
  "AgentName": "8QSMSZ2",
  "PoolId": 1,
  "PoolName": "Default",
  "ServerUrl": "https://pipelinesghubeus25.actions.githubusercontent.com/iYYAtSsEqUweqpQfm0p1oER9WBE6Vr5KUnINGthomCyY3bNhMO/",
  "GitHubUrl": "https://github.com/tannerpresscorp/PowerShell",
  "WorkFolder": "_self-hosted"
}
[2023-12-14 22:18:50Z INFO MessageListener] Loading Credentials
[2023-12-14 22:18:50Z INFO ConfigurationStore] HasCredentials()
[2023-12-14 22:18:50Z INFO ConfigurationStore] stored True
[2023-12-14 22:18:50Z INFO CredentialManager] GetCredentialProvider
[2023-12-14 22:18:50Z INFO CredentialManager] Creating type OAuth
[2023-12-14 22:18:50Z INFO CredentialManager] Creating credential type: OAuth
[2023-12-14 22:18:51Z INFO HostContext] Well known directory 'Bin': 'C:\PowerShell\actions-runner\bin'
[2023-12-14 22:18:51Z INFO HostContext] Well known directory 'Root': 'C:\PowerShell\actions-runner'
[2023-12-14 22:18:51Z INFO HostContext] Well known config file 'RSACredentials': 'C:\PowerShell\actions-runner\.credentials_rsaparams'
[2023-12-14 22:18:51Z INFO RSAEncryptedFileKeyManager] Loading RSA key parameters from file C:\PowerShell\actions-runner\.credentials_rsaparams
[2023-12-14 22:18:51Z INFO MessageListener] Attempt to create session.
[2023-12-14 22:18:51Z INFO MessageListener] Connecting to the Runner Server...
[2023-12-14 22:18:52Z INFO RunnerServer] EstablishVssConnection
[2023-12-14 22:18:52Z INFO RunnerServer] Establish connection with 100 seconds timeout.
[2023-12-14 22:19:02Z INFO GitHubActionsService] Starting operation Location.GetConnectionData
[2023-12-14 22:19:04Z INFO RunnerServer] EstablishVssConnection
[2023-12-14 22:19:04Z INFO RunnerServer] Establish connection with 60 seconds timeout.
[2023-12-14 22:19:05Z INFO GitHubActionsService] Starting operation Location.GetConnectionData
[2023-12-14 22:19:05Z INFO RunnerServer] EstablishVssConnection
[2023-12-14 22:19:05Z INFO RunnerServer] Establish connection with 60 seconds timeout.
[2023-12-14 22:19:05Z INFO GitHubActionsService] Starting operation Location.GetConnectionData
[2023-12-14 22:19:14Z INFO GitHubActionsService] Finished operation Location.GetConnectionData
[2023-12-14 22:19:14Z INFO GitHubActionsService] Finished operation Location.GetConnectionData
[2023-12-14 22:19:14Z INFO GitHubActionsService] Finished operation Location.GetConnectionData
[2023-12-14 22:19:15Z INFO MessageListener] VssConnection created
[2023-12-14 22:19:15Z INFO Terminal] WRITE LINE: 
[2023-12-14 22:19:16Z INFO Terminal] WRITE LINE: 
[2023-12-14 22:19:17Z INFO RSAEncryptedFileKeyManager] Loading RSA key parameters from file C:\PowerShell\actions-runner\.credentials_rsaparams
[2023-12-14 22:19:17Z INFO RSAEncryptedFileKeyManager] Loading RSA key parameters from file C:\PowerShell\actions-runner\.credentials_rsaparams
[2023-12-14 22:19:18Z INFO GitHubActionsService] AAD Correlation ID for this token request: Unknown
[2023-12-14 22:19:18Z INFO MessageListener] Session created.
[2023-12-14 22:19:18Z INFO Terminal] WRITE LINE: Current runner version: '2.311.0'
[2023-12-14 22:19:20Z INFO Terminal] WRITE LINE: 2023-12-14 22:19:18Z: Listening for Jobs
[2023-12-14 22:19:20Z INFO JobDispatcher] Set runner/worker IPC timeout to 30 seconds.
[2023-12-14 22:49:36Z INFO MessageListener] No message retrieved from session 'fe08082f-3d84-4fb9-9627-7efb414b8f5f' within last 30 minutes.
[2023-12-14 23:14:53Z INFO RSAEncryptedFileKeyManager] Loading RSA key parameters from file C:\PowerShell\actions-runner\.credentials_rsaparams
[2023-12-14 23:14:53Z INFO GitHubActionsService] AAD Correlation ID for this token request: Unknown
[2023-12-14 23:19:55Z INFO MessageListener] No message retrieved from session 'fe08082f-3d84-4fb9-9627-7efb414b8f5f' within last 30 minutes.
[2023-12-14 23:50:11Z INFO MessageListener] No message retrieved from session 'fe08082f-3d84-4fb9-9627-7efb414b8f5f' within last 30 minutes.
[2023-12-15 00:10:21Z INFO RSAEncryptedFileKeyManager] Loading RSA key parameters from file C:\PowerShell\actions-runner\.credentials_rsaparams
[2023-12-15 00:10:22Z INFO GitHubActionsService] AAD Correlation ID for this token request: Unknown
[2023-12-15 00:20:26Z INFO MessageListener] No message retrieved from session 'fe08082f-3d84-4fb9-9627-7efb414b8f5f' within last 30 minutes.
[2023-12-15 00:50:36Z INFO MessageListener] No message retrieved from session 'fe08082f-3d84-4fb9-9627-7efb414b8f5f' within last 30 minutes.
[2023-12-15 01:05:45Z INFO RSAEncryptedFileKeyManager] Loading RSA key parameters from file C:\PowerShell\actions-runner\.credentials_rsaparams
[2023-12-15 01:05:46Z INFO GitHubActionsService] AAD Correlation ID for this token request: Unknown
[2023-12-15 01:19:06Z INFO RSAEncryptedFileKeyManager] Loading RSA key parameters from file C:\PowerShell\actions-runner\.credentials_rsaparams
[2023-12-15 01:19:06Z INFO MessageListener] Message '4' received from session 'fe08082f-3d84-4fb9-9627-7efb414b8f5f'.
[2023-12-15 01:19:06Z INFO Runner] Received job message of length 50053 from service, with hash 'a90d2d797d10a598555edd5829f557f74e24a2edc458729a11417bf241214d91'
[2023-12-15 01:19:06Z INFO JobDispatcher] Job request 21 for plan e63ac8e0-4fb2-43fd-871e-5d9ae0d6e780 job ca395085-040a-526b-2ce8-bdc85f692774 received.
[2023-12-15 01:19:06Z INFO JobDispatcher] Pull OrchestrationId e63ac8e0-4fb2-43fd-871e-5d9ae0d6e780.build.__default from JWT claims
[2023-12-15 01:19:06Z INFO Terminal] WRITE LINE: 2023-12-15 01:19:06Z: Running job: build
[2023-12-15 01:19:06Z INFO JobDispatcher] Start renew job request 21 for job ca395085-040a-526b-2ce8-bdc85f692774.
[2023-12-15 01:19:09Z INFO JobDispatcher] Successfully renew job request 21, job is valid till 12/15/2023 1:29:10 AM
[2023-12-15 01:19:09Z INFO HostContext] Well known directory 'Bin': 'C:\PowerShell\actions-runner\bin'
[2023-12-15 01:19:09Z INFO ProcessInvokerWrapper] Starting process:
[2023-12-15 01:19:09Z INFO ProcessInvokerWrapper]   File name: 'C:\PowerShell\actions-runner\bin\Runner.Worker.exe'
[2023-12-15 01:19:09Z INFO ProcessInvokerWrapper]   Arguments: 'spawnclient 2472 1984'
[2023-12-15 01:19:09Z INFO ProcessInvokerWrapper]   Working directory: 'C:\PowerShell\actions-runner\bin'
[2023-12-15 01:19:09Z INFO ProcessInvokerWrapper]   Require exit code zero: 'False'
[2023-12-15 01:19:09Z INFO ProcessInvokerWrapper]   Encoding web name:  ; code page: ''
[2023-12-15 01:19:09Z INFO ProcessInvokerWrapper]   Force kill process on cancellation: 'True'
[2023-12-15 01:19:09Z INFO ProcessInvokerWrapper]   Redirected STDIN: 'False'
[2023-12-15 01:19:09Z INFO ProcessInvokerWrapper]   Persist current code page: 'False'
[2023-12-15 01:19:09Z INFO ProcessInvokerWrapper]   Keep redirected STDIN open: 'False'
[2023-12-15 01:19:09Z INFO ProcessInvokerWrapper]   High priority process: 'True'
[2023-12-15 01:19:09Z INFO ProcessInvokerWrapper] Process started with process id 21640, waiting for process exit.
[2023-12-15 01:19:09Z INFO JobDispatcher] Send job request message to worker for job ca395085-040a-526b-2ce8-bdc85f692774.
[2023-12-15 01:19:10Z INFO ProcessChannel] Sending message of length 50053, with hash 'a90d2d797d10a598555edd5829f557f74e24a2edc458729a11417bf241214d91'
[2023-12-15 01:19:15Z INFO JobNotification] Entering JobStarted Notification
[2023-12-15 01:19:15Z INFO JobNotification] Entering StartMonitor
[2023-12-15 01:20:03Z INFO ProcessInvokerWrapper] STDOUT/STDERR stream read finished.
[2023-12-15 01:20:03Z INFO ProcessInvokerWrapper] STDOUT/STDERR stream read finished.
[2023-12-15 01:20:03Z INFO ProcessInvokerWrapper] Finished process 21640 with exit code 102, and elapsed time 00:00:53.6994387.
[2023-12-15 01:20:03Z INFO JobDispatcher] Worker finished for job ca395085-040a-526b-2ce8-bdc85f692774. Code: 102
[2023-12-15 01:20:03Z INFO JobDispatcher] finish job request for job ca395085-040a-526b-2ce8-bdc85f692774 with result: Failed
[2023-12-15 01:20:03Z INFO Terminal] WRITE LINE: 2023-12-15 01:20:03Z: Job build completed with result: Failed
[2023-12-15 01:20:03Z INFO JobDispatcher] Stop renew job request for job ca395085-040a-526b-2ce8-bdc85f692774.
[2023-12-15 01:20:03Z INFO JobDispatcher] job renew has been cancelled, stop renew job request 21.
[2023-12-15 01:20:03Z INFO JobNotification] Entering JobCompleted Notification
[2023-12-15 01:20:03Z INFO JobNotification] Entering EndMonitor
[2023-12-15 01:49:21Z INFO MessageListener] No message retrieved from session 'fe08082f-3d84-4fb9-9627-7efb414b8f5f' within last 30 minutes.
[2023-12-15 02:01:06Z INFO RSAEncryptedFileKeyManager] Loading RSA key parameters from file C:\PowerShell\actions-runner\.credentials_rsaparams
[2023-12-15 02:01:07Z INFO GitHubActionsService] AAD Correlation ID for this token request: Unknown
[2023-12-15 02:19:37Z INFO MessageListener] No message retrieved from session 'fe08082f-3d84-4fb9-9627-7efb414b8f5f' within last 30 minutes.
[2023-12-15 02:49:49Z INFO MessageListener] No message retrieved from session 'fe08082f-3d84-4fb9-9627-7efb414b8f5f' within last 30 minutes.
[2023-12-15 02:56:34Z INFO RSAEncryptedFileKeyManager] Loading RSA key parameters from file C:\PowerShell\actions-runner\.credentials_rsaparams
[2023-12-15 02:56:41Z INFO GitHubActionsService] AAD Correlation ID for this token request: Unknown
[2023-12-15 02:56:41Z WARN GitHubActionsService] Retrieving an AAD auth token took a long time (7.154529 seconds)
[2023-12-15 02:57:32Z WARN GitHubActionsService] GET request to https://pipelinesghubeus25.actions.githubusercontent.com/iYYAtSsEqUweqpQfm0p1oER9WBE6Vr5KUnINGthomCyY3bNhMO/_apis/distributedtask/pools/1/messages?sessionId=fe08082f-3d84-4fb9-9627-7efb414b8f5f&lastMessageId=4&status=Online&runnerVersion=2.311.0&os=Windows&architecture=X64 timed out after 60 seconds.
[2023-12-15 02:57:32Z ERR  MessageListener] Catch exception during get next message.
[2023-12-15 02:57:33Z ERR  MessageListener] System.TimeoutException: The HTTP request timed out after 00:01:00.
 ---> System.Threading.Tasks.TaskCanceledException: The operation was canceled.
 ---> System.IO.IOException: Unable to read data from the transport connection: The I/O operation has been aborted because of either a thread exit or an application request..
 ---> System.Net.Sockets.SocketException (995): The I/O operation has been aborted because of either a thread exit or an application request.
   --- End of inner exception stack trace ---
   at System.Net.Sockets.Socket.AwaitableSocketAsyncEventArgs.ThrowException(SocketError error, CancellationToken cancellationToken)
   at System.Net.Sockets.Socket.AwaitableSocketAsyncEventArgs.System.Threading.Tasks.Sources.IValueTaskSource<System.Int32>.GetResult(Int16 token)
   at System.Net.Security.SslStream.EnsureFullTlsFrameAsync[TIOAdapter](TIOAdapter adapter)
   at System.Net.Security.SslStream.ReadAsyncInternal[TIOAdapter](TIOAdapter adapter, Memory`1 buffer)
   at System.Net.Http.HttpConnection.SendAsyncCore(HttpRequestMessage request, Boolean async, CancellationToken cancellationToken)
   --- End of inner exception stack trace ---
   at System.Net.Http.HttpConnection.SendAsyncCore(HttpRequestMessage request, Boolean async, CancellationToken cancellationToken)
   at System.Net.Http.AuthenticationHelper.SendWithNtAuthAsync(HttpRequestMessage request, Uri authUri, Boolean async, ICredentials credentials, Boolean isProxyAuth, HttpConnection connection, HttpConnectionPool connectionPool, CancellationToken cancellationToken)
   at System.Net.Http.HttpConnectionPool.SendWithVersionDetectionAndRetryAsync(HttpRequestMessage request, Boolean async, Boolean doRequestAuth, CancellationToken cancellationToken)
   at System.Net.Http.AuthenticationHelper.SendWithAuthAsync(HttpRequestMessage request, Uri authUri, Boolean async, ICredentials credentials, Boolean preAuthenticate, Boolean isProxyAuth, Boolean doRequestAuth, HttpConnectionPool pool, CancellationToken cancellationToken)
   at System.Net.Http.DecompressionHandler.SendAsync(HttpRequestMessage request, Boolean async, CancellationToken cancellationToken)
   at GitHub.Services.Common.VssHttpMessageHandler.SendAsync(HttpRequestMessage request, CancellationToken cancellationToken)
   --- End of inner exception stack trace ---
   at GitHub.Services.Common.VssHttpMessageHandler.SendAsync(HttpRequestMessage request, CancellationToken cancellationToken)
   at GitHub.Services.Common.VssHttpRetryMessageHandler.SendAsync(HttpRequestMessage request, CancellationToken cancellationToken)
   at System.Net.Http.HttpClient.<SendAsync>g__Core|83_0(HttpRequestMessage request, HttpCompletionOption completionOption, CancellationTokenSource cts, Boolean disposeCts, CancellationTokenSource pendingRequestsCts, CancellationToken originalCancellationToken)
   at GitHub.Services.WebApi.VssHttpClientBase.SendAsync(HttpRequestMessage message, HttpCompletionOption completionOption, Object userState, CancellationToken cancellationToken)
   at GitHub.Services.WebApi.VssHttpClientBase.SendAsync[T](HttpRequestMessage message, Object userState, CancellationToken cancellationToken)
   at GitHub.Services.WebApi.VssHttpClientBase.SendAsync[T](HttpMethod method, IEnumerable`1 additionalHeaders, Guid locationId, Object routeValues, ApiResourceVersion version, HttpContent content, IEnumerable`1 queryParameters, Object userState, CancellationToken cancellationToken)
   at GitHub.Runner.Listener.MessageListener.GetNextMessageAsync(CancellationToken token)
[2023-12-15 02:57:33Z ERR  MessageListener] #####################################################
[2023-12-15 02:57:33Z ERR  MessageListener] System.Threading.Tasks.TaskCanceledException: The operation was canceled.
 ---> System.IO.IOException: Unable to read data from the transport connection: The I/O operation has been aborted because of either a thread exit or an application request..
 ---> System.Net.Sockets.SocketException (995): The I/O operation has been aborted because of either a thread exit or an application request.
   --- End of inner exception stack trace ---
   at System.Net.Sockets.Socket.AwaitableSocketAsyncEventArgs.ThrowException(SocketError error, CancellationToken cancellationToken)
   at System.Net.Sockets.Socket.AwaitableSocketAsyncEventArgs.System.Threading.Tasks.Sources.IValueTaskSource<System.Int32>.GetResult(Int16 token)
   at System.Net.Security.SslStream.EnsureFullTlsFrameAsync[TIOAdapter](TIOAdapter adapter)
   at System.Net.Security.SslStream.ReadAsyncInternal[TIOAdapter](TIOAdapter adapter, Memory`1 buffer)
   at System.Net.Http.HttpConnection.SendAsyncCore(HttpRequestMessage request, Boolean async, CancellationToken cancellationToken)
   --- End of inner exception stack trace ---
   at System.Net.Http.HttpConnection.SendAsyncCore(HttpRequestMessage request, Boolean async, CancellationToken cancellationToken)
   at System.Net.Http.AuthenticationHelper.SendWithNtAuthAsync(HttpRequestMessage request, Uri authUri, Boolean async, ICredentials credentials, Boolean isProxyAuth, HttpConnection connection, HttpConnectionPool connectionPool, CancellationToken cancellationToken)
   at System.Net.Http.HttpConnectionPool.SendWithVersionDetectionAndRetryAsync(HttpRequestMessage request, Boolean async, Boolean doRequestAuth, CancellationToken cancellationToken)
   at System.Net.Http.AuthenticationHelper.SendWithAuthAsync(HttpRequestMessage request, Uri authUri, Boolean async, ICredentials credentials, Boolean preAuthenticate, Boolean isProxyAuth, Boolean doRequestAuth, HttpConnectionPool pool, CancellationToken cancellationToken)
   at System.Net.Http.DecompressionHandler.SendAsync(HttpRequestMessage request, Boolean async, CancellationToken cancellationToken)
   at GitHub.Services.Common.VssHttpMessageHandler.SendAsync(HttpRequestMessage request, CancellationToken cancellationToken)
[2023-12-15 02:57:33Z ERR  MessageListener] #####################################################
[2023-12-15 02:57:33Z ERR  MessageListener] System.IO.IOException: Unable to read data from the transport connection: The I/O operation has been aborted because of either a thread exit or an application request..
 ---> System.Net.Sockets.SocketException (995): The I/O operation has been aborted because of either a thread exit or an application request.
   --- End of inner exception stack trace ---
   at System.Net.Sockets.Socket.AwaitableSocketAsyncEventArgs.ThrowException(SocketError error, CancellationToken cancellationToken)
   at System.Net.Sockets.Socket.AwaitableSocketAsyncEventArgs.System.Threading.Tasks.Sources.IValueTaskSource<System.Int32>.GetResult(Int16 token)
   at System.Net.Security.SslStream.EnsureFullTlsFrameAsync[TIOAdapter](TIOAdapter adapter)
   at System.Net.Security.SslStream.ReadAsyncInternal[TIOAdapter](TIOAdapter adapter, Memory`1 buffer)
   at System.Net.Http.HttpConnection.SendAsyncCore(HttpRequestMessage request, Boolean async, CancellationToken cancellationToken)
[2023-12-15 02:57:33Z ERR  MessageListener] #####################################################
[2023-12-15 02:57:33Z ERR  MessageListener] System.Net.Sockets.SocketException (995): The I/O operation has been aborted because of either a thread exit or an application request.
[2023-12-15 02:57:33Z INFO MessageListener] Retriable exception: The HTTP request timed out after 00:01:00.
[2023-12-15 02:57:33Z ERR  Terminal] WRITE ERROR: 2023-12-15 02:57:33Z: Runner connect error: The HTTP request timed out after 00:01:00.. Retrying until reconnected.
[2023-12-15 02:57:33Z INFO RunnerServer] Refresh MessageQueue VssConnection to get on a different AFD node.
[2023-12-15 02:57:33Z INFO RunnerServer] EstablishVssConnection
[2023-12-15 02:57:33Z INFO RunnerServer] Establish connection with 60 seconds timeout.
[2023-12-15 02:57:33Z INFO GitHubActionsService] Starting operation Location.GetConnectionData
[2023-12-15 02:57:40Z INFO GitHubActionsService] Finished operation Location.GetConnectionData
[2023-12-15 02:57:40Z INFO MessageListener] Sleeping for 25.893 seconds before retrying.
[2023-12-15 02:58:56Z INFO Terminal] WRITE LINE: 2023-12-15 02:58:56Z: Runner reconnected.
[2023-12-15 03:20:01Z INFO MessageListener] No message retrieved from session 'fe08082f-3d84-4fb9-9627-7efb414b8f5f' within last 30 minutes.
[2023-12-15 03:50:44Z INFO MessageListener] No message retrieved from session 'fe08082f-3d84-4fb9-9627-7efb414b8f5f' within last 30 minutes.
[2023-12-15 03:52:26Z INFO RSAEncryptedFileKeyManager] Loading RSA key parameters from file C:\PowerShell\actions-runner\.credentials_rsaparams
[2023-12-15 03:52:28Z INFO GitHubActionsService] AAD Correlation ID for this token request: Unknown
[2023-12-15 03:52:28Z WARN GitHubActionsService] Retrieving an AAD auth token took a long time (2.2561026 seconds)
[2023-12-15 04:21:04Z INFO MessageListener] No message retrieved from session 'fe08082f-3d84-4fb9-9627-7efb414b8f5f' within last 30 minutes.
[2023-12-15 04:47:59Z INFO RSAEncryptedFileKeyManager] Loading RSA key parameters from file C:\PowerShell\actions-runner\.credentials_rsaparams
[2023-12-15 04:48:00Z INFO GitHubActionsService] AAD Correlation ID for this token request: Unknown
[2023-12-15 04:51:21Z INFO MessageListener] No message retrieved from session 'fe08082f-3d84-4fb9-9627-7efb414b8f5f' within last 30 minutes.
[2023-12-15 05:21:38Z INFO MessageListener] No message retrieved from session 'fe08082f-3d84-4fb9-9627-7efb414b8f5f' within last 30 minutes.
[2023-12-15 05:43:25Z INFO RSAEncryptedFileKeyManager] Loading RSA key parameters from file C:\PowerShell\actions-runner\.credentials_rsaparams
[2023-12-15 05:43:26Z INFO GitHubActionsService] AAD Correlation ID for this token request: Unknown
[2023-12-15 05:51:49Z INFO MessageListener] No message retrieved from session 'fe08082f-3d84-4fb9-9627-7efb414b8f5f' within last 30 minutes.
[2023-12-15 06:22:02Z INFO MessageListener] No message retrieved from session 'fe08082f-3d84-4fb9-9627-7efb414b8f5f' within last 30 minutes.
[2023-12-15 06:38:46Z INFO RSAEncryptedFileKeyManager] Loading RSA key parameters from file C:\PowerShell\actions-runner\.credentials_rsaparams
[2023-12-15 06:38:47Z INFO GitHubActionsService] AAD Correlation ID for this token request: Unknown
[2023-12-15 06:52:10Z INFO MessageListener] No message retrieved from session 'fe08082f-3d84-4fb9-9627-7efb414b8f5f' within last 30 minutes.
[2023-12-15 07:22:33Z INFO MessageListener] No message retrieved from session 'fe08082f-3d84-4fb9-9627-7efb414b8f5f' within last 30 minutes.
[2023-12-15 07:27:00Z WARN GitHubActionsService] GET request to https://pipelinesghubeus25.actions.githubusercontent.com/iYYAtSsEqUweqpQfm0p1oER9WBE6Vr5KUnINGthomCyY3bNhMO/_apis/distributedtask/pools/1/messages?sessionId=fe08082f-3d84-4fb9-9627-7efb414b8f5f&lastMessageId=4&status=Online&runnerVersion=2.311.0&os=Windows&architecture=X64 timed out after 60 seconds.
[2023-12-15 07:27:00Z ERR  MessageListener] Catch exception during get next message.
[2023-12-15 07:27:00Z ERR  MessageListener] System.TimeoutException: The HTTP request timed out after 00:01:00.
 ---> System.Threading.Tasks.TaskCanceledException: The operation was canceled.
 ---> System.IO.IOException: Unable to read data from the transport connection: The I/O operation has been aborted because of either a thread exit or an application request..
 ---> System.Net.Sockets.SocketException (995): The I/O operation has been aborted because of either a thread exit or an application request.
   --- End of inner exception stack trace ---
   at System.Net.Sockets.Socket.AwaitableSocketAsyncEventArgs.ThrowException(SocketError error, CancellationToken cancellationToken)
   at System.Net.Sockets.Socket.AwaitableSocketAsyncEventArgs.System.Threading.Tasks.Sources.IValueTaskSource<System.Int32>.GetResult(Int16 token)
   at System.Net.Security.SslStream.EnsureFullTlsFrameAsync[TIOAdapter](TIOAdapter adapter)
   at System.Net.Security.SslStream.ReadAsyncInternal[TIOAdapter](TIOAdapter adapter, Memory`1 buffer)
   at System.Net.Http.HttpConnection.SendAsyncCore(HttpRequestMessage request, Boolean async, CancellationToken cancellationToken)
   --- End of inner exception stack trace ---
   at System.Net.Http.HttpConnection.SendAsyncCore(HttpRequestMessage request, Boolean async, CancellationToken cancellationToken)
   at System.Net.Http.AuthenticationHelper.SendWithNtAuthAsync(HttpRequestMessage request, Uri authUri, Boolean async, ICredentials credentials, Boolean isProxyAuth, HttpConnection connection, HttpConnectionPool connectionPool, CancellationToken cancellationToken)
   at System.Net.Http.HttpConnectionPool.SendWithVersionDetectionAndRetryAsync(HttpRequestMessage request, Boolean async, Boolean doRequestAuth, CancellationToken cancellationToken)
   at System.Net.Http.AuthenticationHelper.SendWithAuthAsync(HttpRequestMessage request, Uri authUri, Boolean async, ICredentials credentials, Boolean preAuthenticate, Boolean isProxyAuth, Boolean doRequestAuth, HttpConnectionPool pool, CancellationToken cancellationToken)
   at System.Net.Http.DecompressionHandler.SendAsync(HttpRequestMessage request, Boolean async, CancellationToken cancellationToken)
   at GitHub.Services.Common.VssHttpMessageHandler.SendAsync(HttpRequestMessage request, CancellationToken cancellationToken)
   --- End of inner exception stack trace ---
   at GitHub.Services.Common.VssHttpMessageHandler.SendAsync(HttpRequestMessage request, CancellationToken cancellationToken)
   at GitHub.Services.Common.VssHttpRetryMessageHandler.SendAsync(HttpRequestMessage request, CancellationToken cancellationToken)
   at System.Net.Http.HttpClient.<SendAsync>g__Core|83_0(HttpRequestMessage request, HttpCompletionOption completionOption, CancellationTokenSource cts, Boolean disposeCts, CancellationTokenSource pendingRequestsCts, CancellationToken originalCancellationToken)
   at GitHub.Services.WebApi.VssHttpClientBase.SendAsync(HttpRequestMessage message, HttpCompletionOption completionOption, Object userState, CancellationToken cancellationToken)
   at GitHub.Services.WebApi.VssHttpClientBase.SendAsync[T](HttpRequestMessage message, Object userState, CancellationToken cancellationToken)
   at GitHub.Services.WebApi.VssHttpClientBase.SendAsync[T](HttpMethod method, IEnumerable`1 additionalHeaders, Guid locationId, Object routeValues, ApiResourceVersion version, HttpContent content, IEnumerable`1 queryParameters, Object userState, CancellationToken cancellationToken)
   at GitHub.Runner.Listener.MessageListener.GetNextMessageAsync(CancellationToken token)
[2023-12-15 07:27:00Z ERR  MessageListener] #####################################################
[2023-12-15 07:27:00Z ERR  MessageListener] System.Threading.Tasks.TaskCanceledException: The operation was canceled.
 ---> System.IO.IOException: Unable to read data from the transport connection: The I/O operation has been aborted because of either a thread exit or an application request..
 ---> System.Net.Sockets.SocketException (995): The I/O operation has been aborted because of either a thread exit or an application request.
   --- End of inner exception stack trace ---
   at System.Net.Sockets.Socket.AwaitableSocketAsyncEventArgs.ThrowException(SocketError error, CancellationToken cancellationToken)
   at System.Net.Sockets.Socket.AwaitableSocketAsyncEventArgs.System.Threading.Tasks.Sources.IValueTaskSource<System.Int32>.GetResult(Int16 token)
   at System.Net.Security.SslStream.EnsureFullTlsFrameAsync[TIOAdapter](TIOAdapter adapter)
   at System.Net.Security.SslStream.ReadAsyncInternal[TIOAdapter](TIOAdapter adapter, Memory`1 buffer)
   at System.Net.Http.HttpConnection.SendAsyncCore(HttpRequestMessage request, Boolean async, CancellationToken cancellationToken)
   --- End of inner exception stack trace ---
   at System.Net.Http.HttpConnection.SendAsyncCore(HttpRequestMessage request, Boolean async, CancellationToken cancellationToken)
   at System.Net.Http.AuthenticationHelper.SendWithNtAuthAsync(HttpRequestMessage request, Uri authUri, Boolean async, ICredentials credentials, Boolean isProxyAuth, HttpConnection connection, HttpConnectionPool connectionPool, CancellationToken cancellationToken)
   at System.Net.Http.HttpConnectionPool.SendWithVersionDetectionAndRetryAsync(HttpRequestMessage request, Boolean async, Boolean doRequestAuth, CancellationToken cancellationToken)
   at System.Net.Http.AuthenticationHelper.SendWithAuthAsync(HttpRequestMessage request, Uri authUri, Boolean async, ICredentials credentials, Boolean preAuthenticate, Boolean isProxyAuth, Boolean doRequestAuth, HttpConnectionPool pool, CancellationToken cancellationToken)
   at System.Net.Http.DecompressionHandler.SendAsync(HttpRequestMessage request, Boolean async, CancellationToken cancellationToken)
   at GitHub.Services.Common.VssHttpMessageHandler.SendAsync(HttpRequestMessage request, CancellationToken cancellationToken)
[2023-12-15 07:27:00Z ERR  MessageListener] #####################################################
[2023-12-15 07:27:00Z ERR  MessageListener] System.IO.IOException: Unable to read data from the transport connection: The I/O operation has been aborted because of either a thread exit or an application request..
 ---> System.Net.Sockets.SocketException (995): The I/O operation has been aborted because of either a thread exit or an application request.
   --- End of inner exception stack trace ---
   at System.Net.Sockets.Socket.AwaitableSocketAsyncEventArgs.ThrowException(SocketError error, CancellationToken cancellationToken)
   at System.Net.Sockets.Socket.AwaitableSocketAsyncEventArgs.System.Threading.Tasks.Sources.IValueTaskSource<System.Int32>.GetResult(Int16 token)
   at System.Net.Security.SslStream.EnsureFullTlsFrameAsync[TIOAdapter](TIOAdapter adapter)
   at System.Net.Security.SslStream.ReadAsyncInternal[TIOAdapter](TIOAdapter adapter, Memory`1 buffer)
   at System.Net.Http.HttpConnection.SendAsyncCore(HttpRequestMessage request, Boolean async, CancellationToken cancellationToken)
[2023-12-15 07:27:00Z ERR  MessageListener] #####################################################
[2023-12-15 07:27:00Z ERR  MessageListener] System.Net.Sockets.SocketException (995): The I/O operation has been aborted because of either a thread exit or an application request.
[2023-12-15 07:27:00Z INFO MessageListener] Retriable exception: The HTTP request timed out after 00:01:00.
[2023-12-15 07:27:00Z ERR  Terminal] WRITE ERROR: 2023-12-15 07:27:00Z: Runner connect error: The HTTP request timed out after 00:01:00.. Retrying until reconnected.
[2023-12-15 07:27:00Z INFO RunnerServer] Refresh MessageQueue VssConnection to get on a different AFD node.
[2023-12-15 07:27:00Z INFO RunnerServer] EstablishVssConnection
[2023-12-15 07:27:00Z INFO RunnerServer] Establish connection with 60 seconds timeout.
[2023-12-15 07:27:00Z INFO GitHubActionsService] Starting operation Location.GetConnectionData
[2023-12-15 07:27:02Z INFO GitHubActionsService] Finished operation Location.GetConnectionData
[2023-12-15 07:27:02Z INFO MessageListener] Sleeping for 28.273 seconds before retrying.
[2023-12-15 07:28:21Z INFO Terminal] WRITE LINE: 2023-12-15 07:28:21Z: Runner reconnected.
[2023-12-15 07:34:14Z INFO RSAEncryptedFileKeyManager] Loading RSA key parameters from file C:\PowerShell\actions-runner\.credentials_rsaparams
[2023-12-15 07:34:15Z INFO GitHubActionsService] AAD Correlation ID for this token request: Unknown
[2023-12-15 07:52:43Z INFO MessageListener] No message retrieved from session 'fe08082f-3d84-4fb9-9627-7efb414b8f5f' within last 30 minutes.
[2023-12-15 08:23:00Z INFO MessageListener] No message retrieved from session 'fe08082f-3d84-4fb9-9627-7efb414b8f5f' within last 30 minutes.
[2023-12-15 08:29:46Z INFO RSAEncryptedFileKeyManager] Loading RSA key parameters from file C:\PowerShell\actions-runner\.credentials_rsaparams
[2023-12-15 08:29:50Z INFO GitHubActionsService] AAD Correlation ID for this token request: Unknown
[2023-12-15 08:29:50Z WARN GitHubActionsService] Retrieving an AAD auth token took a long time (4.3809337 seconds)
[2023-12-15 08:53:26Z INFO MessageListener] No message retrieved from session 'fe08082f-3d84-4fb9-9627-7efb414b8f5f' within last 30 minutes.
[2023-12-15 09:23:43Z INFO MessageListener] No message retrieved from session 'fe08082f-3d84-4fb9-9627-7efb414b8f5f' within last 30 minutes.
[2023-12-15 09:25:23Z INFO RSAEncryptedFileKeyManager] Loading RSA key parameters from file C:\PowerShell\actions-runner\.credentials_rsaparams
[2023-12-15 09:25:24Z INFO GitHubActionsService] AAD Correlation ID for this token request: Unknown
[2023-12-15 09:49:22Z INFO HostContext] Runner will be shutdown for UserCancelled
[2023-12-15 09:49:22Z WARN GitHubActionsService] GET request to https://pipelinesghubeus25.actions.githubusercontent.com/iYYAtSsEqUweqpQfm0p1oER9WBE6Vr5KUnINGthomCyY3bNhMO/_apis/distributedtask/pools/1/messages?sessionId=fe08082f-3d84-4fb9-9627-7efb414b8f5f&lastMessageId=4&status=Online&runnerVersion=2.311.0&os=Windows&architecture=X64 has been cancelled.
[2023-12-15 09:49:22Z INFO MessageListener] Get next message has been cancelled.
[2023-12-15 09:49:22Z INFO JobDispatcher] Shutting down JobDispatcher. Make sure all WorkerDispatcher has finished.
[2023-12-15 09:49:22Z INFO JobDispatcher] Ensure WorkerDispatcher for job ca395085-040a-526b-2ce8-bdc85f692774 run to finish, cancel any running job.
[2023-12-15 09:49:22Z INFO JobDispatcher] Job request ca395085-040a-526b-2ce8-bdc85f692774 processed succeed.
[2023-12-15 09:49:23Z INFO Listener] Runner execution been cancelled.
