[2023-12-17 06:45:31Z INFO HostContext] No proxy settings were found based on environmental variables (http_proxy/https_proxy/HTTP_PROXY/HTTPS_PROXY)
[2023-12-17 06:45:31Z INFO HostContext] Well known directory 'Bin': 'C:\PowerShell\actions-runner\bin'
[2023-12-17 06:45:31Z INFO HostContext] Well known directory 'Root': 'C:\PowerShell\actions-runner'
[2023-12-17 06:45:31Z INFO HostContext] Well known config file 'Credentials': 'C:\PowerShell\actions-runner\.credentials'
[2023-12-17 06:45:47Z INFO HostContext] Well known directory 'Bin': 'C:\PowerShell\actions-runner\bin'
[2023-12-17 06:45:47Z INFO HostContext] Well known directory 'Root': 'C:\PowerShell\actions-runner'
[2023-12-17 06:45:47Z INFO HostContext] Well known config file 'Runner': 'C:\PowerShell\actions-runner\.runner'
[2023-12-17 06:45:48Z INFO Listener] Runner is built for Windows (X64) - win-x64.
[2023-12-17 06:45:48Z INFO Listener] RuntimeInformation: Microsoft Windows 10.0.23606.
[2023-12-17 06:45:49Z INFO Listener] Version: 2.311.0
[2023-12-17 06:45:49Z INFO Listener] Commit: f5cff308c83746dddd726a9a28a1583872305aaa
[2023-12-17 06:45:49Z INFO Listener] Culture: en-US
[2023-12-17 06:45:49Z INFO Listener] UI Culture: en-US
[2023-12-17 06:45:49Z INFO HostContext] Well known directory 'Bin': 'C:\PowerShell\actions-runner\bin'
[2023-12-17 06:45:49Z INFO HostContext] Well known directory 'Root': 'C:\PowerShell\actions-runner'
[2023-12-17 06:45:49Z INFO Listener] Validating directory permissions for: 'C:\PowerShell\actions-runner'
[2023-12-17 06:45:49Z INFO CommandLineParser] Parse
[2023-12-17 06:45:49Z INFO CommandLineParser] Parsing 3 args
[2023-12-17 06:45:49Z INFO CommandLineParser] parsing argument
[2023-12-17 06:45:49Z INFO CommandLineParser] HasArgs: False
[2023-12-17 06:45:49Z INFO CommandLineParser] Adding Command: run
[2023-12-17 06:45:49Z INFO CommandLineParser] parsing argument
[2023-12-17 06:45:49Z INFO CommandLineParser] HasArgs: True
[2023-12-17 06:45:49Z INFO CommandLineParser] arg: startuptype
[2023-12-17 06:45:49Z INFO CommandLineParser] parsing argument
[2023-12-17 06:45:49Z INFO CommandLineParser] HasArgs: True
[2023-12-17 06:45:49Z INFO CommandLineParser] Adding option 'startuptype': 'service'
[2023-12-17 06:45:49Z INFO Listener] Arguments parsed
[2023-12-17 06:45:50Z INFO Runner] ExecuteCommand
[2023-12-17 06:45:50Z INFO ConfigurationStore] currentAssemblyLocation: C:\PowerShell\actions-runner\bin\Runner.Listener.dll
[2023-12-17 06:45:50Z INFO HostContext] Well known directory 'Bin': 'C:\PowerShell\actions-runner\bin'
[2023-12-17 06:45:50Z INFO ConfigurationStore] binPath: C:\PowerShell\actions-runner\bin
[2023-12-17 06:45:50Z INFO HostContext] Well known directory 'Bin': 'C:\PowerShell\actions-runner\bin'
[2023-12-17 06:45:50Z INFO HostContext] Well known directory 'Root': 'C:\PowerShell\actions-runner'
[2023-12-17 06:45:50Z INFO ConfigurationStore] RootFolder: C:\PowerShell\actions-runner
[2023-12-17 06:45:50Z INFO HostContext] Well known directory 'Bin': 'C:\PowerShell\actions-runner\bin'
[2023-12-17 06:45:50Z INFO HostContext] Well known directory 'Root': 'C:\PowerShell\actions-runner'
[2023-12-17 06:45:50Z INFO HostContext] Well known config file 'Runner': 'C:\PowerShell\actions-runner\.runner'
[2023-12-17 06:45:50Z INFO ConfigurationStore] ConfigFilePath: C:\PowerShell\actions-runner\.runner
[2023-12-17 06:45:50Z INFO HostContext] Well known directory 'Bin': 'C:\PowerShell\actions-runner\bin'
[2023-12-17 06:45:50Z INFO HostContext] Well known directory 'Root': 'C:\PowerShell\actions-runner'
[2023-12-17 06:45:50Z INFO HostContext] Well known config file 'Credentials': 'C:\PowerShell\actions-runner\.credentials'
[2023-12-17 06:45:50Z INFO ConfigurationStore] CredFilePath: C:\PowerShell\actions-runner\.credentials
[2023-12-17 06:45:50Z INFO HostContext] Well known directory 'Bin': 'C:\PowerShell\actions-runner\bin'
[2023-12-17 06:45:50Z INFO HostContext] Well known directory 'Root': 'C:\PowerShell\actions-runner'
[2023-12-17 06:45:50Z INFO HostContext] Well known config file 'MigratedCredentials': 'C:\PowerShell\actions-runner\.credentials_migrated'
[2023-12-17 06:45:50Z INFO ConfigurationStore] MigratedCredFilePath: C:\PowerShell\actions-runner\.credentials_migrated
[2023-12-17 06:45:50Z INFO HostContext] Well known directory 'Bin': 'C:\PowerShell\actions-runner\bin'
[2023-12-17 06:45:50Z INFO HostContext] Well known directory 'Root': 'C:\PowerShell\actions-runner'
[2023-12-17 06:45:50Z INFO HostContext] Well known config file 'Service': 'C:\PowerShell\actions-runner\.service'
[2023-12-17 06:45:50Z INFO ConfigurationStore] ServiceConfigFilePath: C:\PowerShell\actions-runner\.service
[2023-12-17 06:45:50Z INFO CommandSettings] Flag 'help': 'False'
[2023-12-17 06:45:50Z INFO CommandSettings] Flag 'version': 'False'
[2023-12-17 06:45:50Z INFO CommandSettings] Flag 'commit': 'False'
[2023-12-17 06:45:50Z INFO CommandSettings] Flag 'check': 'False'
[2023-12-17 06:45:51Z INFO CommandSettings] Command 'configure': 'False'
[2023-12-17 06:45:51Z INFO CommandSettings] Command 'remove': 'False'
[2023-12-17 06:45:51Z INFO CommandSettings] Command 'warmup': 'False'
[2023-12-17 06:45:51Z INFO ConfigurationManager] LoadSettings
[2023-12-17 06:45:51Z INFO ConfigurationStore] IsConfigured()
[2023-12-17 06:45:51Z INFO ConfigurationStore] IsConfigured: True
[2023-12-17 06:45:51Z INFO ConfigurationManager] Is configured: True
[2023-12-17 06:45:51Z INFO ConfigurationStore] Read setting file: 315 chars
[2023-12-17 06:45:51Z INFO ConfigurationManager] Settings Loaded
[2023-12-17 06:45:51Z INFO ConfigurationStore] IsServiceConfigured()
[2023-12-17 06:45:51Z INFO ConfigurationStore] IsServiceConfigured: True
[2023-12-17 06:45:51Z INFO CommandSettings] Command 'run': 'True'
[2023-12-17 06:45:51Z INFO ConfigurationStore] IsConfigured()
[2023-12-17 06:45:51Z INFO ConfigurationStore] IsConfigured: True
[2023-12-17 06:45:51Z INFO ConfigurationManager] Is configured: True
[2023-12-17 06:45:51Z INFO Runner] Set runner startup type - Service
[2023-12-17 06:45:51Z INFO CommandSettings] Flag 'once': 'False'
[2023-12-17 06:45:51Z INFO CommandSettings] Flag 'once': 'False'
[2023-12-17 06:45:51Z INFO Runner] RunAsync
[2023-12-17 06:45:51Z INFO ConfigurationManager] LoadSettings
[2023-12-17 06:45:51Z INFO ConfigurationStore] IsConfigured()
[2023-12-17 06:45:51Z INFO ConfigurationStore] IsConfigured: True
[2023-12-17 06:45:51Z INFO ConfigurationManager] Is configured: True
[2023-12-17 06:45:51Z INFO ConfigurationManager] Settings Loaded
[2023-12-17 06:45:52Z INFO MessageListener] {
  "AgentId": 2,
  "AgentName": "8QSMSZ2",
  "PoolId": 1,
  "PoolName": "Default",
  "ServerUrl": "https://pipelinesghubeus25.actions.githubusercontent.com/iYYAtSsEqUweqpQfm0p1oER9WBE6Vr5KUnINGthomCyY3bNhMO/",
  "GitHubUrl": "https://github.com/tannerpresscorp/PowerShell",
  "WorkFolder": "_self-hosted"
}
[2023-12-17 06:45:52Z INFO MessageListener] Loading Credentials
[2023-12-17 06:45:52Z INFO ConfigurationStore] HasCredentials()
[2023-12-17 06:45:52Z INFO ConfigurationStore] stored True
[2023-12-17 06:45:52Z INFO CredentialManager] GetCredentialProvider
[2023-12-17 06:45:52Z INFO CredentialManager] Creating type OAuth
[2023-12-17 06:45:52Z INFO CredentialManager] Creating credential type: OAuth
[2023-12-17 06:45:53Z INFO HostContext] Well known directory 'Bin': 'C:\PowerShell\actions-runner\bin'
[2023-12-17 06:45:53Z INFO HostContext] Well known directory 'Root': 'C:\PowerShell\actions-runner'
[2023-12-17 06:45:53Z INFO HostContext] Well known config file 'RSACredentials': 'C:\PowerShell\actions-runner\.credentials_rsaparams'
[2023-12-17 06:45:53Z INFO RSAEncryptedFileKeyManager] Loading RSA key parameters from file C:\PowerShell\actions-runner\.credentials_rsaparams
[2023-12-17 06:45:54Z INFO MessageListener] Attempt to create session.
[2023-12-17 06:45:54Z INFO MessageListener] Connecting to the Runner Server...
[2023-12-17 06:45:54Z INFO RunnerServer] EstablishVssConnection
[2023-12-17 06:45:54Z INFO RunnerServer] Establish connection with 100 seconds timeout.
[2023-12-17 06:46:02Z INFO GitHubActionsService] Starting operation Location.GetConnectionData
[2023-12-17 06:46:04Z INFO RunnerServer] EstablishVssConnection
[2023-12-17 06:46:04Z INFO RunnerServer] Establish connection with 60 seconds timeout.
[2023-12-17 06:46:06Z INFO GitHubActionsService] Starting operation Location.GetConnectionData
[2023-12-17 06:46:06Z INFO RunnerServer] EstablishVssConnection
[2023-12-17 06:46:06Z INFO RunnerServer] Establish connection with 60 seconds timeout.
[2023-12-17 06:46:06Z INFO GitHubActionsService] Starting operation Location.GetConnectionData
[2023-12-17 06:46:14Z INFO GitHubActionsService] Finished operation Location.GetConnectionData
[2023-12-17 06:46:14Z INFO GitHubActionsService] Finished operation Location.GetConnectionData
[2023-12-17 06:46:14Z INFO GitHubActionsService] Finished operation Location.GetConnectionData
[2023-12-17 06:46:17Z INFO MessageListener] VssConnection created
[2023-12-17 06:46:17Z INFO Terminal] WRITE LINE: 
[2023-12-17 06:46:17Z INFO Terminal] WRITE LINE: 
[2023-12-17 06:46:18Z INFO RSAEncryptedFileKeyManager] Loading RSA key parameters from file C:\PowerShell\actions-runner\.credentials_rsaparams
[2023-12-17 06:46:18Z INFO RSAEncryptedFileKeyManager] Loading RSA key parameters from file C:\PowerShell\actions-runner\.credentials_rsaparams
[2023-12-17 06:46:19Z INFO GitHubActionsService] AAD Correlation ID for this token request: Unknown
[2023-12-17 06:46:19Z INFO MessageListener] Session created.
[2023-12-17 06:46:19Z INFO Terminal] WRITE LINE: Current runner version: '2.311.0'
[2023-12-17 06:46:21Z INFO Terminal] WRITE LINE: 2023-12-17 06:46:19Z: Listening for Jobs
[2023-12-17 06:46:21Z INFO JobDispatcher] Set runner/worker IPC timeout to 30 seconds.
[2023-12-17 07:16:27Z INFO MessageListener] No message retrieved from session '18f17926-da47-4d0c-9156-f08217eafee3' within last 30 minutes.
[2023-12-17 07:31:02Z WARN GitHubActionsService] Attempt 1 of GET request to https://pipelinesghubeus25.actions.githubusercontent.com/iYYAtSsEqUweqpQfm0p1oER9WBE6Vr5KUnINGthomCyY3bNhMO/_apis/distributedtask/pools/1/messages?sessionId=18f17926-da47-4d0c-9156-f08217eafee3&status=Online&runnerVersion=2.311.0&os=Windows&architecture=X64 failed (Socket Error: TimedOut). The operation will be retried in 10.92 seconds.
[2023-12-17 07:31:32Z WARN GitHubActionsService] Attempt 2 of GET request to https://pipelinesghubeus25.actions.githubusercontent.com/iYYAtSsEqUweqpQfm0p1oER9WBE6Vr5KUnINGthomCyY3bNhMO/_apis/distributedtask/pools/1/messages?sessionId=18f17926-da47-4d0c-9156-f08217eafee3&status=Online&runnerVersion=2.311.0&os=Windows&architecture=X64 failed (Socket Error: TimedOut). The operation will be retried in 13.321 seconds.
[2023-12-17 07:32:05Z WARN GitHubActionsService] Attempt 3 of GET request to https://pipelinesghubeus25.actions.githubusercontent.com/iYYAtSsEqUweqpQfm0p1oER9WBE6Vr5KUnINGthomCyY3bNhMO/_apis/distributedtask/pools/1/messages?sessionId=18f17926-da47-4d0c-9156-f08217eafee3&status=Online&runnerVersion=2.311.0&os=Windows&architecture=X64 failed (Socket Error: TimedOut). The operation will be retried in 17.07 seconds.
[2023-12-17 07:32:41Z ERR  GitHubActionsService] Attempt 4 of GET request to https://pipelinesghubeus25.actions.githubusercontent.com/iYYAtSsEqUweqpQfm0p1oER9WBE6Vr5KUnINGthomCyY3bNhMO/_apis/distributedtask/pools/1/messages?sessionId=18f17926-da47-4d0c-9156-f08217eafee3&status=Online&runnerVersion=2.311.0&os=Windows&architecture=X64 failed (Socket Error: TimedOut). The maximum number of attempts has been reached.
[2023-12-17 07:32:41Z ERR  MessageListener] Catch exception during get next message.
[2023-12-17 07:32:41Z ERR  MessageListener] System.Net.Http.HttpRequestException: The SSL connection could not be established, see inner exception.
 ---> System.IO.IOException: Unable to read data from the transport connection: A connection attempt failed because the connected party did not properly respond after a period of time, or established connection failed because connected host has failed to respond..
 ---> System.Net.Sockets.SocketException (10060): A connection attempt failed because the connected party did not properly respond after a period of time, or established connection failed because connected host has failed to respond.
   --- End of inner exception stack trace ---
   at System.Net.Sockets.Socket.AwaitableSocketAsyncEventArgs.ThrowException(SocketError error, CancellationToken cancellationToken)
   at System.Net.Sockets.Socket.AwaitableSocketAsyncEventArgs.System.Threading.Tasks.Sources.IValueTaskSource<System.Int32>.GetResult(Int16 token)
   at System.Net.Security.SslStream.<FillHandshakeBufferAsync>g__InternalFillHandshakeBufferAsync|189_0[TIOAdapter](TIOAdapter adap, ValueTask`1 task, Int32 minSize)
   at System.Net.Security.SslStream.ReceiveBlobAsync[TIOAdapter](TIOAdapter adapter)
   at System.Net.Security.SslStream.ForceAuthenticationAsync[TIOAdapter](TIOAdapter adapter, Boolean receiveFirst, Byte[] reAuthenticationData, Boolean isApm)
   at System.Net.Http.ConnectHelper.EstablishSslConnectionAsync(SslClientAuthenticationOptions sslOptions, HttpRequestMessage request, Boolean async, Stream stream, CancellationToken cancellationToken)
   --- End of inner exception stack trace ---
   at GitHub.Services.Common.VssHttpRetryMessageHandler.SendAsync(HttpRequestMessage request, CancellationToken cancellationToken)
   at System.Net.Http.HttpClient.<SendAsync>g__Core|83_0(HttpRequestMessage request, HttpCompletionOption completionOption, CancellationTokenSource cts, Boolean disposeCts, CancellationTokenSource pendingRequestsCts, CancellationToken originalCancellationToken)
   at GitHub.Services.WebApi.VssHttpClientBase.SendAsync(HttpRequestMessage message, HttpCompletionOption completionOption, Object userState, CancellationToken cancellationToken)
   at GitHub.Services.WebApi.VssHttpClientBase.SendAsync[T](HttpRequestMessage message, Object userState, CancellationToken cancellationToken)
   at GitHub.Services.WebApi.VssHttpClientBase.SendAsync[T](HttpMethod method, IEnumerable`1 additionalHeaders, Guid locationId, Object routeValues, ApiResourceVersion version, HttpContent content, IEnumerable`1 queryParameters, Object userState, CancellationToken cancellationToken)
   at GitHub.Runner.Listener.MessageListener.GetNextMessageAsync(CancellationToken token)
[2023-12-17 07:32:41Z ERR  MessageListener] #####################################################
[2023-12-17 07:32:41Z ERR  MessageListener] System.IO.IOException: Unable to read data from the transport connection: A connection attempt failed because the connected party did not properly respond after a period of time, or established connection failed because connected host has failed to respond..
 ---> System.Net.Sockets.SocketException (10060): A connection attempt failed because the connected party did not properly respond after a period of time, or established connection failed because connected host has failed to respond.
   --- End of inner exception stack trace ---
   at System.Net.Sockets.Socket.AwaitableSocketAsyncEventArgs.ThrowException(SocketError error, CancellationToken cancellationToken)
   at System.Net.Sockets.Socket.AwaitableSocketAsyncEventArgs.System.Threading.Tasks.Sources.IValueTaskSource<System.Int32>.GetResult(Int16 token)
   at System.Net.Security.SslStream.<FillHandshakeBufferAsync>g__InternalFillHandshakeBufferAsync|189_0[TIOAdapter](TIOAdapter adap, ValueTask`1 task, Int32 minSize)
   at System.Net.Security.SslStream.ReceiveBlobAsync[TIOAdapter](TIOAdapter adapter)
   at System.Net.Security.SslStream.ForceAuthenticationAsync[TIOAdapter](TIOAdapter adapter, Boolean receiveFirst, Byte[] reAuthenticationData, Boolean isApm)
   at System.Net.Http.ConnectHelper.EstablishSslConnectionAsync(SslClientAuthenticationOptions sslOptions, HttpRequestMessage request, Boolean async, Stream stream, CancellationToken cancellationToken)
[2023-12-17 07:32:41Z ERR  MessageListener] #####################################################
[2023-12-17 07:32:41Z ERR  MessageListener] System.Net.Sockets.SocketException (10060): A connection attempt failed because the connected party did not properly respond after a period of time, or established connection failed because connected host has failed to respond.
[2023-12-17 07:32:41Z INFO MessageListener] Retriable exception: The SSL connection could not be established, see inner exception.
[2023-12-17 07:32:41Z ERR  Terminal] WRITE ERROR: 2023-12-17 07:32:41Z: Runner connect error: The SSL connection could not be established, see inner exception.. Retrying until reconnected.
[2023-12-17 07:32:41Z INFO RunnerServer] Refresh MessageQueue VssConnection to get on a different AFD node.
[2023-12-17 07:32:41Z INFO RunnerServer] EstablishVssConnection
[2023-12-17 07:32:41Z INFO RunnerServer] Establish connection with 60 seconds timeout.
[2023-12-17 07:32:41Z INFO GitHubActionsService] Starting operation Location.GetConnectionData
[2023-12-17 07:33:01Z WARN GitHubActionsService] Attempt 1 of GET request to https://pipelinesghubeus25.actions.githubusercontent.com/iYYAtSsEqUweqpQfm0p1oER9WBE6Vr5KUnINGthomCyY3bNhMO/_apis/connectionData?connectOptions=0&lastChangeId=4157443&lastChangeId64=4157443 failed (Socket Error: TimedOut). The operation will be retried in 10.881 seconds.
[2023-12-17 07:33:31Z WARN GitHubActionsService] Attempt 2 of GET request to https://pipelinesghubeus25.actions.githubusercontent.com/iYYAtSsEqUweqpQfm0p1oER9WBE6Vr5KUnINGthomCyY3bNhMO/_apis/connectionData?connectOptions=0&lastChangeId=4157443&lastChangeId64=4157443 failed (Socket Error: TimedOut). The operation will be retried in 13.12 seconds.
[2023-12-17 07:33:44Z INFO GitHubActionsService] Finished operation Location.GetConnectionData
[2023-12-17 07:33:44Z INFO MessageListener] Sleeping for 25.893 seconds before retrying.
[2023-12-17 07:35:00Z INFO Terminal] WRITE LINE: 2023-12-17 07:35:00Z: Runner reconnected.
[2023-12-17 07:41:42Z INFO RSAEncryptedFileKeyManager] Loading RSA key parameters from file C:\PowerShell\actions-runner\.credentials_rsaparams
[2023-12-17 07:41:44Z INFO GitHubActionsService] AAD Correlation ID for this token request: Unknown
[2023-12-17 07:46:45Z INFO MessageListener] No message retrieved from session '18f17926-da47-4d0c-9156-f08217eafee3' within last 30 minutes.
[2023-12-17 08:16:59Z INFO MessageListener] No message retrieved from session '18f17926-da47-4d0c-9156-f08217eafee3' within last 30 minutes.
[2023-12-17 08:37:04Z INFO RSAEncryptedFileKeyManager] Loading RSA key parameters from file C:\PowerShell\actions-runner\.credentials_rsaparams
[2023-12-17 08:37:05Z INFO GitHubActionsService] AAD Correlation ID for this token request: Unknown
[2023-12-17 08:47:09Z INFO MessageListener] No message retrieved from session '18f17926-da47-4d0c-9156-f08217eafee3' within last 30 minutes.
[2023-12-17 09:17:19Z INFO MessageListener] No message retrieved from session '18f17926-da47-4d0c-9156-f08217eafee3' within last 30 minutes.
[2023-12-17 09:32:23Z INFO RSAEncryptedFileKeyManager] Loading RSA key parameters from file C:\PowerShell\actions-runner\.credentials_rsaparams
[2023-12-17 09:32:23Z INFO GitHubActionsService] AAD Correlation ID for this token request: Unknown
[2023-12-17 09:47:29Z INFO MessageListener] No message retrieved from session '18f17926-da47-4d0c-9156-f08217eafee3' within last 30 minutes.
[2023-12-17 10:17:36Z INFO MessageListener] No message retrieved from session '18f17926-da47-4d0c-9156-f08217eafee3' within last 30 minutes.
[2023-12-17 10:27:39Z INFO RSAEncryptedFileKeyManager] Loading RSA key parameters from file C:\PowerShell\actions-runner\.credentials_rsaparams
[2023-12-17 10:27:40Z INFO GitHubActionsService] AAD Correlation ID for this token request: Unknown
[2023-12-17 10:47:44Z INFO MessageListener] No message retrieved from session '18f17926-da47-4d0c-9156-f08217eafee3' within last 30 minutes.
[2023-12-17 11:17:59Z INFO MessageListener] No message retrieved from session '18f17926-da47-4d0c-9156-f08217eafee3' within last 30 minutes.
[2023-12-17 11:23:03Z INFO RSAEncryptedFileKeyManager] Loading RSA key parameters from file C:\PowerShell\actions-runner\.credentials_rsaparams
[2023-12-17 11:23:04Z INFO GitHubActionsService] AAD Correlation ID for this token request: Unknown
[2023-12-17 11:48:16Z INFO MessageListener] No message retrieved from session '18f17926-da47-4d0c-9156-f08217eafee3' within last 30 minutes.
[2023-12-17 12:18:32Z INFO MessageListener] No message retrieved from session '18f17926-da47-4d0c-9156-f08217eafee3' within last 30 minutes.
[2023-12-17 12:18:32Z INFO RSAEncryptedFileKeyManager] Loading RSA key parameters from file C:\PowerShell\actions-runner\.credentials_rsaparams
[2023-12-17 12:18:38Z INFO GitHubActionsService] AAD Correlation ID for this token request: Unknown
[2023-12-17 12:18:38Z WARN GitHubActionsService] Retrieving an AAD auth token took a long time (6.019485 seconds)
[2023-12-17 12:24:40Z WARN GitHubActionsService] Attempt 1 of GET request to https://pipelinesghubeus25.actions.githubusercontent.com/iYYAtSsEqUweqpQfm0p1oER9WBE6Vr5KUnINGthomCyY3bNhMO/_apis/distributedtask/pools/1/messages?sessionId=18f17926-da47-4d0c-9156-f08217eafee3&status=Online&runnerVersion=2.311.0&os=Windows&architecture=X64 failed (Socket Error: ConnectionReset). The operation will be retried in 11.102 seconds.
[2023-12-17 12:33:38Z WARN GitHubActionsService] GET request to https://pipelinesghubeus25.actions.githubusercontent.com/iYYAtSsEqUweqpQfm0p1oER9WBE6Vr5KUnINGthomCyY3bNhMO/_apis/distributedtask/pools/1/messages?sessionId=18f17926-da47-4d0c-9156-f08217eafee3&status=Online&runnerVersion=2.311.0&os=Windows&architecture=X64 timed out after 60 seconds.
[2023-12-17 12:33:38Z ERR  MessageListener] Catch exception during get next message.
[2023-12-17 12:33:38Z ERR  MessageListener] System.TimeoutException: The HTTP request timed out after 00:01:00.
 ---> System.Threading.Tasks.TaskCanceledException: The operation was canceled.
 ---> System.IO.IOException: Unable to read data from the transport connection: The I/O operation has been aborted because of either a thread exit or an application request..
 ---> System.Net.Sockets.SocketException (995): The I/O operation has been aborted because of either a thread exit or an application request.
   --- End of inner exception stack trace ---
   at System.Net.Sockets.Socket.AwaitableSocketAsyncEventArgs.ThrowException(SocketError error, CancellationToken cancellationToken)
   at System.Net.Sockets.Socket.AwaitableSocketAsyncEventArgs.System.Threading.Tasks.Sources.IValueTaskSource<System.Int32>.GetResult(Int16 token)
   at System.Net.Security.SslStream.EnsureFullTlsFrameAsync[TIOAdapter](TIOAdapter adapter)
   at System.Net.Security.SslStream.ReadAsyncInternal[TIOAdapter](TIOAdapter adapter, Memory`1 buffer)
   at System.Net.Http.HttpConnection.SendAsyncCore(HttpRequestMessage request, Boolean async, CancellationToken cancellationToken)
   --- End of inner exception stack trace ---
   at System.Net.Http.HttpConnection.SendAsyncCore(HttpRequestMessage request, Boolean async, CancellationToken cancellationToken)
   at System.Net.Http.AuthenticationHelper.SendWithNtAuthAsync(HttpRequestMessage request, Uri authUri, Boolean async, ICredentials credentials, Boolean isProxyAuth, HttpConnection connection, HttpConnectionPool connectionPool, CancellationToken cancellationToken)
   at System.Net.Http.HttpConnectionPool.SendWithVersionDetectionAndRetryAsync(HttpRequestMessage request, Boolean async, Boolean doRequestAuth, CancellationToken cancellationToken)
   at System.Net.Http.AuthenticationHelper.SendWithAuthAsync(HttpRequestMessage request, Uri authUri, Boolean async, ICredentials credentials, Boolean preAuthenticate, Boolean isProxyAuth, Boolean doRequestAuth, HttpConnectionPool pool, CancellationToken cancellationToken)
   at System.Net.Http.DecompressionHandler.SendAsync(HttpRequestMessage request, Boolean async, CancellationToken cancellationToken)
   at GitHub.Services.Common.VssHttpMessageHandler.SendAsync(HttpRequestMessage request, CancellationToken cancellationToken)
   --- End of inner exception stack trace ---
   at GitHub.Services.Common.VssHttpMessageHandler.SendAsync(HttpRequestMessage request, CancellationToken cancellationToken)
   at GitHub.Services.Common.VssHttpRetryMessageHandler.SendAsync(HttpRequestMessage request, CancellationToken cancellationToken)
   at System.Net.Http.HttpClient.<SendAsync>g__Core|83_0(HttpRequestMessage request, HttpCompletionOption completionOption, CancellationTokenSource cts, Boolean disposeCts, CancellationTokenSource pendingRequestsCts, CancellationToken originalCancellationToken)
   at GitHub.Services.WebApi.VssHttpClientBase.SendAsync(HttpRequestMessage message, HttpCompletionOption completionOption, Object userState, CancellationToken cancellationToken)
   at GitHub.Services.WebApi.VssHttpClientBase.SendAsync[T](HttpRequestMessage message, Object userState, CancellationToken cancellationToken)
   at GitHub.Services.WebApi.VssHttpClientBase.SendAsync[T](HttpMethod method, IEnumerable`1 additionalHeaders, Guid locationId, Object routeValues, ApiResourceVersion version, HttpContent content, IEnumerable`1 queryParameters, Object userState, CancellationToken cancellationToken)
   at GitHub.Runner.Listener.MessageListener.GetNextMessageAsync(CancellationToken token)
[2023-12-17 12:33:38Z ERR  MessageListener] #####################################################
[2023-12-17 12:33:38Z ERR  MessageListener] System.Threading.Tasks.TaskCanceledException: The operation was canceled.
 ---> System.IO.IOException: Unable to read data from the transport connection: The I/O operation has been aborted because of either a thread exit or an application request..
 ---> System.Net.Sockets.SocketException (995): The I/O operation has been aborted because of either a thread exit or an application request.
   --- End of inner exception stack trace ---
   at System.Net.Sockets.Socket.AwaitableSocketAsyncEventArgs.ThrowException(SocketError error, CancellationToken cancellationToken)
   at System.Net.Sockets.Socket.AwaitableSocketAsyncEventArgs.System.Threading.Tasks.Sources.IValueTaskSource<System.Int32>.GetResult(Int16 token)
   at System.Net.Security.SslStream.EnsureFullTlsFrameAsync[TIOAdapter](TIOAdapter adapter)
   at System.Net.Security.SslStream.ReadAsyncInternal[TIOAdapter](TIOAdapter adapter, Memory`1 buffer)
   at System.Net.Http.HttpConnection.SendAsyncCore(HttpRequestMessage request, Boolean async, CancellationToken cancellationToken)
   --- End of inner exception stack trace ---
   at System.Net.Http.HttpConnection.SendAsyncCore(HttpRequestMessage request, Boolean async, CancellationToken cancellationToken)
   at System.Net.Http.AuthenticationHelper.SendWithNtAuthAsync(HttpRequestMessage request, Uri authUri, Boolean async, ICredentials credentials, Boolean isProxyAuth, HttpConnection connection, HttpConnectionPool connectionPool, CancellationToken cancellationToken)
   at System.Net.Http.HttpConnectionPool.SendWithVersionDetectionAndRetryAsync(HttpRequestMessage request, Boolean async, Boolean doRequestAuth, CancellationToken cancellationToken)
   at System.Net.Http.AuthenticationHelper.SendWithAuthAsync(HttpRequestMessage request, Uri authUri, Boolean async, ICredentials credentials, Boolean preAuthenticate, Boolean isProxyAuth, Boolean doRequestAuth, HttpConnectionPool pool, CancellationToken cancellationToken)
   at System.Net.Http.DecompressionHandler.SendAsync(HttpRequestMessage request, Boolean async, CancellationToken cancellationToken)
   at GitHub.Services.Common.VssHttpMessageHandler.SendAsync(HttpRequestMessage request, CancellationToken cancellationToken)
[2023-12-17 12:33:38Z ERR  MessageListener] #####################################################
[2023-12-17 12:33:38Z ERR  MessageListener] System.IO.IOException: Unable to read data from the transport connection: The I/O operation has been aborted because of either a thread exit or an application request..
 ---> System.Net.Sockets.SocketException (995): The I/O operation has been aborted because of either a thread exit or an application request.
   --- End of inner exception stack trace ---
   at System.Net.Sockets.Socket.AwaitableSocketAsyncEventArgs.ThrowException(SocketError error, CancellationToken cancellationToken)
   at System.Net.Sockets.Socket.AwaitableSocketAsyncEventArgs.System.Threading.Tasks.Sources.IValueTaskSource<System.Int32>.GetResult(Int16 token)
   at System.Net.Security.SslStream.EnsureFullTlsFrameAsync[TIOAdapter](TIOAdapter adapter)
   at System.Net.Security.SslStream.ReadAsyncInternal[TIOAdapter](TIOAdapter adapter, Memory`1 buffer)
   at System.Net.Http.HttpConnection.SendAsyncCore(HttpRequestMessage request, Boolean async, CancellationToken cancellationToken)
[2023-12-17 12:33:38Z ERR  MessageListener] #####################################################
[2023-12-17 12:33:38Z ERR  MessageListener] System.Net.Sockets.SocketException (995): The I/O operation has been aborted because of either a thread exit or an application request.
[2023-12-17 12:33:38Z INFO MessageListener] Retriable exception: The HTTP request timed out after 00:01:00.
[2023-12-17 12:33:38Z ERR  Terminal] WRITE ERROR: 2023-12-17 12:33:38Z: Runner connect error: The HTTP request timed out after 00:01:00.. Retrying until reconnected.
[2023-12-17 12:33:38Z INFO RunnerServer] Refresh MessageQueue VssConnection to get on a different AFD node.
[2023-12-17 12:33:38Z INFO RunnerServer] EstablishVssConnection
[2023-12-17 12:33:38Z INFO RunnerServer] Establish connection with 60 seconds timeout.
[2023-12-17 12:33:38Z INFO GitHubActionsService] Starting operation Location.GetConnectionData
[2023-12-17 12:33:41Z INFO GitHubActionsService] Finished operation Location.GetConnectionData
[2023-12-17 12:33:41Z INFO MessageListener] Sleeping for 28.273 seconds before retrying.
[2023-12-17 12:35:00Z INFO Terminal] WRITE LINE: 2023-12-17 12:35:00Z: Runner reconnected.
