[2023-12-12 06:45:23Z INFO HostContext] No proxy settings were found based on environmental variables (http_proxy/https_proxy/HTTP_PROXY/HTTPS_PROXY)
[2023-12-12 06:45:23Z INFO HostContext] Well known directory 'Bin': 'C:\PowerShell\actions-runner\bin'
[2023-12-12 06:45:23Z INFO HostContext] Well known directory 'Root': 'C:\PowerShell\actions-runner'
[2023-12-12 06:45:23Z INFO HostContext] Well known config file 'Credentials': 'C:\PowerShell\actions-runner\.credentials'
[2023-12-12 06:45:23Z INFO HostContext] Well known directory 'Bin': 'C:\PowerShell\actions-runner\bin'
[2023-12-12 06:45:23Z INFO HostContext] Well known directory 'Root': 'C:\PowerShell\actions-runner'
[2023-12-12 06:45:23Z INFO HostContext] Well known config file 'Runner': 'C:\PowerShell\actions-runner\.runner'
[2023-12-12 06:45:23Z INFO Listener] Runner is built for Windows (X64) - win-x64.
[2023-12-12 06:45:23Z INFO Listener] RuntimeInformation: Microsoft Windows 10.0.19045.
[2023-12-12 06:45:23Z INFO Listener] Version: 2.311.0
[2023-12-12 06:45:23Z INFO Listener] Commit: f5cff308c83746dddd726a9a28a1583872305aaa
[2023-12-12 06:45:23Z INFO Listener] Culture: en-US
[2023-12-12 06:45:23Z INFO Listener] UI Culture: en-US
[2023-12-12 06:45:23Z INFO HostContext] Well known directory 'Bin': 'C:\PowerShell\actions-runner\bin'
[2023-12-12 06:45:23Z INFO HostContext] Well known directory 'Root': 'C:\PowerShell\actions-runner'
[2023-12-12 06:45:23Z INFO Listener] Validating directory permissions for: 'C:\PowerShell\actions-runner'
[2023-12-12 06:45:23Z INFO CommandLineParser] Parse
[2023-12-12 06:45:23Z INFO CommandLineParser] Parsing 5 args
[2023-12-12 06:45:23Z INFO CommandLineParser] parsing argument
[2023-12-12 06:45:23Z INFO CommandLineParser] HasArgs: False
[2023-12-12 06:45:23Z INFO CommandLineParser] Adding Command: configure
[2023-12-12 06:45:23Z INFO CommandLineParser] parsing argument
[2023-12-12 06:45:23Z INFO CommandLineParser] HasArgs: True
[2023-12-12 06:45:23Z INFO CommandLineParser] arg: url
[2023-12-12 06:45:23Z INFO CommandLineParser] parsing argument
[2023-12-12 06:45:23Z INFO CommandLineParser] HasArgs: True
[2023-12-12 06:45:23Z INFO CommandLineParser] Adding option 'url': 'https://github.com/tannerpresscorp/PowerShell'
[2023-12-12 06:45:23Z INFO CommandLineParser] parsing argument
[2023-12-12 06:45:23Z INFO CommandLineParser] HasArgs: True
[2023-12-12 06:45:23Z INFO CommandLineParser] arg: token
[2023-12-12 06:45:23Z INFO CommandLineParser] parsing argument
[2023-12-12 06:45:23Z INFO CommandLineParser] HasArgs: True
[2023-12-12 06:45:23Z INFO CommandLineParser] Adding option 'token': '***'
[2023-12-12 06:45:23Z INFO Listener] Arguments parsed
[2023-12-12 06:45:24Z INFO Runner] ExecuteCommand
[2023-12-12 06:45:24Z INFO ConfigurationStore] currentAssemblyLocation: C:\PowerShell\actions-runner\bin\Runner.Listener.dll
[2023-12-12 06:45:24Z INFO HostContext] Well known directory 'Bin': 'C:\PowerShell\actions-runner\bin'
[2023-12-12 06:45:24Z INFO ConfigurationStore] binPath: C:\PowerShell\actions-runner\bin
[2023-12-12 06:45:24Z INFO HostContext] Well known directory 'Bin': 'C:\PowerShell\actions-runner\bin'
[2023-12-12 06:45:24Z INFO HostContext] Well known directory 'Root': 'C:\PowerShell\actions-runner'
[2023-12-12 06:45:24Z INFO ConfigurationStore] RootFolder: C:\PowerShell\actions-runner
[2023-12-12 06:45:24Z INFO HostContext] Well known directory 'Bin': 'C:\PowerShell\actions-runner\bin'
[2023-12-12 06:45:24Z INFO HostContext] Well known directory 'Root': 'C:\PowerShell\actions-runner'
[2023-12-12 06:45:24Z INFO HostContext] Well known config file 'Runner': 'C:\PowerShell\actions-runner\.runner'
[2023-12-12 06:45:24Z INFO ConfigurationStore] ConfigFilePath: C:\PowerShell\actions-runner\.runner
[2023-12-12 06:45:24Z INFO HostContext] Well known directory 'Bin': 'C:\PowerShell\actions-runner\bin'
[2023-12-12 06:45:24Z INFO HostContext] Well known directory 'Root': 'C:\PowerShell\actions-runner'
[2023-12-12 06:45:24Z INFO HostContext] Well known config file 'Credentials': 'C:\PowerShell\actions-runner\.credentials'
[2023-12-12 06:45:24Z INFO ConfigurationStore] CredFilePath: C:\PowerShell\actions-runner\.credentials
[2023-12-12 06:45:24Z INFO HostContext] Well known directory 'Bin': 'C:\PowerShell\actions-runner\bin'
[2023-12-12 06:45:24Z INFO HostContext] Well known directory 'Root': 'C:\PowerShell\actions-runner'
[2023-12-12 06:45:24Z INFO HostContext] Well known config file 'MigratedCredentials': 'C:\PowerShell\actions-runner\.credentials_migrated'
[2023-12-12 06:45:24Z INFO ConfigurationStore] MigratedCredFilePath: C:\PowerShell\actions-runner\.credentials_migrated
[2023-12-12 06:45:24Z INFO HostContext] Well known directory 'Bin': 'C:\PowerShell\actions-runner\bin'
[2023-12-12 06:45:24Z INFO HostContext] Well known directory 'Root': 'C:\PowerShell\actions-runner'
[2023-12-12 06:45:24Z INFO HostContext] Well known config file 'Service': 'C:\PowerShell\actions-runner\.service'
[2023-12-12 06:45:24Z INFO ConfigurationStore] ServiceConfigFilePath: C:\PowerShell\actions-runner\.service
[2023-12-12 06:45:24Z INFO CommandSettings] Flag 'help': 'False'
[2023-12-12 06:45:24Z INFO CommandSettings] Flag 'version': 'False'
[2023-12-12 06:45:24Z INFO CommandSettings] Flag 'commit': 'False'
[2023-12-12 06:45:24Z INFO CommandSettings] Flag 'check': 'False'
[2023-12-12 06:45:24Z INFO CommandSettings] Command 'configure': 'True'
[2023-12-12 06:45:24Z INFO Terminal] WRITE LINE: 
[2023-12-12 06:45:24Z INFO Terminal] WRITE LINE: --------------------------------------------------------------------------------
[2023-12-12 06:45:24Z INFO Terminal] WRITE LINE: |        ____ _ _   _   _       _          _        _   _                      |
[2023-12-12 06:45:24Z INFO Terminal] WRITE LINE: |       / ___(_) |_| | | |_   _| |__      / \   ___| |_(_) ___  _ __  ___      |
[2023-12-12 06:45:24Z INFO Terminal] WRITE LINE: |      | |  _| | __| |_| | | | | '_ \    / _ \ / __| __| |/ _ \| '_ \/ __|     |
[2023-12-12 06:45:24Z INFO Terminal] WRITE LINE: |      | |_| | | |_|  _  | |_| | |_) |  / ___ \ (__| |_| | (_) | | | \__ \     |
[2023-12-12 06:45:24Z INFO Terminal] WRITE LINE: |       \____|_|\__|_| |_|\__,_|_.__/  /_/   \_\___|\__|_|\___/|_| |_|___/     |
[2023-12-12 06:45:24Z INFO Terminal] WRITE LINE: |                                                                              |
[2023-12-12 06:45:24Z INFO Terminal] WRITE: |                       
[2023-12-12 06:45:24Z INFO Terminal] WRITE: Self-hosted runner registration
[2023-12-12 06:45:24Z INFO Terminal] WRITE LINE:                         |
[2023-12-12 06:45:24Z INFO Terminal] WRITE LINE: |                                                                              |
[2023-12-12 06:45:24Z INFO Terminal] WRITE LINE: --------------------------------------------------------------------------------
[2023-12-12 06:45:24Z INFO ConfigurationManager] ConfigureAsync
[2023-12-12 06:45:24Z INFO CommandSettings] Flag 'generateServiceConfig': 'False'
[2023-12-12 06:45:24Z INFO ConfigurationStore] IsConfigured()
[2023-12-12 06:45:24Z INFO ConfigurationStore] IsConfigured: False
[2023-12-12 06:45:24Z INFO ConfigurationManager] Is configured: False
[2023-12-12 06:45:24Z INFO CommandSettings] Arg 'url': 'https://github.com/tannerpresscorp/PowerShell'
[2023-12-12 06:45:24Z INFO CommandSettings] Remove url from Arg dictionary.
[2023-12-12 06:45:24Z INFO CommandSettings] Arg 'token': '***'
[2023-12-12 06:45:24Z INFO CommandSettings] Remove token from Arg dictionary.
[2023-12-12 06:45:26Z INFO ConfigurationManager] Http response code: OK from 'POST https://api.github.com/actions/runner-registration' (F0B1:3C5E:E8BC3C:1E52AAB:65780188)
[2023-12-12 06:45:26Z INFO ConfigurationManager] Using V2 flow: False
[2023-12-12 06:45:26Z INFO ConfigurationManager] cred retrieved via GitHub auth
[2023-12-12 06:45:26Z INFO RunnerServer] EstablishVssConnection
[2023-12-12 06:45:26Z INFO RunnerServer] Establish connection with 100 seconds timeout.
[2023-12-12 06:45:26Z INFO GitHubActionsService] Starting operation Location.GetConnectionData
[2023-12-12 06:45:26Z INFO RunnerServer] EstablishVssConnection
[2023-12-12 06:45:26Z INFO RunnerServer] Establish connection with 60 seconds timeout.
[2023-12-12 06:45:26Z INFO GitHubActionsService] Starting operation Location.GetConnectionData
[2023-12-12 06:45:26Z INFO RunnerServer] EstablishVssConnection
[2023-12-12 06:45:26Z INFO RunnerServer] Establish connection with 60 seconds timeout.
[2023-12-12 06:45:26Z INFO GitHubActionsService] Starting operation Location.GetConnectionData
[2023-12-12 06:45:27Z INFO GitHubActionsService] Finished operation Location.GetConnectionData
[2023-12-12 06:45:27Z INFO GitHubActionsService] Finished operation Location.GetConnectionData
[2023-12-12 06:45:27Z INFO GitHubActionsService] Finished operation Location.GetConnectionData
[2023-12-12 06:45:28Z INFO Terminal] WRITE LINE: 
[2023-12-12 06:45:28Z INFO ConfigurationManager] Test Connection complete.
[2023-12-12 06:45:28Z INFO HostContext] Well known directory 'Bin': 'C:\PowerShell\actions-runner\bin'
[2023-12-12 06:45:28Z INFO HostContext] Well known directory 'Root': 'C:\PowerShell\actions-runner'
[2023-12-12 06:45:28Z INFO HostContext] Well known config file 'RSACredentials': 'C:\PowerShell\actions-runner\.credentials_rsaparams'
[2023-12-12 06:45:28Z INFO RSAEncryptedFileKeyManager] Creating new RSA key using 2048-bit key length
[2023-12-12 06:45:28Z INFO RSAEncryptedFileKeyManager] Successfully saved RSA key parameters to file C:\PowerShell\actions-runner\.credentials_rsaparams
[2023-12-12 06:45:28Z INFO CommandSettings] Arg 'runnergroup': ''
[2023-12-12 06:45:28Z INFO CommandSettings] Flag 'unattended': 'False'
[2023-12-12 06:45:28Z INFO PromptManager] ReadValue
[2023-12-12 06:45:28Z INFO Terminal] WRITE: Enter the name of the runner group to add this runner to: 
[2023-12-12 06:45:28Z INFO Terminal] WRITE: [press Enter for Default] 
[2023-12-12 06:45:28Z INFO Terminal] READ LINE
[2023-12-12 06:45:33Z INFO Terminal] Read value: ''
[2023-12-12 06:45:33Z INFO PromptManager] Falling back to the default: 'Default'
[2023-12-12 06:45:33Z INFO Terminal] WRITE LINE: 
[2023-12-12 06:45:33Z INFO ConfigurationManager] Found a self-hosted runner group with id 1 and name Default
[2023-12-12 06:45:33Z INFO CommandSettings] Flag 'disableupdate': 'False'
[2023-12-12 06:45:33Z INFO CommandSettings] Flag 'ephemeral': 'False'
[2023-12-12 06:45:33Z INFO CommandSettings] Arg 'name': ''
[2023-12-12 06:45:33Z INFO CommandSettings] Flag 'unattended': 'False'
[2023-12-12 06:45:33Z INFO PromptManager] ReadValue
[2023-12-12 06:45:33Z INFO Terminal] WRITE: Enter the name of runner: 
[2023-12-12 06:45:33Z INFO Terminal] WRITE: [press Enter for 8QSMSZ2] 
[2023-12-12 06:45:33Z INFO Terminal] READ LINE
[2023-12-12 06:45:34Z INFO Terminal] Read value: ''
[2023-12-12 06:45:34Z INFO PromptManager] Falling back to the default: '8QSMSZ2'
[2023-12-12 06:45:34Z INFO Terminal] WRITE LINE: 
[2023-12-12 06:45:34Z INFO CommandSettings] Arg 'labels': ''
[2023-12-12 06:45:34Z INFO CommandSettings] Flag 'unattended': 'False'
[2023-12-12 06:45:34Z INFO PromptManager] ReadValue
[2023-12-12 06:45:34Z INFO Terminal] WRITE: This runner will have the following labels: 'self-hosted', 'Windows', 'X64' 
Enter any additional labels (ex. label-1,label-2): 
[2023-12-12 06:45:34Z INFO Terminal] WRITE: [press Enter to skip] 
[2023-12-12 06:45:34Z INFO Terminal] READ LINE
[2023-12-12 06:45:53Z INFO Terminal] Read value: 'self-hosted'
[2023-12-12 06:45:53Z INFO Terminal] WRITE LINE: 
[2023-12-12 06:45:54Z INFO CommandSettings] Flag 'disableupdate': 'False'
[2023-12-12 06:45:54Z INFO CommandSettings] Flag 'no-default-labels': 'False'
[2023-12-12 06:45:54Z INFO CommandSettings] Flag 'disableupdate': 'False'
[2023-12-12 06:45:54Z INFO CommandSettings] Flag 'ephemeral': 'False'
[2023-12-12 06:45:54Z INFO ConfigurationStore] Saving OAuth credential @ C:\PowerShell\actions-runner\.credentials
[2023-12-12 06:45:54Z INFO ConfigurationStore] Credentials Saved.
[2023-12-12 06:45:54Z INFO ConfigurationStore] HasCredentials()
[2023-12-12 06:45:54Z INFO ConfigurationStore] stored True
[2023-12-12 06:45:54Z INFO CredentialManager] GetCredentialProvider
[2023-12-12 06:45:54Z INFO CredentialManager] Creating type OAuth
[2023-12-12 06:45:54Z INFO CredentialManager] Creating credential type: OAuth
[2023-12-12 06:45:54Z INFO RSAEncryptedFileKeyManager] Loading RSA key parameters from file C:\PowerShell\actions-runner\.credentials_rsaparams
[2023-12-12 06:45:54Z INFO RunnerServer] EstablishVssConnection
[2023-12-12 06:45:54Z INFO RunnerServer] Establish connection with 100 seconds timeout.
[2023-12-12 06:45:54Z INFO GitHubActionsService] Starting operation Location.GetConnectionData
[2023-12-12 06:45:54Z INFO RunnerServer] EstablishVssConnection
[2023-12-12 06:45:54Z INFO RunnerServer] Establish connection with 60 seconds timeout.
[2023-12-12 06:45:54Z INFO GitHubActionsService] Starting operation Location.GetConnectionData
[2023-12-12 06:45:54Z INFO RunnerServer] EstablishVssConnection
[2023-12-12 06:45:54Z INFO RunnerServer] Establish connection with 60 seconds timeout.
[2023-12-12 06:45:54Z INFO GitHubActionsService] Starting operation Location.GetConnectionData
[2023-12-12 06:45:55Z INFO GitHubActionsService] Finished operation Location.GetConnectionData
[2023-12-12 06:45:55Z INFO GitHubActionsService] Finished operation Location.GetConnectionData
[2023-12-12 06:45:55Z INFO GitHubActionsService] Finished operation Location.GetConnectionData
[2023-12-12 06:45:55Z INFO RSAEncryptedFileKeyManager] Loading RSA key parameters from file C:\PowerShell\actions-runner\.credentials_rsaparams
[2023-12-12 06:45:55Z INFO RSAEncryptedFileKeyManager] Loading RSA key parameters from file C:\PowerShell\actions-runner\.credentials_rsaparams
[2023-12-12 06:46:17Z INFO GitHubActionsService] AAD Correlation ID for this token request: Unknown
[2023-12-12 06:46:17Z WARN GitHubActionsService] Retrieving an AAD auth token took a long time (21.7158964 seconds)
[2023-12-12 06:46:17Z INFO CommandSettings] Arg 'work': ''
[2023-12-12 06:46:17Z INFO CommandSettings] Flag 'unattended': 'False'
[2023-12-12 06:46:17Z INFO PromptManager] ReadValue
[2023-12-12 06:46:17Z INFO Terminal] WRITE: Enter name of work folder: 
[2023-12-12 06:46:17Z INFO Terminal] WRITE: [press Enter for _work] 
[2023-12-12 06:46:17Z INFO Terminal] READ LINE
[2023-12-12 06:46:41Z INFO Terminal] Read value: '_self-hosted'
[2023-12-12 06:46:41Z INFO ConfigurationStore] Saving runner settings.
[2023-12-12 06:46:41Z INFO ConfigurationStore] Settings Saved.
[2023-12-12 06:46:41Z INFO Terminal] WRITE LINE: 
[2023-12-12 06:46:41Z INFO Terminal] WRITE LINE: 
[2023-12-12 06:46:41Z INFO CommandSettings] Flag 'runasservice': 'False'
[2023-12-12 06:46:41Z INFO CommandSettings] Flag 'unattended': 'False'
[2023-12-12 06:46:41Z INFO PromptManager] ReadValue
[2023-12-12 06:46:41Z INFO Terminal] WRITE: Would you like to run the runner as service? (Y/N) 
[2023-12-12 06:46:41Z INFO Terminal] WRITE: [press Enter for N] 
[2023-12-12 06:46:41Z INFO Terminal] READ LINE
[2023-12-12 06:47:04Z INFO Terminal] Read value: 'Y'
[2023-12-12 06:47:04Z INFO ConfigurationManager] Configuring to run the agent as service
[2023-12-12 06:47:04Z INFO CommandSettings] Arg 'windowslogonaccount': ''
[2023-12-12 06:47:04Z INFO CommandSettings] Flag 'unattended': 'False'
[2023-12-12 06:47:04Z INFO PromptManager] ReadValue
[2023-12-12 06:47:04Z INFO Terminal] WRITE: User account to use for the service 
[2023-12-12 06:47:04Z INFO Terminal] WRITE: [press Enter for NT AUTHORITY\NETWORK SERVICE] 
[2023-12-12 06:47:04Z INFO Terminal] READ LINE
[2023-12-12 06:47:11Z INFO Terminal] Read value: ''
[2023-12-12 06:47:11Z INFO PromptManager] Falling back to the default: 'NT AUTHORITY\NETWORK SERVICE'
[2023-12-12 06:47:11Z INFO WindowsServiceControlManager] LogonAccount after transforming: NT AUTHORITY\NETWORK SERVICE, user: NETWORK SERVICE, domain: NT AUTHORITY
[2023-12-12 06:47:11Z INFO WindowsServiceControlManager] Service name 'actions.runner.tannerpresscorp-PowerShell.8QSMSZ2' display name 'GitHub Actions Runner (tannerpresscorp-PowerShell.8QSMSZ2)' will be used for service configuration.
[2023-12-12 06:47:11Z INFO WindowsServiceControlManager] Verifying if the account has LogonAsService permission
[2023-12-12 06:47:11Z INFO WindowsServiceControlManager] Account: NT AUTHORITY\NETWORK SERVICE already has Logon As Service Privilege.
[2023-12-12 06:47:11Z INFO WindowsServiceControlManager] Create local group and grant folder permission to service logon account.
[2023-12-12 06:47:11Z INFO HostContext] Well known directory 'Bin': 'C:\PowerShell\actions-runner\bin'
[2023-12-12 06:47:11Z INFO HostContext] Well known directory 'Root': 'C:\PowerShell\actions-runner'
[2023-12-12 06:47:11Z INFO ConfigurationStore] Read setting file: 315 chars
[2023-12-12 06:47:11Z INFO HostContext] Well known directory 'Bin': 'C:\PowerShell\actions-runner\bin'
[2023-12-12 06:47:11Z INFO HostContext] Well known directory 'Root': 'C:\PowerShell\actions-runner'
[2023-12-12 06:47:11Z INFO HostContext] Well known directory 'Work': 'C:\PowerShell\actions-runner\_self-hosted'
[2023-12-12 06:47:11Z INFO HostContext] Well known directory 'Bin': 'C:\PowerShell\actions-runner\bin'
[2023-12-12 06:47:11Z INFO NativeWindowsServiceHelper] Calculated unique group name GITHUB_ActionsRunner_G201c1
[2023-12-12 06:47:11Z INFO NativeWindowsServiceHelper] Trying to create group GITHUB_ActionsRunner_G201c1
[2023-12-12 06:47:11Z INFO NativeWindowsServiceHelper] Local Group 'GITHUB_ActionsRunner_G201c1' created
[2023-12-12 06:47:11Z INFO NativeWindowsServiceHelper] Trying to add userName NT AUTHORITY\NETWORK SERVICE to the group GITHUB_ActionsRunner_G201c1
[2023-12-12 06:47:11Z INFO NativeWindowsServiceHelper] Account 'NT AUTHORITY\NETWORK SERVICE' is added to local group 'GITHUB_ActionsRunner_G201c1'.
[2023-12-12 06:47:11Z INFO NativeWindowsServiceHelper] Set full access control to group for the folder C:\PowerShell\actions-runner
[2023-12-12 06:47:12Z INFO NativeWindowsServiceHelper] Set full access control to group for the folder C:\PowerShell\actions-runner\_self-hosted
[2023-12-12 06:47:12Z INFO NativeWindowsServiceHelper] Local group 'GITHUB_ActionsRunner_G201c1' already has full control to path 'C:\PowerShell\actions-runner\_self-hosted'.
[2023-12-12 06:47:12Z INFO Terminal] WRITE LINE: Granting file permissions to 'NT AUTHORITY\NETWORK SERVICE'.
[2023-12-12 06:47:12Z INFO HostContext] Well known directory 'Bin': 'C:\PowerShell\actions-runner\bin'
[2023-12-12 06:47:12Z INFO ProcessInvokerWrapper] Starting process:
[2023-12-12 06:47:12Z INFO ProcessInvokerWrapper]   File name: '"C:\PowerShell\actions-runner\bin\RunnerService.exe"'
[2023-12-12 06:47:12Z INFO ProcessInvokerWrapper]   Arguments: 'init'
[2023-12-12 06:47:12Z INFO ProcessInvokerWrapper]   Working directory: ''
[2023-12-12 06:47:12Z INFO ProcessInvokerWrapper]   Require exit code zero: 'True'
[2023-12-12 06:47:12Z INFO ProcessInvokerWrapper]   Encoding web name:  ; code page: ''
[2023-12-12 06:47:12Z INFO ProcessInvokerWrapper]   Force kill process on cancellation: 'False'
[2023-12-12 06:47:12Z INFO ProcessInvokerWrapper]   Redirected STDIN: 'False'
[2023-12-12 06:47:12Z INFO ProcessInvokerWrapper]   Persist current code page: 'False'
[2023-12-12 06:47:12Z INFO ProcessInvokerWrapper]   Keep redirected STDIN open: 'False'
[2023-12-12 06:47:12Z INFO ProcessInvokerWrapper]   High priority process: 'False'
[2023-12-12 06:47:12Z INFO ProcessInvokerWrapper] Process started with process id 22604, waiting for process exit.
[2023-12-12 06:47:12Z INFO ProcessInvokerWrapper] STDOUT/STDERR stream read finished.
[2023-12-12 06:47:12Z INFO ProcessInvokerWrapper] STDOUT/STDERR stream read finished.
[2023-12-12 06:47:12Z INFO ProcessInvokerWrapper] Finished process 22604 with exit code 0, and elapsed time 00:00:00.5051338.
[2023-12-12 06:47:12Z INFO Terminal] WRITE LINE: Service actions.runner.tannerpresscorp-PowerShell.8QSMSZ2 successfully installed
[2023-12-12 06:47:12Z INFO Terminal] WRITE LINE: Service actions.runner.tannerpresscorp-PowerShell.8QSMSZ2 successfully set recovery option
[2023-12-12 06:47:12Z INFO Terminal] WRITE LINE: Service actions.runner.tannerpresscorp-PowerShell.8QSMSZ2 successfully set to delayed auto start
[2023-12-12 06:47:12Z INFO Terminal] WRITE LINE: Service actions.runner.tannerpresscorp-PowerShell.8QSMSZ2 successfully configured
[2023-12-12 06:47:12Z INFO HostContext] Well known directory 'Bin': 'C:\PowerShell\actions-runner\bin'
[2023-12-12 06:47:12Z INFO HostContext] Well known directory 'Root': 'C:\PowerShell\actions-runner'
[2023-12-12 06:47:12Z INFO HostContext] Well known config file 'Service': 'C:\PowerShell\actions-runner\.service'
[2023-12-12 06:47:12Z INFO WindowsServiceControlManager] Configuration was successful, trying to start the service
[2023-12-12 06:47:12Z INFO Terminal] WRITE LINE: Waiting for service to start...
[2023-12-12 06:47:13Z INFO Terminal] WRITE LINE: Service actions.runner.tannerpresscorp-PowerShell.8QSMSZ2 started successfully
[2023-12-12 06:47:13Z INFO Listener] Runner execution has finished with return code 0
