[2023-12-13 05:50:31Z INFO HostContext] No proxy settings were found based on environmental variables (http_proxy/https_proxy/HTTP_PROXY/HTTPS_PROXY)
[2023-12-13 05:50:31Z INFO HostContext] Well known directory 'Bin': 'C:\PowerShell\actions-runner\bin'
[2023-12-13 05:50:31Z INFO HostContext] Well known directory 'Root': 'C:\PowerShell\actions-runner'
[2023-12-13 05:50:31Z INFO HostContext] Well known config file 'Credentials': 'C:\PowerShell\actions-runner\.credentials'
[2023-12-13 05:50:34Z INFO HostContext] Well known directory 'Bin': 'C:\PowerShell\actions-runner\bin'
[2023-12-13 05:50:34Z INFO HostContext] Well known directory 'Root': 'C:\PowerShell\actions-runner'
[2023-12-13 05:50:34Z INFO HostContext] Well known config file 'Runner': 'C:\PowerShell\actions-runner\.runner'
[2023-12-13 05:50:34Z INFO Listener] Runner is built for Windows (X64) - win-x64.
[2023-12-13 05:50:34Z INFO Listener] RuntimeInformation: Microsoft Windows 10.0.23601.
[2023-12-13 05:50:34Z INFO Listener] Version: 2.311.0
[2023-12-13 05:50:34Z INFO Listener] Commit: f5cff308c83746dddd726a9a28a1583872305aaa
[2023-12-13 05:50:34Z INFO Listener] Culture: en-US
[2023-12-13 05:50:34Z INFO Listener] UI Culture: en-US
[2023-12-13 05:50:34Z INFO HostContext] Well known directory 'Bin': 'C:\PowerShell\actions-runner\bin'
[2023-12-13 05:50:34Z INFO HostContext] Well known directory 'Root': 'C:\PowerShell\actions-runner'
[2023-12-13 05:50:34Z INFO Listener] Validating directory permissions for: 'C:\PowerShell\actions-runner'
[2023-12-13 05:50:34Z INFO CommandLineParser] Parse
[2023-12-13 05:50:34Z INFO CommandLineParser] Parsing 3 args
[2023-12-13 05:50:34Z INFO CommandLineParser] parsing argument
[2023-12-13 05:50:34Z INFO CommandLineParser] HasArgs: False
[2023-12-13 05:50:34Z INFO CommandLineParser] Adding Command: run
[2023-12-13 05:50:34Z INFO CommandLineParser] parsing argument
[2023-12-13 05:50:34Z INFO CommandLineParser] HasArgs: True
[2023-12-13 05:50:34Z INFO CommandLineParser] arg: startuptype
[2023-12-13 05:50:34Z INFO CommandLineParser] parsing argument
[2023-12-13 05:50:34Z INFO CommandLineParser] HasArgs: True
[2023-12-13 05:50:34Z INFO CommandLineParser] Adding option 'startuptype': 'service'
[2023-12-13 05:50:34Z INFO Listener] Arguments parsed
[2023-12-13 05:50:35Z INFO Runner] ExecuteCommand
[2023-12-13 05:50:35Z INFO ConfigurationStore] currentAssemblyLocation: C:\PowerShell\actions-runner\bin\Runner.Listener.dll
[2023-12-13 05:50:35Z INFO HostContext] Well known directory 'Bin': 'C:\PowerShell\actions-runner\bin'
[2023-12-13 05:50:35Z INFO ConfigurationStore] binPath: C:\PowerShell\actions-runner\bin
[2023-12-13 05:50:35Z INFO HostContext] Well known directory 'Bin': 'C:\PowerShell\actions-runner\bin'
[2023-12-13 05:50:35Z INFO HostContext] Well known directory 'Root': 'C:\PowerShell\actions-runner'
[2023-12-13 05:50:35Z INFO ConfigurationStore] RootFolder: C:\PowerShell\actions-runner
[2023-12-13 05:50:35Z INFO HostContext] Well known directory 'Bin': 'C:\PowerShell\actions-runner\bin'
[2023-12-13 05:50:35Z INFO HostContext] Well known directory 'Root': 'C:\PowerShell\actions-runner'
[2023-12-13 05:50:35Z INFO HostContext] Well known config file 'Runner': 'C:\PowerShell\actions-runner\.runner'
[2023-12-13 05:50:35Z INFO ConfigurationStore] ConfigFilePath: C:\PowerShell\actions-runner\.runner
[2023-12-13 05:50:35Z INFO HostContext] Well known directory 'Bin': 'C:\PowerShell\actions-runner\bin'
[2023-12-13 05:50:35Z INFO HostContext] Well known directory 'Root': 'C:\PowerShell\actions-runner'
[2023-12-13 05:50:35Z INFO HostContext] Well known config file 'Credentials': 'C:\PowerShell\actions-runner\.credentials'
[2023-12-13 05:50:35Z INFO ConfigurationStore] CredFilePath: C:\PowerShell\actions-runner\.credentials
[2023-12-13 05:50:35Z INFO HostContext] Well known directory 'Bin': 'C:\PowerShell\actions-runner\bin'
[2023-12-13 05:50:35Z INFO HostContext] Well known directory 'Root': 'C:\PowerShell\actions-runner'
[2023-12-13 05:50:35Z INFO HostContext] Well known config file 'MigratedCredentials': 'C:\PowerShell\actions-runner\.credentials_migrated'
[2023-12-13 05:50:35Z INFO ConfigurationStore] MigratedCredFilePath: C:\PowerShell\actions-runner\.credentials_migrated
[2023-12-13 05:50:35Z INFO HostContext] Well known directory 'Bin': 'C:\PowerShell\actions-runner\bin'
[2023-12-13 05:50:35Z INFO HostContext] Well known directory 'Root': 'C:\PowerShell\actions-runner'
[2023-12-13 05:50:35Z INFO HostContext] Well known config file 'Service': 'C:\PowerShell\actions-runner\.service'
[2023-12-13 05:50:35Z INFO ConfigurationStore] ServiceConfigFilePath: C:\PowerShell\actions-runner\.service
[2023-12-13 05:50:35Z INFO CommandSettings] Flag 'help': 'False'
[2023-12-13 05:50:35Z INFO CommandSettings] Flag 'version': 'False'
[2023-12-13 05:50:35Z INFO CommandSettings] Flag 'commit': 'False'
[2023-12-13 05:50:35Z INFO CommandSettings] Flag 'check': 'False'
[2023-12-13 05:50:35Z INFO CommandSettings] Command 'configure': 'False'
[2023-12-13 05:50:35Z INFO CommandSettings] Command 'remove': 'False'
[2023-12-13 05:50:35Z INFO CommandSettings] Command 'warmup': 'False'
[2023-12-13 05:50:35Z INFO ConfigurationManager] LoadSettings
[2023-12-13 05:50:35Z INFO ConfigurationStore] IsConfigured()
[2023-12-13 05:50:35Z INFO ConfigurationStore] IsConfigured: True
[2023-12-13 05:50:35Z INFO ConfigurationManager] Is configured: True
[2023-12-13 05:50:35Z INFO ConfigurationStore] Read setting file: 315 chars
[2023-12-13 05:50:35Z INFO ConfigurationManager] Settings Loaded
[2023-12-13 05:50:35Z INFO ConfigurationStore] IsServiceConfigured()
[2023-12-13 05:50:35Z INFO ConfigurationStore] IsServiceConfigured: True
[2023-12-13 05:50:35Z INFO CommandSettings] Command 'run': 'True'
[2023-12-13 05:50:35Z INFO ConfigurationStore] IsConfigured()
[2023-12-13 05:50:35Z INFO ConfigurationStore] IsConfigured: True
[2023-12-13 05:50:35Z INFO ConfigurationManager] Is configured: True
[2023-12-13 05:50:35Z INFO Runner] Set runner startup type - Service
[2023-12-13 05:50:35Z INFO CommandSettings] Flag 'once': 'False'
[2023-12-13 05:50:35Z INFO CommandSettings] Flag 'once': 'False'
[2023-12-13 05:50:35Z INFO Runner] RunAsync
[2023-12-13 05:50:35Z INFO ConfigurationManager] LoadSettings
[2023-12-13 05:50:35Z INFO ConfigurationStore] IsConfigured()
[2023-12-13 05:50:35Z INFO ConfigurationStore] IsConfigured: True
[2023-12-13 05:50:35Z INFO ConfigurationManager] Is configured: True
[2023-12-13 05:50:35Z INFO ConfigurationManager] Settings Loaded
[2023-12-13 05:50:35Z INFO MessageListener] {
  "AgentId": 2,
  "AgentName": "8QSMSZ2",
  "PoolId": 1,
  "PoolName": "Default",
  "ServerUrl": "https://pipelinesghubeus25.actions.githubusercontent.com/iYYAtSsEqUweqpQfm0p1oER9WBE6Vr5KUnINGthomCyY3bNhMO/",
  "GitHubUrl": "https://github.com/tannerpresscorp/PowerShell",
  "WorkFolder": "_self-hosted"
}
[2023-12-13 05:50:35Z INFO MessageListener] Loading Credentials
[2023-12-13 05:50:35Z INFO ConfigurationStore] HasCredentials()
[2023-12-13 05:50:35Z INFO ConfigurationStore] stored True
[2023-12-13 05:50:35Z INFO CredentialManager] GetCredentialProvider
[2023-12-13 05:50:35Z INFO CredentialManager] Creating type OAuth
[2023-12-13 05:50:35Z INFO CredentialManager] Creating credential type: OAuth
[2023-12-13 05:50:35Z INFO HostContext] Well known directory 'Bin': 'C:\PowerShell\actions-runner\bin'
[2023-12-13 05:50:35Z INFO HostContext] Well known directory 'Root': 'C:\PowerShell\actions-runner'
[2023-12-13 05:50:35Z INFO HostContext] Well known config file 'RSACredentials': 'C:\PowerShell\actions-runner\.credentials_rsaparams'
[2023-12-13 05:50:35Z INFO RSAEncryptedFileKeyManager] Loading RSA key parameters from file C:\PowerShell\actions-runner\.credentials_rsaparams
[2023-12-13 05:50:35Z INFO MessageListener] Attempt to create session.
[2023-12-13 05:50:35Z INFO MessageListener] Connecting to the Runner Server...
[2023-12-13 05:50:35Z INFO RunnerServer] EstablishVssConnection
[2023-12-13 05:50:35Z INFO RunnerServer] Establish connection with 100 seconds timeout.
[2023-12-13 05:50:36Z INFO GitHubActionsService] Starting operation Location.GetConnectionData
[2023-12-13 05:50:36Z INFO RunnerServer] EstablishVssConnection
[2023-12-13 05:50:36Z INFO RunnerServer] Establish connection with 60 seconds timeout.
[2023-12-13 05:50:37Z INFO GitHubActionsService] Starting operation Location.GetConnectionData
[2023-12-13 05:50:37Z INFO RunnerServer] EstablishVssConnection
[2023-12-13 05:50:37Z INFO RunnerServer] Establish connection with 60 seconds timeout.
[2023-12-13 05:50:37Z INFO GitHubActionsService] Starting operation Location.GetConnectionData
[2023-12-13 05:50:40Z INFO GitHubActionsService] Finished operation Location.GetConnectionData
[2023-12-13 05:50:40Z INFO GitHubActionsService] Finished operation Location.GetConnectionData
[2023-12-13 05:50:40Z INFO GitHubActionsService] Finished operation Location.GetConnectionData
[2023-12-13 05:50:41Z INFO MessageListener] VssConnection created
[2023-12-13 05:50:41Z INFO Terminal] WRITE LINE: 
[2023-12-13 05:50:41Z INFO Terminal] WRITE LINE: 
[2023-12-13 05:50:41Z INFO RSAEncryptedFileKeyManager] Loading RSA key parameters from file C:\PowerShell\actions-runner\.credentials_rsaparams
[2023-12-13 05:50:41Z INFO RSAEncryptedFileKeyManager] Loading RSA key parameters from file C:\PowerShell\actions-runner\.credentials_rsaparams
[2023-12-13 05:50:42Z INFO GitHubActionsService] AAD Correlation ID for this token request: Unknown
[2023-12-13 05:50:42Z INFO MessageListener] Session created.
[2023-12-13 05:50:42Z INFO Terminal] WRITE LINE: Current runner version: '2.311.0'
[2023-12-13 05:50:42Z INFO Terminal] WRITE LINE: 2023-12-13 05:50:42Z: Listening for Jobs
[2023-12-13 05:50:42Z INFO JobDispatcher] Set runner/worker IPC timeout to 30 seconds.
[2023-12-13 06:02:18Z INFO HostContext] Runner will be shutdown for UserCancelled
[2023-12-13 06:02:18Z WARN GitHubActionsService] GET request to https://pipelinesghubeus25.actions.githubusercontent.com/iYYAtSsEqUweqpQfm0p1oER9WBE6Vr5KUnINGthomCyY3bNhMO/_apis/distributedtask/pools/1/messages?sessionId=98d87bb1-91ee-4f5c-a561-001861d22af7&status=Online&runnerVersion=2.311.0&os=Windows&architecture=X64 has been cancelled.
[2023-12-13 06:02:18Z INFO MessageListener] Get next message has been cancelled.
[2023-12-13 06:02:18Z INFO JobDispatcher] Shutting down JobDispatcher. Make sure all WorkerDispatcher has finished.
[2023-12-13 06:02:18Z INFO Listener] Runner execution been cancelled.
